"tangential_main-rfile"
"Iteration" "tangential_main"
("Iteration" "tangential_main")
1 -6.44383629500096
2 19.32294786117709
3 132.3442864924434
4 107.9153082279601
5 80.31877361015086
6 67.20163364973222
7 57.87747439098879
8 55.21108699016324
9 55.34228591126615
10 54.90000408761732
11 54.62410879165996
12 55.57805892848246
13 55.73801457866644
14 57.62583625680332
15 58.31301680562708
16 59.43519746307221
17 60.95025815663913
18 66.47942456178374
19 67.23916728123351
20 68.18449691230873
21 71.30593608061685
22 71.69676609042415
23 72.18681211673122
24 74.58450448219955
25 74.84151759356261
26 75.41978957884741
27 78.68088175667715
28 79.24524495458164
29 80.36655551352248
30 82.01270945112712
31 88.35273573421975
32 89.26062400433183
33 90.71585554463201
34 92.57843924887956
35 94.74413897827939
36 101.3756978618893
37 102.352056957564
38 103.451869313945
39 104.5734676165775
40 108.1619179960454
41 108.5793376748912
42 109.1139229128463
43 109.7481054432834
44 110.4628498007941
45 111.2943975335897
46 114.7830944760724
47 115.3361077967204
48 116.0665681125395
49 116.9384403669169
50 117.8931364568433
51 118.8958361902085
52 123.240610497437
53 123.868697395494
54 124.4934469548955
55 125.0286127294261
56 125.4809549493612
57 125.856041594011
58 127.586125346433
59 128.013481991789
60 128.5763391978026
61 129.2724224354061
62 130.0765880043096
63 134.319297288079
64 134.7642206584068
65 135.1759852682286
66 135.5601095557143
67 137.3905223466083
68 137.7470172098792
69 138.175538797013
70 138.6876182295903
71 139.307159811501
72 143.0304162653252
73 143.3436964596884
74 143.6781948967855
75 144.0088772755012
76 144.3970598759161
77 147.100897173487
78 147.5036202123674
79 147.939885780283
80 148.4306008534075
81 150.7537250098672
82 150.8898472165435
83 150.9688664873025
84 151.0290294867045
85 151.0784218959745
86 151.6826136492423
87 151.6963172031665
88 151.6681816829146
89 151.60727861307
90 151.3237703256517
91 151.1227508662489
92 150.8335221661802
93 150.504398886728
94 148.6068458877756
95 148.359947586975
96 148.0805335400859
97 147.8050791863359
98 145.9330876361417
99 145.6819956280832
100 145.4210875448264
101 145.2024798197354
102 144.993509259878
103 143.9580335559284
104 143.7815272365239
105 143.621101244586
106 143.5169662225965
107 143.4362479125218
108 143.1320958813588
109 143.0918436031291
110 143.0881687168279
111 143.1157067393235
112 143.1750661246668
113 143.2548167086751
114 143.1912714856454
115 143.1084531194653
116 143.0024321293947
117 142.8649300203904
118 141.9367377988642
119 141.8445668481289
120 141.7716518570084
121 141.7207859756896
122 141.6779470251415
123 141.2943674239465
124 141.2254420092123
125 141.1526537015816
126 141.0560452463183
127 140.9271056686592
128 140.1096390714411
129 140.0646933225991
130 140.0284154010243
131 139.9816379440926
132 139.8960443191696
133 139.0996325993057
134 138.9792812512178
135 138.8333616614473
136 138.651068951905
137 138.4375607567646
138 137.3493460192451
139 137.305662771518
140 137.2790222769056
141 137.2645010659266
142 136.9696808435473
143 136.9091244649177
144 136.7980011341569
145 136.6254057312409
146 135.5662900333205
147 135.4904732261605
148 135.4062964161349
149 135.2875620236688
150 134.535388714078
151 134.461784223203
152 134.3541285553435
153 134.2114067776712
154 133.4175271545417
155 133.3525278011239
156 133.2614346677689
157 133.1300984967482
158 132.3784691867215
159 132.309858348667
160 132.2025919481703
161 132.0454373365926
162 131.1815577592393
163 131.0994121992346
164 130.9864371809772
165 130.8202413886195
166 129.9702813495997
167 129.8856622317551
168 129.7637661872145
169 129.5964338924602
170 128.7222903643216
171 128.631514388784
172 128.4905884391007
173 128.3065791427284
174 127.3228271845151
175 127.2172933361483
176 127.0701590199404
177 126.8735829850925
178 125.8545627072116
179 125.7463023858296
180 125.5926206169096
181 124.7543413048191
182 124.6362624561413
183 124.4605182507677
184 123.5940226530499
185 123.4524881896552
186 123.2471502579726
187 122.1901935987231
188 122.0416843368911
189 121.8432681474751
190 120.8128317569107
191 120.656436439443
192 120.4386645353916
193 119.3874694039131
194 119.2276545631249
195 119.0144100310432
196 117.9757089054811
197 117.8140479201453
198 117.5951624426389
199 116.5530689909731
200 116.4015292880642
201 116.1957940602044
202 115.1998451793595
203 115.0545556558427
204 114.8478105838666
205 113.9207719936344
206 113.7836137717907
207 113.0988148229096
208 112.9917515728433
209 112.4940978632654
210 112.385967946167
211 111.8367326639738
212 111.7320710784101
213 111.1673617882788
214 111.0572595612285
215 110.4965352227489
216 110.3846514934958
217 109.8172211175412
218 109.7087679048904
219 109.1928608743337
220 109.076053114813
221 108.4996821961752
222 108.3819364598829
223 107.7691894765192
224 107.6371416129662
225 106.9848152578022
226 106.8523259087042
227 106.1936175970274
228 106.0564745354197
229 105.3877081553961
230 105.2451482425141
231 104.5347321516025
232 104.3842777056321
233 103.632682799743
234 103.4791809708779
235 102.6974359231166
236 102.5433587625314
237 101.7697890572998
238 101.6191043574675
239 100.8827526193144
240 100.7324516291211
241 100.0236570800027
242 99.87768007280997
243 99.1766271242639
244 99.03196601830228
245 98.3289671741276
246 98.1766713941367
247 97.43512192298397
248 97.28486807696888
249 96.54135571022628
250 96.39224339005742
251 95.65751385071781
252 95.51067623966442
253 94.79752294726488
254 94.64934430113762
255 93.91696246617168
256 93.76358602202535
257 93.01365989083142
258 92.85714690142372
259 92.08236740560746
260 91.92411179553372
261 91.14520341504598
262 90.98781427310348
263 90.21453839474944
264 90.05980934825128
265 89.30336328089464
266 89.1497380306532
267 88.38519340167072
268 88.22887738568858
269 87.45870092186324
270 87.30203026851188
271 86.53437702418069
272 86.37710940068311
273 85.60652248064449
274 85.45038184258408
275 84.69417562455799
276 84.54026671780329
277 83.79005070944105
278 83.6369537954978
279 82.90228069053838
280 82.74890639794941
281 82.00756048042103
282 81.85222900095005
283 81.1150556173357
284 80.95917212944579
285 80.22442657766078
286 80.06880077522801
287 79.33594928184135
288 79.18045737397493
289 78.44094446933227
290 78.29037289774384
291 77.56509737434216
292 77.4166727606288
293 76.68672678879604
294 76.54150138608952
295 75.83187049566973
296 75.68266571340105
297 74.9425010206201
298 74.79365125718427
299 74.0530199979798
300 73.90648388892883
301 73.16420349437753
302 73.0237136103826
303 72.29842191874856
304 72.15902959302946
305 71.42169999115858
306 71.28533178997324
307 70.57855545945168
308 70.43198386754098
309 69.6867807548456
310 69.54254967762753
311 68.80883451235064
312 68.66477469375597
313 67.94319335187765
314 67.79520380234943
315 67.06997637368052
316 66.9215250621524
317 66.20936942461725
318 66.05873910250938
319 65.34926706635416
320 65.19617774209101
321 64.47578709046834
322 64.32346321042884
323 63.60870943978128
324 63.45834845402876
325 62.76473735635615
326 62.61468457251295
327 61.92275471554814
328 61.76927977230081
329 61.07395874066933
330 60.92144186535426
331 60.23321797087448
332 60.07813277537839
333 59.39582303333816
334 59.23858899014775
335 58.5496756924307
336 58.3963646732015
337 57.7218580198484
338 57.56966549303048
339 56.89614316727137
340 56.74645678660598
341 56.08386797497423
342 55.93379816197203
343 55.26687088473172
344 55.11855668146954
345 54.45606084492013
346 54.30948486678354
347 53.64661392379092
348 53.50360026440976
349 52.84511122499613
350 52.70406882720282
351 52.05066464861801
352 51.9114293601151
353 51.26556952146872
354 51.12697802597808
355 50.47505708465212
356 50.34085809377158
357 49.69642620915579
358 49.56735332348453
359 48.93896567214276
360 48.8077904782668
361 48.17344392374992
362 48.0434071617815
363 47.41319946205962
364 47.28412231482751
365 46.65464596822437
366 46.52659112302348
367 45.90804502211557
368 45.78134189489595
369 45.17467425047226
370 45.04784735898598
371 44.44369737326762
372 44.31655111067549
373 43.71511142145718
374 43.5889779709756
375 42.98524659064191
376 42.86175001835603
377 42.27236213928837
378 42.14989015209974
379 41.58351476389456
380 41.45806246939417
381 40.87029472089883
382 40.74785248928813
383 40.18316335656176
384 40.06014299862047
385 39.49593997497192
386 39.37325484365452
387 38.81690131178153
388 38.69452751474753
389 38.16238076891748
390 38.03142690829039
391 37.46855782923682
392 37.34141061374026
393 36.79714911461679
394 36.67516709446847
395 36.13030412020024
396 36.01518776864364
397 35.47761779601849
398 35.37027580189792
399 34.83980699965602
400 34.73708048519437
401 34.21056068857636
402 34.11109095749698
403 33.58354877177816
404 33.48792944038659
405 32.97527743247063
406 32.87810743751342
407 32.38007246631275
408 32.27647078700579
409 31.75312952621604
410 31.65146864510644
411 31.14802133803001
412 31.04682198284969
413 30.54832647990572
414 30.45103151228168
415 29.97317168695231
416 29.87389363877184
417 29.39353158322058
418 29.29519351061148
419 28.82783661172354
420 28.72728633336268
421 28.25086880228349
422 28.1544741787031
423 27.69207905864577
424 27.59796321682022
425 27.14728118365604
426 27.05464546875609
427 26.60064990344593
428 26.51074847472285
429 26.06177486418898
430 25.97573762451352
431 25.54215486702036
432 25.45654883711112
433 25.02516574903092
434 24.94084564251215
435 24.5088603268421
436 24.42721577012446
437 24.00406604626496
438 23.92475209504892
439 23.51022181499419
440 23.43248941373687
441 23.02244790111975
442 22.94597098409874
443 22.54058315160074
444 22.46566250592454
445 22.06657618804082
446 21.99287496015063
447 21.59955553361734
448 21.52739843297718
449 21.14049854028704
450 21.06876785279948
451 20.68961944898905
452 20.61772506886207
453 20.2424921177675
454 20.17126636873725
455 19.80156959188936
456 19.73103108591309
457 19.36712272594089
458 19.29769807001101
459 18.93979012387139
460 18.87132397648557
461 18.51683892996821
462 18.44963964045923
463 18.10131086407425
464 18.0347179629246
465 17.69176644088986
466 17.62606522301676
467 17.28837972513136
468 17.22324493062498
469 16.88916454473388
470 16.82521983389021
471 16.49607354870356
472 16.43369261402457
473 16.10746727187878
474 16.04680949651198
475 15.94735450757805
476 15.51710723783525
477 15.44894909695689
478 15.09831582499612
479 15.04611850507184
480 14.96192867516315
481 14.60552732381172
482 14.54246227020589
483 14.22145697034346
484 14.16954390005978
485 14.08513584942142
486 13.71699113773357
487 13.65627779394897
488 13.34090037103295
489 13.2921659917793
490 13.2132830683935
491 12.87168799976734
492 12.81363612558644
493 12.51282701065409
494 12.46525373648357
495 12.38794725728443
496 12.05265825739813
497 11.9958756144705
498 11.70492604114624
499 11.65958698159594
500 11.58631960836465
501 11.27227507658143
502 11.2179886764623
503 10.94300986308834
504 10.8991400024838
505 10.82870958079505
506 10.52436133234136
507 10.47216687674995
508 10.20476441975367
509 10.16279394432582
510 10.09528084694287
511 9.80609191190471
512 9.756040370291933
513 9.500715590864335
514 9.460380103747509
515 9.395570100418867
516 9.119374944921692
517 9.070964217955181
518 8.824839723716629
519 8.785889383042864
520 8.723717415795013
521 8.458566108743151
522 8.412002053178158
523 8.176507760629484
524 8.139041170479
525 8.07949887161976
526 7.82681040839566
527 7.781676128944802
528 7.554087035176294
529 7.518086415870165
530 7.460957203553457
531 7.215788321028924
532 7.173322422228728
533 6.956749723513321
534 6.922605608866439
535 6.868419581116276
536 6.635915121318627
537 6.594929372843642
538 6.386667687663936
539 6.353860294022903
540 6.301840708976393
541 6.077826424671336
542 6.038676868562941
543 5.83929804444622
544 5.808057153738251
545 5.758487551965976
546 5.546375064289008
547 5.508926288021761
548 5.318952641793802
549 5.288949137841174
550 5.13595022475852
551 5.105950677114683
552 4.952438950152441
553 4.921115365638658
554 4.75679977530173
555 4.725408724536908
556 4.560081365658274
557 4.529219645580851
558 4.369332887333596
559 4.33920045016623
560 4.184772199250622
561 4.155315216462589
562 4.004255130728694
563 3.975210066666029
564 3.826389808910085
565 3.797977320869926
566 3.651404630215817
567 3.623634671041598
568 3.480792866284185
569 3.453738152346573
570 3.314123181735507
571 3.287494899987789
572 3.150002538387024
573 3.123727451754808
574 2.987719836490526
575 2.962031135245951
576 2.828839021521338
577 2.803690430520292
578 2.673532684466982
579 2.649027753159911
580 2.521379562232661
581 2.497190653088519
582 2.371639704187101
583 2.34785006227938
584 2.224849053402278
585 2.201612295461035
586 2.081379883104022
587 2.058734564509519
588 1.941012167632589
589 1.918755628565511
590 1.80280777949507
591 1.780936646075034
592 1.666615962102668
593 1.645073353548922
594 1.533747068800581
595 1.512683214257598
596 1.404315792670794
597 1.383709906041805
598 1.277621844326681
599 1.257378379689287
600 1.152905666352905
601 1.133155970753488
602 1.030043660421924
603 1.010686127012353
604 0.9104625412450457
605 0.8916548611558446
606 0.7936054958765834
607 0.7751510920309408
608 0.6793568033605142
609 0.661265599473332
610 0.5670794409701641
611 0.5493111933502616
612 0.4563742227123491
613 0.4390464969069829
614 0.3490424770125106
615 0.3321461464093783
616 0.2442817797713595
617 0.2277747171574565
618 0.1414121587249798
619 0.1251913742584599
620 0.04041142469915981
621 0.02453107190318483
622 -0.05830977881815044
623 -0.07392740948656024
624 -0.1543864138088382
625 -0.1696665068016303
626 -0.2484907700798684
627 -0.2633809466990514
628 -0.3415147243373935
629 -0.3560387697360394
630 -0.4317181986517215
631 -0.4458223222677741
632 -0.5194607073275559
633 -0.5332740824666106
634 -0.6049485788519755
635 -0.6185946693073596
636 -0.6895931889953357
637 -0.7028491905002788
638 -0.7721215675068398
639 -0.7850757028801361
640 -0.8524937618488652
641 -0.8650921362643247
642 -0.9312165803816381
643 -0.943551081409473
644 -1.007419055619905
645 -1.019542443901008
646 -1.08251629941335
647 -1.094330259795945
648 -1.155515292542725
649 -1.167074801751956
650 -1.227109260666347
651 -1.238342101104592
652 -1.296721861325796
653 -1.307651733823634
654 -1.364944147749967
655 -1.375598520727304
656 -1.431071729775313
657 -1.44147546659697
658 -1.495903027458235
659 -1.506024788338189
660 -1.559225132986692
661 -1.56905387176275
662 -1.620534532545447
663 -1.63014425286216
664 -1.680398515446904
665 -1.689819777116121
666 -1.739160123315039
667 -1.748301815048547
668 -1.796190961452223
669 -1.805064478842271
670 -1.851924294770847
671 -1.8605875637172
672 -1.906027123429313
673 -1.914478590334521
674 -1.958912424417086
675 -1.967096233007456
676 -2.010151965658563
677 -2.018178786725276
678 -2.060285304601631
679 -2.068014567841103
680 -2.108876501264823
681 -2.116441293886889
682 -2.156380045852662
683 -2.163687223608488
684 -2.20252444036793
685 -2.209697998929701
686 -2.247623827885727
687 -2.254634222994426
688 -2.291591942324589
689 -2.298417516275043
690 -2.334243589535141
691 -2.340738968194646
692 -2.375571010325893
693 -2.381881183199547
694 -2.415629021024572
695 -2.421804594274142
696 -2.454633813177883
697 -2.460677443663139
698 -2.492940844971506
699 -2.498851638276468
700 -2.53006986127064
701 -2.535765864559521
702 -2.566141936391574
703 -2.571668439312369
704 -2.600825583490812
705 -2.606209296695821
706 -2.634876652812704
707 -2.640087545143925
708 -2.667961332235739
709 -2.672967173632096
710 -2.699943750484331
711 -2.704783433876166
712 -2.731020796439389
713 -2.735725605127578
714 -2.761114621983908
715 -2.765719475700477
716 -2.790518374510158
717 -2.794977292817054
718 -2.819420833725226
719 -2.82369972319301
720 -2.846673549672814
721 -2.850826593622673
722 -2.873551205032301
723 -2.877580198458712
724 -2.899470171789766
725 -2.903361424186805
726 -2.924768801105728
727 -2.928562534185041
728 -2.949426653796045
729 -2.953067305273933
730 -2.973184196887675
731 -2.97663458943651
732 -2.996104821385793
733 -2.999433175976017
734 -3.018173112365222
735 -3.021463773735563
736 -3.039927555819984
737 -3.043144119536263
738 -3.061186223818709
739 -3.064251973159424
740 -3.08132486320668
741 -3.084276218496863
742 -3.100908074348878
743 -3.103751337452465
744 -3.119801520776157
745 -3.122565149765523
746 -3.138358433840007
747 -3.141041544908101
748 -3.156419224013696
749 -3.158939880406798
750 -3.173764854526925
751 -3.176160664179876
752 -3.190167611219331
753 -3.192503516089866
754 -3.206354348073869
755 -3.208607261229249
756 -3.222047220207862
757 -3.224263111723133
758 -3.237154519170163
759 -3.239270162698959
760 -3.251866942922506
761 -3.253869153243033
762 -3.265990197644721
763 -3.267894870392041
764 -3.279552548885268
765 -3.281343531774959
766 -3.292482413095469
767 -3.294266478750538
768 -3.305290444378994
769 -3.30701220287923
770 -3.317614626159474
771 -3.319232750109076
772 -3.329434427371372
773 -3.330985993184037
774 -3.340926553532082
775 -3.342392981559794
776 -3.351924438131296
777 -3.353306482104261
778 -3.36254107966956
779 -3.363817623129164
780 -3.372430046578833
781 -3.373708881015958
782 -3.382194821686791
783 -3.383403788460545
784 -3.39168602728861
785 -3.392801025661615
786 -3.400792733819314
787 -3.401862733386813
788 -3.40953605034841
789 -3.410510346141027
790 -3.41785240543494
791 -3.418779793107201
792 -3.425924600341173
793 -3.426812101844662
794 -3.433698860888815
795 -3.434522947550396
796 -3.441050538246287
797 -3.441841182328189
798 -3.448116254106991
799 -3.448821019398214
800 -3.454858284932819
801 -3.455526795124525
802 -3.461431766031237
803 -3.462040331006115
804 -3.467723019166981
805 -3.4683105806019
806 -3.473805692293506
807 -3.474320041321919
808 -3.479458259455953
809 -3.4833790846332
810 -3.485537846096826
811 -3.486948818723258
812 -3.488363887147055
813 -3.490261622562842
814 -3.492687441803541
815 -3.495555056542169
816 -3.498377688480367
817 -3.50105972285806
818 -3.503445034703582
819 -3.50560308944055
820 -3.507670257741414
821 -3.509658758350283
822 -3.511567583446301
823 -3.513502551306456
824 -3.515503734684826
825 -3.517464142106736
826 -3.519406908406372
827 -3.521238745446371
828 -3.52293635834991
829 -3.524554237122782
830 -3.526161384481119
831 -3.527759764978932
832 -3.529339250651527
833 -3.53088759404298
834 -3.532391959774638
835 -3.533850899321429
836 -3.535283582797855
837 -3.536653102403471
838 -3.537949770328437
839 -3.539129634959901
840 -3.540318323097006
841 -3.541539334971872
842 -3.542723673096139
843 -3.543909990798763
844 -3.545022688460692
845 -3.546096057356968
846 -3.547111132051487
847 -3.548054185713924
848 -3.548969535845578
849 -3.549881898858073
850 -3.550781009290099
851 -3.551637624809158
852 -3.552503362569804
853 -3.553330081230192
854 -3.554104602758615
855 -3.554816205989729
856 -3.555475527789215
857 -3.55610329256229
858 -3.556716573038289
859 -3.55733057590749
860 -3.557959485123173
861 -3.558560397456886
862 -3.559101920017696
863 -3.559616620970732
864 -3.560107566096859
865 -3.560600735998988
866 -3.561077698274191
867 -3.561477388046108
868 -3.561802172719608
869 -3.562152628395895
870 -3.562507154726027
871 -3.562846743840493
872 -3.563184411712638
873 -3.563454945153027
874 -3.563738488859526
875 -3.563982723920586
876 -3.564186202286528
877 -3.564357951693535
878 -3.564542356140219
879 -3.564685976582088
880 -3.564857558329141
881 -3.565012117630613
882 -3.565111627575126
883 -3.565213175621967
884 -3.565276615580116
885 -3.56531580230005
886 -3.565340950799202
887 -3.565382512170992
888 -3.565425111309042
889 -3.565418468581019
890 -3.565416431777598
891 -3.565368148864499
892 -3.565315684671846
893 -3.565262488258723
894 -3.565164381233441
895 -3.565025851951962
896 -3.564924313837024
897 -3.564814617894884
898 -3.564712082620331
899 -3.564594730339169
900 -3.564433479609468
901 -3.564237444571148
902 -3.564037650651551
903 -3.563822309534114
904 -3.56362069755627
905 -3.563409079241465
906 -3.563171911919978
907 -3.562942866092448
908 -3.562691393958825
909 -3.562405827284196
910 -3.562151548629975
911 -3.561863233392087
912 -3.561573021763228
913 -3.561291198197666
914 -3.560979323284678
915 -3.560644812813575
916 -3.560276116986966
917 -3.559920380593502
918 -3.559590060263258
919 -3.55925085367002
920 -3.558875263037951
921 -3.558517888347148
922 -3.558138446424825
923 -3.557730875738347
924 -3.557318047586244
925 -3.556902009010959
926 -3.556475699147979
927 -3.556060469073164
928 -3.555631473205882
929 -3.555191615223304
930 -3.554735670473801
931 -3.554275138684472
932 -3.553815439578427
933 -3.553372901198736
934 -3.552905125058516
935 -3.552441396517035
936 -3.551947476159595
937 -3.551446204744111
938 -3.550935562769473
939 -3.550417842944373
940 -3.549883731298341
941 -3.549375890050883
942 -3.548848159679536
943 -3.54832132560701
944 -3.547808992344307
945 -3.547264553546219
946 -3.546702581112223
947 -3.546142745880584
948 -3.545578010742574
949 -3.545028073549612
950 -3.544472846304557
951 -3.543913598007237
952 -3.543325121584353
953 -3.542732981289208
954 -3.542122944568215
955 -3.541513811012752
956 -3.540929987825523
957 -3.540318081877476
958 -3.53971324262221
959 -3.539096347037454
960 -3.538482690963398
961 -3.537857911393427
962 -3.537247905895978
963 -3.536619298698356
964 -3.535992864216059
965 -3.535346040875578
966 -3.534704780141309
967 -3.53405196675541
968 -3.533382649604946
969 -3.532714881818293
970 -3.532055207442836
971 -3.531395494781285
972 -3.530723356853312
973 -3.530067094108689
974 -3.529394279234348
975 -3.528711811256781
976 -3.528023809131656
977 -3.52733371629627
978 -3.526650104025963
979 -3.525971330970121
980 -3.525277257168988
981 -3.524571531579355
982 -3.523881564597197
983 -3.523171148484507
984 -3.522454503419945
985 -3.521731118431935
986 -3.521015246065287
987 -3.520304076196984
988 -3.51958518250444
989 -3.518878437088273
990 -3.518165742719421
991 -3.517435083785042
992 -3.51670514070409
993 -3.515978579964512
994 -3.515227636136994
995 -3.514484605244454
996 -3.513748343774605
997 -3.513020241114986
998 -3.512296574816345
999 -3.511557887333606
1000 -3.510822179521046
1001 -3.510066100139169
1002 -3.509288303795776
1003 -3.508530884662487
1004 -3.507781860700982
1005 -3.507041311544614
1006 -3.506297891467816
1007 -3.50554861432899
1008 -3.504784962396889
1009 -3.504018114330263
1010 -3.50325490146624
1011 -3.502484340627491
1012 -3.501716566601721
1013 -3.500961631024194
1014 -3.500202108887729
1015 -3.499434203233568
1016 -3.498659934995805
1017 -3.4978876646488
1018 -3.497117204270428
1019 -3.496352882752937
1020 -3.495566415811846
1021 -3.494786118803288
1022 -3.494020690331785
1023 -3.493255643796456
1024 -3.492501803597343
1025 -3.491739442615128
1026 -3.490966340668179
1027 -3.490183477765333
1028 -3.489397847876571
1029 -3.488595040148563
1030 -3.487819784860017
1031 -3.487058289994109
1032 -3.486297048459158
1033 -3.485535116110189
1034 -3.484771500465534
1035 -3.483996753517405
1036 -3.48321313885842
1037 -3.482423677817083
1038 -3.481648780706489
1039 -3.480875854827417
1040 -3.480118179583224
1041 -3.479355960269151
1042 -3.478598864436309
1043 -3.477833751286347
1044 -3.477067214654611
1045 -3.47629907508738
1046 -3.475537799933162
1047 -3.474774463040521
1048 -3.474019362562551
1049 -3.473258202456626
1050 -3.47249962498167
1051 -3.471740452752313
1052 -3.470965567191925
1053 -3.470196906331502
1054 -3.469449179302599
1055 -3.468709513887209
1056 -3.467961671724223
1057 -3.467220512198486
1058 -3.466471545326016
1059 -3.465731870523183
1060 -3.464984162365003
1061 -3.464233554783435
1062 -3.463481671118263
1063 -3.462733527143171
1064 -3.462001298482521
1065 -3.461268662844299
1066 -3.460535901222361
1067 -3.459787053524025
1068 -3.459041168180395
1069 -3.458310390684534
1070 -3.457593268529948
1071 -3.456861285367054
1072 -3.456117081459188
1073 -3.455383752993128
1074 -3.454647666075057
1075 -3.453931790632341
1076 -3.453205417934063
1077 -3.452476379222124
1078 -3.451761882402081
1079 -3.45104291120921
1080 -3.450329015990326
1081 -3.449604269775337
1082 -3.448880691947631
1083 -3.448161551137884
1084 -3.447452985521422
1085 -3.446740409503073
1086 -3.446027923112074
1087 -3.445317607086502
1088 -3.444625593269909
1089 -3.443925307313296
1090 -3.443213315053061
1091 -3.442505728596861
1092 -3.441805423320868
1093 -3.441117541761406
1094 -3.440429325505388
1095 -3.439747291975377
1096 -3.439067384610276
1097 -3.438364296391783
1098 -3.437670357958164
1099 -3.436972485109517
1100 -3.436296586126816
1101 -3.43562411741521
1102 -3.434965807250997
1103 -3.434312869171272
1104 -3.433646791458462
1105 -3.43298201060497
1106 -3.432309213511227
1107 -3.431627322510828
1108 -3.430957380533025
1109 -3.430312765744375
1110 -3.429669798069646
1111 -3.429019162951596
1112 -3.428380480768024
1113 -3.427742191600552
1114 -3.427115708526773
1115 -3.426479806908911
1116 -3.42584386008918
1117 -3.425186720182532
1118 -3.424556453318981
1119 -3.423959107773968
1120 -3.423353247415303
1121 -3.422744207288599
1122 -3.422133725516078
1123 -3.421530824557984
1124 -3.420931929101387
1125 -3.420337881637095
1126 -3.419745684096089
1127 -3.419146985141555
1128 -3.418567480182044
1129 -3.417993760205694
1130 -3.417421448967291
1131 -3.416836903091958
1132 -3.416254770052019
1133 -3.415699450769202
1134 -3.415135344648343
1135 -3.414576638987176
1136 -3.414029350487624
1137 -3.4134867994504
1138 -3.412931243110531
1139 -3.412382473804534
1140 -3.411842837340571
1141 -3.4112921239234
1142 -3.410747030187779
1143 -3.410217748525556
1144 -3.409707506953584
1145 -3.409185760077461
1146 -3.40866582619462
1147 -3.408136350154592
1148 -3.407610793564561
1149 -3.407094604211323
1150 -3.406571033602515
1151 -3.406058838058019
1152 -3.405553145393149
1153 -3.405041172184051
1154 -3.404548403693354
1155 -3.404047734889222
1156 -3.403545109022057
1157 -3.403040660878998
1158 -3.402546692949753
1159 -3.402064669955871
1160 -3.401586076264584
1161 -3.401097030433093
1162 -3.400603333653815
1163 -3.400105797845725
1164 -3.399599446829868
1165 -3.399131180019417
1166 -3.398667190758307
1167 -3.39817611271578
1168 -3.397676005009818
1169 -3.397196433185429
1170 -3.396734791826017
1171 -3.39626938502447
1172 -3.395801140262446
1173 -3.39532703834416
1174 -3.394862435036479
1175 -3.394387127743893
1176 -3.393907289749957
1177 -3.393433303022209
1178 -3.392974559039145
1179 -3.392518597822348
1180 -3.392070719550541
1181 -3.391601905500541
1182 -3.391136811822678
1183 -3.390678852672445
1184 -3.390209878349382
1185 -3.389746016111957
1186 -3.389293731322693
1187 -3.388852005514157
1188 -3.388402452857257
1189 -3.387949850447321
1190 -3.387486257000333
1191 -3.38704515709839
1192 -3.386610005666777
1193 -3.386165979937608
1194 -3.385713140211908
1195 -3.385241888200894
1196 -3.384792991793947
1197 -3.384348089028356
1198 -3.383910984058559
1199 -3.383493443046151
1200 -3.383049072297706
1201 -3.382620146673064
1202 -3.382180522227468
1203 -3.381741269273544
1204 -3.38128124000571
1205 -3.380835871425212
1206 -3.380411994792477
1207 -3.379999174437568
1208 -3.379584793349065
1209 -3.379147262552837
1210 -3.378703995238403
1211 -3.378287357417958
1212 -3.377870531845754
1213 -3.377435126273526
1214 -3.37700801688562
1215 -3.376594042058176
1216 -3.37618055476604
1217 -3.375764549392797
1218 -3.375347153578232
1219 -3.374926308882062
1220 -3.374505618648113
1221 -3.374105291330586
1222 -3.373684058596894
1223 -3.373285870467343
1224 -3.372887698323143
1225 -3.372480483040756
1226 -3.372072302489246
1227 -3.371690958804612
1228 -3.37129035883529
1229 -3.370878807693044
1230 -3.370489950009563
1231 -3.370097027866418
1232 -3.369715773118795
1233 -3.369338020333555
1234 -3.368952280224767
1235 -3.368585499399873
1236 -3.368205917125831
1237 -3.367815066581379
1238 -3.367449374204657
1239 -3.367076429726373
1240 -3.366699091603939
1241 -3.366332064530235
1242 -3.365982448115419
1243 -3.365633053877256
1244 -3.365291490214191
1245 -3.364959814200517
1246 -3.364605646226911
1247 -3.364253438608672
1248 -3.3639091288358
1249 -3.36357777235459
1250 -3.363231091048191
1251 -3.362894924930068
1252 -3.362572327995205
1253 -3.362246768488371
1254 -3.361945138936196
1255 -3.361627263830858
1256 -3.361309863288672
1257 -3.360997040239636
1258 -3.360682158101796
1259 -3.360398190234038
1260 -3.360088668352292
1261 -3.359791128126045
1262 -3.359515377039803
1263 -3.359247466233649
1264 -3.358953586677811
1265 -3.358664973504283
1266 -3.358372329381025
1267 -3.35808622538549
1268 -3.357817816433495
1269 -3.357552038511177
1270 -3.357291097769632
1271 -3.35703339160089
1272 -3.356773343907241
1273 -3.356518986030364
1274 -3.356270579068196
1275 -3.356005784708337
1276 -3.355744667233132
1277 -3.355498498276821
1278 -3.355252374237789
1279 -3.354999517275863
1280 -3.354775315543769
1281 -3.354533944946812
1282 -3.354313366811386
1283 -3.354075469127438
1284 -3.35383668869027
1285 -3.35361356678724
1286 -3.353385801611244
1287 -3.353153725024341
1288 -3.352920447584357
1289 -3.352698697004896
1290 -3.352467844301718
1291 -3.352243163512436
1292 -3.352023153612492
1293 -3.351799676264424
1294 -3.351646818639764
1295 -3.351366893732639
1296 -3.35112593119587
1297 -3.350971830163158
1298 -3.350701506607406
1299 -3.350500910755431
1300 -3.350352689170671
1301 -3.350073663678337
1302 -3.349842320631458
1303 -3.349697379502465
1304 -3.349432155379056
1305 -3.349214858417881
1306 -3.349083978047406
1307 -3.348810303045974
1308 -3.348579508552946
1309 -3.348438747017285
1310 -3.348163950982009
1311 -3.34795334812782
1312 -3.347827644074818
1313 -3.347550720933133
1314 -3.347328169397159
1315 -3.347187743368411
1316 -3.346922876279379
1317 -3.346749574900499
1318 -3.34649897151119
1319 -3.346321864010609
1320 -3.346074713715081
1321 -3.345910738452837
1322 -3.34566493471289
1323 -3.345486913101365
1324 -3.345244923130264
1325 -3.345077430891131
1326 -3.344823088944658
1327 -3.344652098740308
1328 -3.34440205407866
1329 -3.344235529291661
1330 -3.343993427122446
1331 -3.343839096605395
1332 -3.343588945441192
1333 -3.34341644861389
1334 -3.343165328582213
1335 -3.343005389888514
1336 -3.342760167384822
1337 -3.34259181353238
1338 -3.342346877583741
1339 -3.342187493136247
1340 -3.341944707362527
1341 -3.3417834614866
1342 -3.341544048595813
1343 -3.341381587107005
1344 -3.341135235836207
1345 -3.340974085602555
1346 -3.340736967506718
1347 -3.340585711043478
1348 -3.340362913161958
1349 -3.340200874563718
1350 -3.3399751633352
1351 -3.339802128852392
1352 -3.339566692825408
1353 -3.339405876390227
1354 -3.339184190960639
1355 -3.339044515741048
1356 -3.338825092807224
1357 -3.338670402935056
1358 -3.338446888239543
1359 -3.338289784482313
1360 -3.338074053432395
1361 -3.337923686313665
1362 -3.337705013772191
1363 -3.337520772201606
1364 -3.337407396550504
1365 -3.337183791219163
1366 -3.337006744381659
1367 -3.336854399006893
1368 -3.336723697085776
1369 -3.336493027966306
1370 -3.336303175368247
1371 -3.336189841613232
1372 -3.335978592469703
1373 -3.335852112812024
1374 -3.335646817840225
1375 -3.335529648223652
1376 -3.335324895620777
1377 -3.335162443560937
1378 -3.335073337467277
1379 -3.334859712614909
1380 -3.3346954118901
1381 -3.334612917990464
1382 -3.334413576273337
1383 -3.334258197159238
1384 -3.334175312297664
1385 -3.333966116596029
1386 -3.333803163662701
1387 -3.333721181242058
1388 -3.333526511173397
1389 -3.333389512983177
1390 -3.333277520019837
1391 -3.333228269878841
1392 -3.333026237842247
1393 -3.332871391915814
1394 -3.332795868078645
1395 -3.332606436694307
1396 -3.332472926419348
1397 -3.332441652984928
1398 -3.332258698385813
1399 -3.332120932725982
1400 -3.332017084978311
1401 -3.331916957253215
1402 -3.331816604046797
1403 -3.331715091332199
1404 -3.331605874072167
1405 -3.331505205910949
1406 -3.331403674850055
1407 -3.331291311422186
1408 -3.331184406735143
1409 -3.331087161474673
1410 -3.330995974263883
1411 -3.330906207471479
1412 -3.33081676727241
1413 -3.330730413401353
1414 -3.330642584604861
1415 -3.330562478487895
1416 -3.330484330817028
1417 -3.330407763173334
1418 -3.330329979911943
1419 -3.330263749506633
1420 -3.330185306470177
1421 -3.330107865551518
1422 -3.330047921050488
1423 -3.32997902982389
1424 -3.329928011037929
1425 -3.329872331035009
1426 -3.329811389391438
1427 -3.329756935729321
1428 -3.329693165295765
1429 -3.329638791912652
1430 -3.329598855008605
1431 -3.329562108240227
1432 -3.329521159236998
1433 -3.32947776835824
1434 -3.329437432290139
1435 -3.329387670262359
1436 -3.329354808036919
1437 -3.329329322457897
1438 -3.329304074291938
1439 -3.329277546347614
1440 -3.329247445420302
1441 -3.329222797916011
1442 -3.329202148282638
1443 -3.329184158434476
1444 -3.329174594556937
1445 -3.329160909337897
1446 -3.329147821043149
1447 -3.329130433403179
1448 -3.329116696009608
1449 -3.329110717142564
1450 -3.329101109686953
1451 -3.329101591363961
1452 -3.329107207726186
1453 -3.329109679222319
1454 -3.329115804593865
1455 -3.329116806230081
1456 -3.329126567668864
1457 -3.32912422114251
1458 -3.32913270099585
1459 -3.329152393560888
1460 -3.329166726186181
1461 -3.329177748917082
1462 -3.329183945925395
1463 -3.32921100110233
1464 -3.329238379400998
1465 -3.329261309882674
1466 -3.329250900299741
1467 -3.32926923889461
1468 -3.329319412162327
1469 -3.329343945971513
1470 -3.329361985205926
1471 -3.329393461988138
1472 -3.329427891228229
1473 -3.329439266449278
1474 -3.329464970797181
1475 -3.329492678074355
1476 -3.329531222305963
1477 -3.329571858002192
1478 -3.329602823254442
1479 -3.329642205884578
1480 -3.329671848267754
1481 -3.329689408557116
1482 -3.329732635956834
1483 -3.329784073255803
1484 -3.329831747928913
1485 -3.329879498265759
1486 -3.329923153434675
1487 -3.329949732821354
1488 -3.329980274966276
1489 -3.330023955518896
1490 -3.330073714929791
1491 -3.330116693661935
1492 -3.330163626368418
1493 -3.330211875892759
1494 -3.330274062590243
1495 -3.330332131944971
1496 -3.330375185984579
1497 -3.330422187765459
1498 -3.330477249063026
1499 -3.330531238023629
1500 -3.330591047796424
1501 -3.330652464363165
1502 -3.330710339673194
1503 -3.330757466285147
1504 -3.330826296538238
1505 -3.330889381182808
1506 -3.330952670497305
1507 -3.331018956048252
1508 -3.331083598863009
1509 -3.331152801927965
1510 -3.331219018934718
1511 -3.331277847481711
1512 -3.331341332737656
1513 -3.33141555586963
1514 -3.331478128610777
1515 -3.331543748758703
1516 -3.331624344466564
1517 -3.331708152294909
1518 -3.331790826789849
1519 -3.33185785714449
1520 -3.33193990416425
1521 -3.332014250223122
1522 -3.332081784749283
1523 -3.332146862965129
1524 -3.332235207075438
1525 -3.332326717649809
1526 -3.332399597742686
1527 -3.332474014550199
1528 -3.332551584662601
1529 -3.332632247695393
1530 -3.332695337382893
1531 -3.332777886722918
1532 -3.332863817490078
1533 -3.332954953280898
1534 -3.333040168620118
1535 -3.333128524376682
1536 -3.333203963781869
1537 -3.333277789327259
1538 -3.333352411188136
1539 -3.333438203286479
1540 -3.333526159145872
1541 -3.333606506306491
1542 -3.333689275574946
1543 -3.33377502902862
1544 -3.333857685048629
1545 -3.33394390937187
1546 -3.334028495277563
1547 -3.334101791192877
1548 -3.334161110142452
1549 -3.334247222441541
1550 -3.334364524486802
1551 -3.334459308547983
1552 -3.334537687369391
1553 -3.334602248856665
1554 -3.33466650123278
1555 -3.334746070539513
1556 -3.334835830019565
1557 -3.334921401325948
1558 -3.335009508603817
1559 -3.335094972622085
1560 -3.33517244919047
1561 -3.335241331389347
1562 -3.335315450323602
1563 -3.335391479744815
1564 -3.335475712900843
1565 -3.335561270992482
1566 -3.335644331429154
1567 -3.335714402043807
1568 -3.335785944846848
1569 -3.335868379834429
1570 -3.335951916946394
1571 -3.33602470225782
1572 -3.336103957706311
1573 -3.336165361440663
1574 -3.336241720881801
1575 -3.336325207465546
1576 -3.336398658865139
1577 -3.336472425283416
1578 -3.336528458112185
1579 -3.336599460530294
1580 -3.336683344557312
1581 -3.336760964443543
1582 -3.336824280688206
1583 -3.337037272280221
1584 -3.336920120005191
1585 -3.336890245396888
1586 -3.336991593167669
1587 -3.337130659240338
1588 -3.337248147672538
1589 -3.337323034977306
1590 -3.337359713138113
1591 -3.337403284154433
1592 -3.337612812363489
1593 -3.337494706093998
1594 -3.337570994473441
1595 -3.337506636556248
1596 -3.337560029291413
1597 -3.337686061273212
1598 -3.337834477295378
1599 -3.337935788242294
1600 -3.33798288765824
1601 -3.338144395066614
1602 -3.337999811129948
1603 -3.337936894203184
1604 -3.337993773281666
1605 -3.338107419960414
1606 -3.338228219445502
1607 -3.338483583105686
1608 -3.338335356717104
1609 -3.338251410877005
1610 -3.338428418840641
1611 -3.338350546843806
1612 -3.338367693258435
1613 -3.338626339383276
1614 -3.338531616397093
1615 -3.338504128765978
1616 -3.338573006582496
1617 -3.338672789340241
1618 -3.338730623044759
1619 -3.338760825515773
1620 -3.338909966628146
1621 -3.338770962151223
1622 -3.338700699657658
1623 -3.338740087054407
1624 -3.338958244280161
1625 -3.338890078680839
1626 -3.338868338865483
1627 -3.338910912420479
1628 -3.338979173108602
1629 -3.339023861925441
1630 -3.339043532855815
1631 -3.339037837357132
1632 -3.339036734555929
1633 -3.339053733848288
1634 -3.339064927052226
1635 -3.339072497970696
1636 -3.339085810202076
1637 -3.339095117470747
1638 -3.339107118648041
1639 -3.339117701242823
1640 -3.339127126069573
1641 -3.339133213607044
1642 -3.339138302910253
1643 -3.339137716685707
1644 -3.339134115645844
1645 -3.339134353905678
1646 -3.339127331231708
1647 -3.339127338081709
1648 -3.339129983192039
1649 -3.339116253968316
1650 -3.339112635834975
1651 -3.339108233542332
1652 -3.339094979685881
1653 -3.339073715082655
1654 -3.339062091644319
1655 -3.339047540285093
1656 -3.339042023295549
1657 -3.339027682064492
1658 -3.339018317575371
1659 -3.338997679554808
1660 -3.338969710767095
1661 -3.338941474901765
1662 -3.338918889513855
1663 -3.338901875638286
1664 -3.338884735958854
1665 -3.338859133942374
1666 -3.338824363813779
1667 -3.338795249381008
1668 -3.338765045175745
1669 -3.338735913501411
1670 -3.338707120345779
1671 -3.338673605772099
1672 -3.33863272225482
1673 -3.338598574559058
1674 -3.338555849533921
1675 -3.338513493551508
1676 -3.338484796680034
1677 -3.338447325798851
1678 -3.338410027466598
1679 -3.338367454257436
1680 -3.338326219424402
1681 -3.338276848368447
1682 -3.338231424672848
1683 -3.338188062873752
1684 -3.338141097739545
1685 -3.338096401341054
1686 -3.338047473853256
1687 -3.337996921897153
1688 -3.337942472002519
1689 -3.337890089448673
1690 -3.337834056571718
1691 -3.337780030435839
1692 -3.337719001291811
1693 -3.337670625173365
1694 -3.33762911549251
1695 -3.337573961093818
1696 -3.33751674098504
1697 -3.337459769168104
1698 -3.337399861505087
1699 -3.337337882974138
1700 -3.337277618618055
1701 -3.337212506469873
1702 -3.33714845223888
1703 -3.337089148348675
1704 -3.337036318606127
1705 -3.33697389523565
1706 -3.336908586628528
1707 -3.336837308050123
1708 -3.336768731250424
1709 -3.336700674090551
1710 -3.336639895054442
1711 -3.336580148051242
1712 -3.336523460660641
1713 -3.33645214133761
1714 -3.336380721676967
1715 -3.336313315633571
1716 -3.336241423152441
1717 -3.336172395169753
1718 -3.33610786526583
1719 -3.336045005525525
1720 -3.335971699764064
1721 -3.335894757521514
1722 -3.335823846954725
1723 -3.3357536674736
1724 -3.335681378066358
1725 -3.335608996820644
1726 -3.335542629809555
1727 -3.335479481422336
1728 -3.335403970571878
1729 -3.335327560985695
1730 -3.335248428140007
1731 -3.335176298596527
1732 -3.335102945240931
1733 -3.335033141783333
1734 -3.334958782474944
1735 -3.334885428660105
1736 -3.334812538564326
1737 -3.334735654053654
1738 -3.334656367949583
1739 -3.334580601920253
1740 -3.334505788147855
1741 -3.334432783790229
1742 -3.334355248498972
1743 -3.334279053588768
1744 -3.334202415130149
1745 -3.334128284778382
1746 -3.334055246064286
1747 -3.333980769200452
1748 -3.333904844851727
1749 -3.333821753378083
1750 -3.333741702696829
1751 -3.333674852453284
1752 -3.333603050431222
1753 -3.333523302667437
1754 -3.333445771745806
1755 -3.333366349340939
1756 -3.333289450144858
1757 -3.33321431528299
1758 -3.333138697505072
1759 -3.333056426231594
1760 -3.332974439842541
1761 -3.332896079962937
1762 -3.332829253987907
1763 -3.332760395198644
1764 -3.332682814546374
1765 -3.332603434186275
1766 -3.332523994608124
1767 -3.332438954481608
1768 -3.332358750732983
1769 -3.332288401338892
1770 -3.33221556281488
1771 -3.332148630429652
1772 -3.332069362290614
1773 -3.331994779382911
1774 -3.331908781552931
1775 -3.331829423551555
1776 -3.331751782024164
1777 -3.331678131284383
1778 -3.331603195881235
1779 -3.331529140204005
1780 -3.331451277499744
1781 -3.331374668191407
1782 -3.331301638741679
1783 -3.331228550189419
1784 -3.331144837539036
1785 -3.331069337271301
1786 -3.330992898700005
1787 -3.330915827052943
1788 -3.330834539386414
1789 -3.330758727682105
1790 -3.330683185662654
1791 -3.330615763008197
1792 -3.330545820177848
1793 -3.330466441866697
1794 -3.330385580089725
1795 -3.330305987337868
1796 -3.330228004727366
1797 -3.330157500749904
1798 -3.330082189403291
1799 -3.330008408309751
1800 -3.329931118890341
1801 -3.329853855853826
1802 -3.329778102397001
1803 -3.329697922393566
1804 -3.32962265483687
1805 -3.329547187028793
1806 -3.329468262206063
1807 -3.329388485294118
1808 -3.329315014426812
1809 -3.32923800986066
1810 -3.329165888966966
1811 -3.329091991286246
1812 -3.329013216578857
1813 -3.328921256345643
1814 -3.32883746214815
1815 -3.328768350437589
1816 -3.328701703139981
1817 -3.328626886593482
1818 -3.328544009109535
1819 -3.328459901156424
1820 -3.328375423608773
1821 -3.328302460020497
1822 -3.328221967087561
1823 -3.328137777383724
1824 -3.328063431035754
1825 -3.327986064000065
1826 -3.327907563244908
1827 -3.327824226728499
1828 -3.327748530477892
1829 -3.32766479331129
1830 -3.327581787675543
1831 -3.327494460253634
1832 -3.327408508264643
1833 -3.327326929036261
1834 -3.327250534077489
1835 -3.327176307242449
1836 -3.327088619121443
1837 -3.326998071348165
1838 -3.326912676008182
1839 -3.32682450314733
1840 -3.326737489246911
1841 -3.326652097771206
1842 -3.326567078444288
1843 -3.326483256481412
1844 -3.326397050799682
1845 -3.326308903388127
1846 -3.326225158056795
1847 -3.326130202968401
1848 -3.326038904008986
1849 -3.325954469216846
1850 -3.325868648438665
1851 -3.325774439808753
1852 -3.325685095143893
1853 -3.325588410360587
1854 -3.325494310743876
1855 -3.325410144241107
1856 -3.325316473401319
1857 -3.32521783067969
1858 -3.325127171903273
1859 -3.325034862873641
1860 -3.324939657352858
1861 -3.324846083399088
1862 -3.324743174408215
1863 -3.324642340860457
1864 -3.324549443543005
1865 -3.324453356111709
1866 -3.324359610705364
1867 -3.324260242104295
1868 -3.324158789326733
1869 -3.324057552183452
1870 -3.32395779444169
1871 -3.323851121514237
1872 -3.323750624520732
1873 -3.323653358071816
1874 -3.323557315135617
1875 -3.323454344280381
1876 -3.323343944711715
1877 -3.323234611846428
1878 -3.323126456909966
1879 -3.32302162323152
1880 -3.32292204884704
1881 -3.322819921861368
1882 -3.322718734261438
1883 -3.322611907880105
1884 -3.322496268391652
1885 -3.322387180902871
1886 -3.322280254886418
1887 -3.322170887579004
1888 -3.322063367485454
1889 -3.321956741468229
1890 -3.32184400783323
1891 -3.321732613224433
1892 -3.32161736650836
1893 -3.321507113384277
1894 -3.321396308047386
1895 -3.321286580313656
1896 -3.321180481469519
1897 -3.321070831679259
1898 -3.320952645635549
1899 -3.320832025560716
1900 -3.320713116244049
1901 -3.3206012307283
1902 -3.320494199225227
1903 -3.320382105096462
1904 -3.320269506768797
1905 -3.320153355160151
1906 -3.320034980541264
1907 -3.319917051211736
1908 -3.319799509300339
1909 -3.319686728338635
1910 -3.319572134785661
1911 -3.319453593666228
1912 -3.319334537811872
1913 -3.31921841228391
1914 -3.319102923165324
1915 -3.318989463824345
1916 -3.318874175584456
1917 -3.318754562666291
1918 -3.318637238614383
1919 -3.318517160771567
1920 -3.318400190031284
1921 -3.318283528876285
1922 -3.318164471836252
1923 -3.318049829259072
1924 -3.317933273087394
1925 -3.317819533887016
1926 -3.317698683006954
1927 -3.317576353829009
1928 -3.317461102566566
1929 -3.317346583976279
1930 -3.317233508477673
1931 -3.317115084114688
1932 -3.316997809638911
1933 -3.316881758540921
1934 -3.316763910503512
1935 -3.316647495226644
1936 -3.316536723151187
1937 -3.316423791758073
1938 -3.316309263659194
1939 -3.316187851492127
1940 -3.316065765576863
1941 -3.31595140157744
1942 -3.31583998786291
1943 -3.315727111520935
1944 -3.315617179144351
1945 -3.315507087923151
1946 -3.315394626668874
1947 -3.31528191992502
1948 -3.315169775581251
1949 -3.315055651187263
1950 -3.314938867601927
1951 -3.314824875229122
1952 -3.314721182020266
1953 -3.31461294822361
1954 -3.314505616055287
1955 -3.314398841098638
1956 -3.314288342723106
1957 -3.314174430037185
1958 -3.314066100858122
1959 -3.313959364391597
1960 -3.313854522665992
1961 -3.313751711700407
1962 -3.313646237109595
1963 -3.31354212539651
1964 -3.313437049452717
1965 -3.313331935769214
1966 -3.313234056623532
1967 -3.313130781520553
1968 -3.313025298531352
1969 -3.312922562377174
1970 -3.31282279537425
1971 -3.312725272121443
1972 -3.312633994034518
1973 -3.312536910996065
1974 -3.312441731360675
1975 -3.312338673802151
1976 -3.312232942521646
1977 -3.312135404178716
1978 -3.312044489272814
1979 -3.311953375291849
1980 -3.311862359345902
1981 -3.31177356058317
1982 -3.311682593584773
1983 -3.311588135936182
1984 -3.311498592712065
1985 -3.311408011189956
1986 -3.311318342585111
1987 -3.311230780554802
1988 -3.311148920867028
1989 -3.311063211140617
1990 -3.310980725839345
1991 -3.310893391774274
1992 -3.31080609523643
1993 -3.310720585296189
1994 -3.310637528840272
1995 -3.31056143937276
1996 -3.310486525324217
1997 -3.310404754195879
1998 -3.310324066348967
1999 -3.310248102332189
2000 -3.310171180146185
2001 -3.310094232833679
2002 -3.310018190525454
2003 -3.3099446150339
2004 -3.309872209231152
2005 -3.309800210194654
2006 -3.309726978177148
2007 -3.309655152742596
2008 -3.30958712839466
2009 -3.309519557926955
2010 -3.309456113941248
2011 -3.309383440689713
2012 -3.309315793758118
2013 -3.309247993428597
2014 -3.309184734945827
2015 -3.30912075859601
2016 -3.309056276585081
2017 -3.308996363477498
2018 -3.308934592321561
2019 -3.308877203771002
2020 -3.308818240033337
2021 -3.308761445306029
2022 -3.308701350275496
2023 -3.308638606573874
2024 -3.308582962392825
2025 -3.308531188344766
2026 -3.308474068302101
2027 -3.308418829945628
2028 -3.308372010188019
2029 -3.308318094346299
2030 -3.308262957510818
2031 -3.308213465171124
2032 -3.30816487162088
2033 -3.308113025464595
2034 -3.308060186898182
2035 -3.308013563429683
2036 -3.30796529634518
2037 -3.307923680634651
2038 -3.307878824269774
2039 -3.307840209116892
2040 -3.307795536670755
2041 -3.307746053990234
2042 -3.307696198751007
2043 -3.307648429229801
2044 -3.307609745210244
2045 -3.307571340991748
2046 -3.307537180826202
2047 -3.307493951267688
2048 -3.307459193060696
2049 -3.307416187308176
2050 -3.30737631172915
2051 -3.307335493684483
2052 -3.3073010703001
2053 -3.307262297773332
2054 -3.307221364769347
2055 -3.307181731447244
2056 -3.307156422207345
2057 -3.307125657000308
2058 -3.307090285881343
2059 -3.307055935130442
2060 -3.307024396041035
2061 -3.306987877778505
2062 -3.306958623708396
2063 -3.306917987270253
2064 -3.306888736168498
2065 -3.306865868106969
2066 -3.306833992980811
2067 -3.306798632363887
2068 -3.306772631091948
2069 -3.306745080831959
2070 -3.306714042350392
2071 -3.306681378012315
2072 -3.306650075303386
2073 -3.306620534951426
2074 -3.306598247793697
2075 -3.306572209773638
2076 -3.306546573096686
2077 -3.306515506058436
2078 -3.306489534518084
2079 -3.306456890937819
2080 -3.306434427932358
2081 -3.306402170836161
2082 -3.306375724760218
2083 -3.306355610597767
2084 -3.306328342134051
2085 -3.306301303657272
2086 -3.306283697575314
2087 -3.306257491845667
2088 -3.306233127230838
2089 -3.306203148033911
2090 -3.306178951382755
2091 -3.30614779956581
2092 -3.306122362679071
2093 -3.306099925208475
2094 -3.306081983323458
2095 -3.306061400140909
2096 -3.306037726344966
2097 -3.306011252733986
2098 -3.30598635563578
2099 -3.305956833869888
2100 -3.305937510862862
2101 -3.30591190797648
2102 -3.305890913549655
2103 -3.305863055017145
2104 -3.305843434131124
2105 -3.305816347678517
2106 -3.305789077804623
2107 -3.305773043506572
2108 -3.305752688678336
2109 -3.305727188658446
2110 -3.305703582027373
2111 -3.305680672838253
2112 -3.30565980837998
2113 -3.305639866657565
2114 -3.305617467966703
2115 -3.305594130659566
2116 -3.305572459775656
2117 -3.305551124644145
2118 -3.30553448421287
2119 -3.305511113625787
2120 -3.305486023793477
2121 -3.305461492550469
2122 -3.305439845845445
2123 -3.305423342431616
2124 -3.305410623133326
2125 -3.305392915287297
2126 -3.305366093470139
2127 -3.305344122703627
2128 -3.305323521997571
2129 -3.305302155867711
2130 -3.305286812576226
2131 -3.305271062482395
2132 -3.305262692712614
2133 -3.305244632571307
2134 -3.30521345506997
2135 -3.305195034779441
2136 -3.305172331997664
2137 -3.305158992246846
2138 -3.305138276789585
2139 -3.305129169548494
2140 -3.305110928975785
2141 -3.305092183118481
2142 -3.305070333841467
2143 -3.305055456474689
2144 -3.305039524261466
2145 -3.305022762809568
2146 -3.305009569360149
2147 -3.304992410172598
2148 -3.30497290995416
2149 -3.304970461119114
2150 -3.304960190509685
2151 -3.304942587593289
2152 -3.304918618070164
2153 -3.304890650548633
2154 -3.304865599748332
2155 -3.304857077498786
2156 -3.304840459969418
2157 -3.304836998136126
2158 -3.304829504111158
2159 -3.304812577509024
2160 -3.304789399382253
2161 -3.304769966825511
2162 -3.30474524282192
2163 -3.304731541664938
2164 -3.304730803665184
2165 -3.304721364223576
2166 -3.304702346063503
2167 -3.304693002793333
2168 -3.30466877073182
2169 -3.304648561506452
2170 -3.304639512418886
2171 -3.304625512343411
2172 -3.304615794196504
2173 -3.304601689423888
2174 -3.304578057165859
2175 -3.304567846867771
2176 -3.304555974319779
2177 -3.304545171385489
2178 -3.304532498746196
2179 -3.304521020681972
2180 -3.304512728506297
2181 -3.304488181372013
2182 -3.304469085485706
2183 -3.304460335484781
2184 -3.304454436328085
2185 -3.304438863348159
2186 -3.304418973840334
2187 -3.304398215682119
2188 -3.304393198446849
2189 -3.30438335044539
2190 -3.304368639110352
2191 -3.304347332597325
2192 -3.304331525742285
2193 -3.304322242510655
2194 -3.304299810480677
2195 -3.304286743308229
2196 -3.304270467433389
2197 -3.304269628541164
2198 -3.304254287259081
2199 -3.304233837484039
2200 -3.304214552975085
2201 -3.304195132922509
2202 -3.304180076716999
2203 -3.304173104885341
2204 -3.304162502407381
2205 -3.304150629017908
2206 -3.304134728261655
2207 -3.304124107329927
2208 -3.304106001521655
2209 -3.304098160623287
2210 -3.304083008103264
2211 -3.30406678430634
2212 -3.304067972695823
2213 -3.304050752665312
2214 -3.304032458583876
2215 -3.304021214767774
2216 -3.30401514796579
2217 -3.304007289069613
2218 -3.304007460654442
2219 -3.304008168514004
2220 -3.303995664860748
2221 -3.303988754851236
2222 -3.303971453462009
2223 -3.303963665193268
2224 -3.30395906605886
2225 -3.303955828035808
2226 -3.303953400197865
2227 -3.303958714927234
2228 -3.303959680547775
2229 -3.303955604883937
2230 -3.303944250258262
2231 -3.303929540518075
2232 -3.303940670758589
2233 -3.303956626595099
2234 -3.303957986595549
2235 -3.303950040299859
2236 -3.303956797276034
2237 -3.303955730131776
2238 -3.303966394004718
2239 -3.303970371158539
2240 -3.303967454038057
2241 -3.303961041397817
2242 -3.303964635978177
2243 -3.303976431704829
2244 -3.303985456444502
2245 -3.30399920679639
2246 -3.304007106807952
2247 -3.304017041143408
2248 -3.304021895611206
2249 -3.30402300146801
2250 -3.304034784862854
2251 -3.304058180759216
2252 -3.304070895914522
2253 -3.304088146627989
2254 -3.3041029349869
2255 -3.304118192194355
2256 -3.304126174066254
2257 -3.304143623918501
2258 -3.304163931498217
2259 -3.304185884696358
2260 -3.30419852833358
2261 -3.30423137710183
2262 -3.304240497615285
2263 -3.304262845634301
2264 -3.304289370002834
2265 -3.304322819048056
2266 -3.304362500389217
2267 -3.304393048276678
2268 -3.304435004790079
2269 -3.304478202153744
2270 -3.304497986270746
2271 -3.304533002458725
2272 -3.30456684134361
2273 -3.304629626406383
2274 -3.304667394939002
2275 -3.304714233667738
2276 -3.304767852794869
2277 -3.304820873659009
2278 -3.304876213869884
2279 -3.304928255103312
2280 -3.304983729762879
2281 -3.305037002437177
2282 -3.305106337677454
2283 -3.305176649457466
2284 -3.305247255731826
2285 -3.305318632202875
2286 -3.305391835543526
2287 -3.305455285226219
2288 -3.305528133371846
2289 -3.305604869692238
2290 -3.305699173999573
2291 -3.305779739534815
2292 -3.305878433642829
2293 -3.305959328634046
2294 -3.306047593897737
2295 -3.306140477415798
2296 -3.306244287819683
2297 -3.306347584894004
2298 -3.306448510185413
2299 -3.306546146490397
2300 -3.306644178114578
2301 -3.306760547817383
2302 -3.306873678400823
2303 -3.306988465750221
2304 -3.307108868758533
2305 -3.307238993152408
2306 -3.307370119326697
2307 -3.30749884288117
2308 -3.307624091359826
2309 -3.307749766949605
2310 -3.307886081936439
2311 -3.30801549285368
2312 -3.308153728705223
2313 -3.308293610046538
2314 -3.308439809331363
2315 -3.308584222850877
2316 -3.308734604330421
2317 -3.308886589891338
2318 -3.309056744269463
2319 -3.309215179515974
2320 -3.309371732126264
2321 -3.309527403216192
2322 -3.309681409886482
2323 -3.30983161138499
2324 -3.310000405154826
2325 -3.310152416435385
2326 -3.310335802644674
2327 -3.310518979867226
2328 -3.310690833136618
2329 -3.31087604994271
2330 -3.311042498193939
2331 -3.31121280971941
2332 -3.311387523995188
2333 -3.311556607050369
2334 -3.311746203781845
2335 -3.311916875229981
2336 -3.31210030626177
2337 -3.312284399959516
2338 -3.312462405336175
2339 -3.31265072301133
2340 -3.312843985811821
2341 -3.313021825385079
2342 -3.313194566467318
2343 -3.313369020529882
2344 -3.313554010369204
2345 -3.313746138000639
2346 -3.313937912463768
2347 -3.314108515257804
2348 -3.314292287800982
2349 -3.314465387043263
2350 -3.314641970909589
2351 -3.314823497404138
2352 -3.315012768497443
2353 -3.315188569739895
2354 -3.3153651120164
2355 -3.315533150343334
2356 -3.315707275085771
2357 -3.315879613282798
2358 -3.316048974907647
2359 -3.316222972150317
2360 -3.316383185021071
2361 -3.316557588782739
2362 -3.316726790599435
2363 -3.31687841510491
2364 -3.31703236707681
2365 -3.317192716182367
2366 -3.317362013184137
2367 -3.317519610590531
2368 -3.317666378591944
2369 -3.317811122705364
2370 -3.317959291026687
2371 -3.318116664407788
2372 -3.318268550234975
2373 -3.318408696938683
2374 -3.318541234862263
2375 -3.318677355404843
2376 -3.318809914379285
2377 -3.318936768113222
2378 -3.31907709188232
2379 -3.3192149990164
2380 -3.319341210206873
2381 -3.319463847787737
2382 -3.31958232126641
2383 -3.319703260484807
2384 -3.319818015003613
2385 -3.319930568592392
2386 -3.320050492661281
2387 -3.320151650607048
2388 -3.320261019428727
2389 -3.320373975961042
2390 -3.320477348888748
2391 -3.3205855275223
2392 -3.320688408617254
2393 -3.320776133852051
2394 -3.320870291703239
2395 -3.32096374603217
2396 -3.321051635505026
2397 -3.321150257996026
2398 -3.321244118807071
2399 -3.321328273142406
2400 -3.321412287021475
2401 -3.321498774522008
2402 -3.321579255743482
2403 -3.321664482529854
2404 -3.321739144908062
2405 -3.321813378861242
2406 -3.321876560293359
2407 -3.321944476878
2408 -3.322030879590463
2409 -3.322107688530791
2410 -3.322181611530044
2411 -3.322259108848082
2412 -3.322335607791809
2413 -3.32239670809832
2414 -3.322453604267016
2415 -3.322508582488934
2416 -3.322566443934925
2417 -3.322631099609901
2418 -3.322705664146973
2419 -3.322775069816443
2420 -3.322840217903311
2421 -3.322892169593305
2422 -3.322954766336526
2423 -3.323009995932957
2424 -3.32306463113091
2425 -3.323124307320974
2426 -3.323185897223073
2427 -3.323244414725895
2428 -3.323299582888783
2429 -3.323359021331157
2430 -3.323415160435395
2431 -3.323470000618292
2432 -3.32352119774829
2433 -3.323580564058449
2434 -3.323635174162979
2435 -3.323688684459842
2436 -3.323750795913166
2437 -3.323801784424902
2438 -3.323856773525908
2439 -3.323907324195194
2440 -3.323971007309313
2441 -3.324032517714794
2442 -3.324087819154955
2443 -3.324145311811364
2444 -3.324197831842523
2445 -3.324252415281532
2446 -3.324306064552389
2447 -3.32437010960405
2448 -3.324429515733466
2449 -3.324489496649945
2450 -3.324550818746354
2451 -3.324615843133342
2452 -3.32467112090379
2453 -3.324728456072412
2454 -3.324784923860097
2455 -3.324841488768068
2456 -3.324914300450944
2457 -3.324988685337964
2458 -3.325054057244622
2459 -3.325118716356751
2460 -3.325181134582971
2461 -3.325247095605201
2462 -3.325306582928674
2463 -3.325370695570898
2464 -3.325436587077416
2465 -3.325509057135623
2466 -3.325580238111615
2467 -3.325651054146187
2468 -3.325733932015587
2469 -3.32580943290488
2470 -3.325887843846735
2471 -3.325960718954423
2472 -3.326025700888849
2473 -3.32609792309988
2474 -3.326172387453387
2475 -3.326252100537847
2476 -3.326335797948396
2477 -3.326418868770941
2478 -3.32650647972704
2479 -3.326585424230017
2480 -3.326664950646973
2481 -3.326744177929911
2482 -3.326823603843329
2483 -3.326911390622197
2484 -3.32700855298831
2485 -3.32710244263031
2486 -3.327192257199188
2487 -3.327275832329954
2488 -3.327362102863182
2489 -3.327455077908806
2490 -3.327545972342285
2491 -3.327632463617991
2492 -3.327730976265924
2493 -3.327829290109327
2494 -3.32793042088564
2495 -3.32803245348457
2496 -3.328129842775438
2497 -3.328218924566898
2498 -3.328318071804382
2499 -3.328416778642239
2500 -3.328523129672797
2501 -3.328626368817909
2502 -3.328734670161683
2503 -3.328834720114746
2504 -3.328937817012788
2505 -3.329047530396449
2506 -3.329156295709937
2507 -3.329262192390417
2508 -3.32936924612401
2509 -3.329483310336324
2510 -3.329591653453178
2511 -3.329701469322903
2512 -3.32981067358892
2513 -3.329928302893689
2514 -3.330040654468451
2515 -3.330157217520423
2516 -3.330271639669693
2517 -3.330382418394965
2518 -3.330497755936126
2519 -3.330615682437184
2520 -3.330735717363159
2521 -3.330851841564482
2522 -3.33097250046735
2523 -3.331098564360116
2524 -3.331212526769181
2525 -3.331329455805684
2526 -3.331452995413987
2527 -3.331574593775397
2528 -3.331695636667567
2529 -3.331821135685745
2530 -3.33194381830333
2531 -3.332073670609657
2532 -3.332196331110921
2533 -3.332317012893014
2534 -3.332441208720748
2535 -3.332562051886226
2536 -3.332686953145092
2537 -3.332818711775315
2538 -3.332950352068374
2539 -3.33307755105848
2540 -3.333202094803808
2541 -3.333321803318446
2542 -3.333446262715163
2543 -3.33357285581961
2544 -3.333706381951876
2545 -3.333832038699859
2546 -3.333961715323383
2547 -3.33409225291484
2548 -3.334218071065246
2549 -3.334351053137245
2550 -3.334480455920969
2551 -3.334607467138849
2552 -3.334732240847632
2553 -3.334858916300994
2554 -3.334987291336389
2555 -3.335117293992319
2556 -3.335248240986825
2557 -3.335376751654722
2558 -3.335503460047978
2559 -3.335627995220394
2560 -3.335753629972349
2561 -3.335882827522274
2562 -3.336013362607027
2563 -3.336142584325759
2564 -3.336266775936556
2565 -3.336395014710216
2566 -3.336521100124807
2567 -3.336643845801325
2568 -3.336766339827614
2569 -3.3368881275388
2570 -3.337010354730724
2571 -3.337136111282499
2572 -3.337262529262758
2573 -3.337386206271565
2574 -3.337510786717184
2575 -3.337629496446093
2576 -3.337745325120446
2577 -3.337861562416508
2578 -3.337981924440061
2579 -3.338100804031464
2580 -3.338217227937163
2581 -3.338331058332442
2582 -3.338445608647322
2583 -3.338557053344951
2584 -3.338668765802174
2585 -3.338780796599017
2586 -3.338894523148925
2587 -3.339007654529563
2588 -3.339120266756846
2589 -3.339222831076941
2590 -3.339325557040238
2591 -3.339425822251639
2592 -3.339532124868902
2593 -3.339640506096641
2594 -3.339740742311386
2595 -3.339837822095543
2596 -3.33993390022861
2597 -3.340031906150214
2598 -3.340128952190835
2599 -3.340226803283563
2600 -3.340323223906033
2601 -3.340412436750178
2602 -3.340500029543636
2603 -3.340586202246111
2604 -3.340672533911088
2605 -3.340762482415709
2606 -3.340851419397795
2607 -3.340936015126581
2608 -3.341014907402387
2609 -3.34109063153935
2610 -3.341164976273081
2611 -3.341241258803214
2612 -3.341317435395561
2613 -3.341393735341859
2614 -3.341467431073283
2615 -3.341539369622779
2616 -3.341607391106902
2617 -3.341669817833631
2618 -3.341731620717733
2619 -3.341797808649311
2620 -3.341859948539756
2621 -3.341922837380173
2622 -3.341984406696478
2623 -3.34204554674037
2624 -3.342102799017828
2625 -3.342152894014494
2626 -3.342205554055828
2627 -3.342253682348453
2628 -3.342300506257023
2629 -3.34235010250931
2630 -3.342399622947573
2631 -3.342450031394969
2632 -3.342497274125169
2633 -3.342540929798858
2634 -3.342580226895469
2635 -3.342615056130487
2636 -3.342650894203998
2637 -3.342684013776865
2638 -3.342717022740412
2639 -3.342750262468272
2640 -3.342785467279263
2641 -3.342819357346246
2642 -3.342853410120052
2643 -3.342880153849948
2644 -3.342907205544139
2645 -3.34293366709885
2646 -3.342955032196056
2647 -3.342972109723125
2648 -3.342995092225047
2649 -3.343015578962687
2650 -3.343035863291172
2651 -3.343052907289663
2652 -3.343069155288928
2653 -3.343086171103161
2654 -3.343101126154343
2655 -3.34311440699437
2656 -3.34312776444462
2657 -3.343136776890292
2658 -3.343146923737963
2659 -3.343154521903794
2660 -3.343159737359718
2661 -3.343167527519462
2662 -3.343172472914115
2663 -3.343176718787548
2664 -3.343179999372816
2665 -3.343183396934092
2666 -3.343183794944605
2667 -3.343183622240312
2668 -3.343184997281659
2669 -3.343183321607437
2670 -3.343182094415967
2671 -3.343179220443874
2672 -3.343174693955266
2673 -3.343169969386439
2674 -3.343164979718379
2675 -3.343161380551369
2676 -3.343157725448738
2677 -3.343148340595286
2678 -3.343137535317653
2679 -3.343127030599748
2680 -3.343117257850832
2681 -3.343108127579827
2682 -3.343099484969706
2683 -3.343089277121551
2684 -3.343078104657093
2685 -3.343065283224925
2686 -3.343052336711529
2687 -3.343037763733081
2688 -3.343024186504579
2689 -3.343010841746715
2690 -3.342996273451873
2691 -3.342981226988018
2692 -3.342965760865389
2693 -3.342949370094753
2694 -3.342934409237645
2695 -3.342918089425723
2696 -3.342899140263619
2697 -3.342882639930239
2698 -3.342864968154418
2699 -3.342845422562628
2700 -3.342827157470814
2701 -3.342808555496569
2702 -3.342790890098384
2703 -3.342772140048929
2704 -3.342755148344003
2705 -3.34273613055643
2706 -3.34271619819983
2707 -3.3426945620133
2708 -3.342673711535189
2709 -3.342651851421933
2710 -3.342633105409527
2711 -3.342615089923351
2712 -3.342594400287225
2713 -3.34257307546198
2714 -3.342552569858725
2715 -3.342530185604756
2716 -3.342509725493744
2717 -3.342490258800985
2718 -3.342470411966108
2719 -3.342448889154784
2720 -3.342428725068992
2721 -3.342407896416628
2722 -3.342384334937841
2723 -3.342362140553966
2724 -3.34234374820375
2725 -3.342322714561587
2726 -3.342303523481974
2727 -3.342281376535641
2728 -3.342261021624767
2729 -3.342239861998023
2730 -3.342219619246447
2731 -3.342199054738554
2732 -3.342179163238895
2733 -3.342157935428498
2734 -3.342136643522553
2735 -3.342117016412209
2736 -3.342097883464979
2737 -3.342078294412113
2738 -3.342059553658121
2739 -3.342041204228273
2740 -3.342021815524642
2741 -3.342001985603311
2742 -3.341981994304049
2743 -3.341964201875115
2744 -3.341945828730564
2745 -3.341925915979337
2746 -3.341905503111099
2747 -3.341887076109687
2748 -3.341867598034092
2749 -3.34185072107101
2750 -3.341833824479512
2751 -3.341819214326541
2752 -3.341800401894845
2753 -3.341780750065006
2754 -3.341761642913493
2755 -3.341744022994755
2756 -3.341727344107595
2757 -3.341710981995508
2758 -3.341694241716556
2759 -3.341678569537166
2760 -3.341663086651568
2761 -3.341647824425661
2762 -3.341631121824992
2763 -3.341614837548032
2764 -3.341598977880321
2765 -3.341580296511257
2766 -3.341561573486231
2767 -3.341547346315405
2768 -3.341531544319527
2769 -3.341517208806391
2770 -3.341502278533476
2771 -3.341488539399086
2772 -3.341473177504394
2773 -3.341457477906604
2774 -3.341440995716372
2775 -3.341426277597483
2776 -3.341410110554057
2777 -3.34139504193957
2778 -3.341380623225914
2779 -3.341365175246847
2780 -3.341349424346201
2781 -3.341334125503282
2782 -3.341319821348469
2783 -3.341307362405745
2784 -3.341291985573167
2785 -3.341275947153044
2786 -3.341261901659623
2787 -3.34124676762298
2788 -3.341232956117791
2789 -3.341218208144764
2790 -3.341201266799412
2791 -3.341185806961514
2792 -3.341170678724937
2793 -3.341156240254763
2794 -3.34114161809559
2795 -3.341127978042977
2796 -3.341111110342073
2797 -3.341093655857881
2798 -3.341077581887872
2799 -3.341062534569464
2800 -3.341048037472874
2801 -3.341032617072664
2802 -3.341016516116751
2803 -3.340999562756919
2804 -3.340982371123713
2805 -3.340965222047128
2806 -3.340949694157007
2807 -3.340933873185804
2808 -3.340917671413024
2809 -3.340898986760045
2810 -3.340880270281786
2811 -3.340862692559021
2812 -3.340846269629036
2813 -3.340829410642942
2814 -3.340811401475041
2815 -3.34079223683703
2816 -3.340773898764392
2817 -3.340754615523961
2818 -3.340735430236471
2819 -3.340716030704635
2820 -3.340697771453134
2821 -3.34067889039545
2822 -3.34065838132356
2823 -3.340638161156147
2824 -3.340616931563217
2825 -3.340595552806727
2826 -3.340575091970441
2827 -3.34055486662072
2828 -3.340532124851689
2829 -3.340509881308817
2830 -3.34048827276128
2831 -3.340467012027585
2832 -3.340445526676073
2833 -3.3404219345668
2834 -3.340395897661411
2835 -3.340371083379552
2836 -3.340348081332688
2837 -3.340324732807205
2838 -3.340300639797078
2839 -3.340276877164964
2840 -3.340252087969607
2841 -3.340225913463638
2842 -3.340199329865865
2843 -3.340172593609008
2844 -3.340145790346714
2845 -3.34011855156387
2846 -3.340093180729917
2847 -3.340066377532561
2848 -3.340038450017686
2849 -3.340008100614433
2850 -3.339978201583271
2851 -3.339950010191285
2852 -3.339922267273969
2853 -3.339892550035719
2854 -3.33986257692691
2855 -3.339833317724721
2856 -3.339803625433543
2857 -3.339771252214515
2858 -3.339739955788808
2859 -3.339708453094733
2860 -3.33967703824644
2861 -3.339644852006731
2862 -3.339613158188435
2863 -3.339580473460812
2864 -3.339546612841951
2865 -3.339513159231301
2866 -3.339477890655383
2867 -3.339444828240344
2868 -3.339411192912742
2869 -3.339375964530071
2870 -3.339341700848815
2871 -3.339306806197536
2872 -3.339270440574536
2873 -3.33923498332603
2874 -3.339200259878684
2875 -3.339161709402493
2876 -3.339125372292928
2877 -3.33908640320632
2878 -3.339050096051549
2879 -3.339013038411342
2880 -3.338976803342893
2881 -3.338939543315355
2882 -3.33890045049412
2883 -3.338861010583573
2884 -3.338823047230496
2885 -3.33878321557283
2886 -3.338744615884783
2887 -3.338704382681144
2888 -3.338664694422701
2889 -3.338624335276646
2890 -3.338583479273824
2891 -3.338543471101991
2892 -3.338503734060524
2893 -3.338463542148764
2894 -3.338422474279033
2895 -3.338381125124128
2896 -3.338339622053389
2897 -3.338296885825744
2898 -3.338255174135715
2899 -3.338214297196206
2900 -3.338171970594847
2901 -3.33813118015201
2902 -3.338089553490289
2903 -3.338046685668082
2904 -3.338003471878758
2905 -3.337958841324302
2906 -3.337916504818029
2907 -3.337875759472718
2908 -3.337832661806835
2909 -3.337788955692499
2910 -3.337744792995144
2911 -3.337703341110638
2912 -3.337662683247157
2913 -3.337619010204429
2914 -3.337574938095813
2915 -3.337529279429169
2916 -3.337486163246246
2917 -3.33744249744431
2918 -3.337401616428139
2919 -3.337358480705425
2920 -3.337315537910761
2921 -3.337271295380903
2922 -3.337227092392362
2923 -3.33718420183502
2924 -3.337141890030077
2925 -3.337099513896572
2926 -3.337056110041686
2927 -3.33701103110453
2928 -3.33696630732819
2929 -3.336925893046483
2930 -3.33688461054192
2931 -3.336844328658792
2932 -3.336801572095032
2933 -3.336756143759551
2934 -3.336713249564276
2935 -3.336669214162319
2936 -3.33662667013474
2937 -3.336587312671099
2938 -3.336546832188303
2939 -3.336504336397969
2940 -3.336461068883475
2941 -3.336419792577995
2942 -3.336377320366903
2943 -3.336336955709588
2944 -3.336297935903237
2945 -3.336257160937359
2946 -3.336217698671069
2947 -3.336176648618878
2948 -3.336133854794228
2949 -3.336092568941212
2950 -3.33605296847225
2951 -3.33601519330244
2952 -3.335976547247299
2953 -3.33593679940126
2954 -3.335897558262012
2955 -3.335859288600312
2956 -3.335820481162743
2957 -3.335783749816306
2958 -3.33574444254647
2959 -3.335705476998332
2960 -3.335667699251788
2961 -3.335633330019994
2962 -3.335597333009065
2963 -3.335559038512817
2964 -3.335521516639958
2965 -3.335483560635251
2966 -3.335448426942583
2967 -3.335412892962024
2968 -3.335378570739632
2969 -3.335344514656373
2970 -3.335312655749564
2971 -3.335276860573412
2972 -3.335243180715677
2973 -3.335209437043864
2974 -3.335173182561161
2975 -3.335141548877224
2976 -3.335109618121566
2977 -3.335076585966306
2978 -3.335043286652478
2979 -3.335008089446381
2980 -3.334979394978031
2981 -3.334947110635234
2982 -3.334915497941464
2983 -3.33488826227881
2984 -3.334858903339363
2985 -3.334828754913661
2986 -3.334797430862603
2987 -3.334767208063846
2988 -3.334740026734808
2989 -3.334714452625001
2990 -3.334685995112357
2991 -3.334658204700236
2992 -3.334628288511509
2993 -3.334598129736205
2994 -3.334572234723205
2995 -3.334545208676897
2996 -3.334519782300435
2997 -3.334493482886718
2998 -3.3344699031248
2999 -3.334445272793903
3000 -3.334419869551475
3001 -3.33439283824486
3002 -3.334366863997334
3003 -3.334342722024492
3004 -3.334321112028342
3005 -3.334297838024448
3006 -3.334274340323891
3007 -3.334251606058442
3008 -3.334230281534034
3009 -3.334208821471258
3010 -3.334186156394662
3011 -3.3341612580829
3012 -3.334137232457389
3013 -3.334117803392781
3014 -3.334098646013444
3015 -3.334079237273696
3016 -3.334059681700144
3017 -3.334038627079305
3018 -3.334018561586831
3019 -3.333999409769825
3020 -3.333980260320457
3021 -3.333959969361286
3022 -3.333941403653769
3023 -3.333923839840097
3024 -3.333905921882759
3025 -3.333886670389194
3026 -3.333870231058961
3027 -3.333853516287471
3028 -3.333836656342369
3029 -3.333818233305738
3030 -3.333800915669645
3031 -3.333784310163711
3032 -3.333766042250008
3033 -3.333749435254821
3034 -3.333732061204713
3035 -3.333717343075815
3036 -3.333701575184274
3037 -3.333686092426033
3038 -3.333673269642154
3039 -3.333658138363474
3040 -3.333643165071454
3041 -3.333626599238403
3042 -3.333610061471913
3043 -3.333593309063088
3044 -3.333580167973826
3045 -3.333569029285802
3046 -3.333555665174388
3047 -3.333539506078005
3048 -3.333525571610842
3049 -3.333512631680855
3050 -3.333497274681284
3051 -3.333482609867185
3052 -3.333469685573645
3053 -3.333455622317041
3054 -3.333442799484196
3055 -3.333431190859686
3056 -3.333416713416288
3057 -3.333401629124631
3058 -3.333387820873341
3059 -3.333374827088452
3060 -3.333362459253213
3061 -3.333352091491665
3062 -3.333338272686001
3063 -3.333326496696726
3064 -3.333312221504641
3065 -3.333296542451636
3066 -3.333283931803676
3067 -3.333270132985475
3068 -3.333257818482107
3069 -3.333247406001876
3070 -3.333234386627431
3071 -3.333220348153661
3072 -3.333206854861098
3073 -3.333195188772435
3074 -3.333180834849439
3075 -3.333168037148447
3076 -3.333156341584332
3077 -3.33314333779122
3078 -3.333128510596997
3079 -3.333114613061861
3080 -3.333101075077815
3081 -3.333088855994097
3082 -3.333076850907911
3083 -3.333064650419365
3084 -3.333048482979801
3085 -3.333034466858567
3086 -3.333021769561987
3087 -3.333008639912444
3088 -3.33299558022204
3089 -3.332981698016538
3090 -3.33296588753435
3091 -3.332949823934683
3092 -3.332935925915351
3093 -3.332922455583458
3094 -3.332911045662973
3095 -3.332895865928203
3096 -3.332880099981068
3097 -3.332865608262728
3098 -3.332852858264471
3099 -3.332836838323278
3100 -3.332820110462946
3101 -3.33280547081088
3102 -3.332791154564009
3103 -3.332775771560025
3104 -3.332758928239958
3105 -3.332743295053397
3106 -3.332728818043549
3107 -3.332711252669927
3108 -3.332695481974476
3109 -3.332677903939446
3110 -3.332662007302636
3111 -3.332647243379178
3112 -3.332632131291761
3113 -3.332614436786957
3114 -3.33259654701715
3115 -3.33257774598089
3116 -3.332560240969119
3117 -3.332542986458564
3118 -3.332526284433668
3119 -3.332510838002347
3120 -3.332493414444925
3121 -3.332475590901121
3122 -3.332456506350377
3123 -3.332436801306115
3124 -3.332417733596287
3125 -3.332399166869684
3126 -3.332381234261621
3127 -3.332362545284579
3128 -3.332343341217432
3129 -3.332323850245494
3130 -3.332304081718392
3131 -3.332284014946526
3132 -3.33226393240605
3133 -3.332244455876538
3134 -3.332225118214906
3135 -3.332205122886255
3136 -3.332185394962564
3137 -3.332163801592773
3138 -3.332142493206289
3139 -3.332121422827273
3140 -3.332100289040981
3141 -3.332079112329147
3142 -3.332058685482728
3143 -3.332036536864305
3144 -3.33201458209645
3145 -3.3319930588552
3146 -3.331971219492351
3147 -3.331948401452034
3148 -3.331925926496928
3149 -3.3319031877244
3150 -3.331881281174163
3151 -3.331858806520147
3152 -3.331836025636895
3153 -3.331812823528865
3154 -3.331788765319485
3155 -3.331764911449911
3156 -3.331740473948222
3157 -3.331716392184984
3158 -3.331693597420472
3159 -3.331670424299495
3160 -3.331646418881804
3161 -3.331621651228895
3162 -3.331595944936665
3163 -3.331571602497622
3164 -3.331547672869699
3165 -3.331522322317098
3166 -3.331497218750162
3167 -3.331470709768098
3168 -3.331445388941421
3169 -3.331420911519547
3170 -3.33139444109402
3171 -3.331367968041093
3172 -3.331342604107841
3173 -3.331316801367749
3174 -3.331290639492096
3175 -3.331263787447901
3176 -3.331236601671122
3177 -3.331209477292584
3178 -3.331183703020943
3179 -3.331157316273478
3180 -3.331129931375186
3181 -3.331103281208288
3182 -3.331076417850237
3183 -3.331048659094615
3184 -3.331020545204725
3185 -3.330992428185817
3186 -3.330964718926591
3187 -3.330936619581442
3188 -3.330908497447677
3189 -3.330880075166555
3190 -3.330853218771916
3191 -3.330825829307789
3192 -3.330796719467444
3193 -3.33076808644862
3194 -3.330739786718561
3195 -3.33071062508819
3196 -3.330681765248287
3197 -3.33065229075144
3198 -3.330623425967767
3199 -3.330595278000785
3200 -3.330567251276733
3201 -3.330537629635568
3202 -3.330509393602195
3203 -3.33047865212597
3204 -3.33044881704782
3205 -3.330418359912183
3206 -3.330389135594856
3207 -3.330360009182755
3208 -3.330331299340279
3209 -3.330301739336633
3210 -3.330271436429553
3211 -3.330241596420025
3212 -3.330212135584684
3213 -3.330181683024779
3214 -3.330151902729344
3215 -3.3301224542683
3216 -3.33009295397307
3217 -3.330062450704807
3218 -3.330032762749371
3219 -3.330002854933169
3220 -3.32997343421225
3221 -3.329943124560951
3222 -3.329912291397831
3223 -3.329881498918663
3224 -3.329851460200113
3225 -3.329822305060886
3226 -3.329792448996652
3227 -3.329763008890446
3228 -3.329732641554619
3229 -3.329702149465429
3230 -3.329672416111471
3231 -3.329642948680871
3232 -3.32961292179452
3233 -3.329581898243673
3234 -3.32955164718263
3235 -3.329522326708778
3236 -3.329492929160137
3237 -3.329463486295287
3238 -3.329434409475183
3239 -3.329405033406619
3240 -3.329374916883741
3241 -3.329344855283983
3242 -3.329315169414693
3243 -3.329286123080228
3244 -3.329257419788582
3245 -3.329229140156747
3246 -3.329199401402458
3247 -3.329170073579053
3248 -3.329140894559752
3249 -3.329111750001077
3250 -3.32908267240101
3251 -3.329054291229633
3252 -3.329026509895125
3253 -3.328999016968483
3254 -3.328970436013938
3255 -3.328942358217235
3256 -3.328913520840417
3257 -3.328884717830458
3258 -3.328856990361395
3259 -3.328829873893291
3260 -3.328803428561461
3261 -3.328776812890224
3262 -3.328748600214938
3263 -3.32872091106418
3264 -3.328693503817738
3265 -3.328666377635316
3266 -3.328639861405286
3267 -3.328613808281529
3268 -3.328587427682131
3269 -3.328561489681753
3270 -3.328534766949983
3271 -3.328508800428898
3272 -3.32848382222474
3273 -3.3284585570873
3274 -3.328433199454985
3275 -3.328407841731746
3276 -3.32838304323578
3277 -3.328358353578261
3278 -3.328333334745556
3279 -3.32830864008867
3280 -3.328284709754832
3281 -3.328260618744717
3282 -3.32823652541652
3283 -3.328212849467296
3284 -3.328189461605166
3285 -3.328166743238634
3286 -3.32814402168036
3287 -3.328121243141229
3288 -3.328098516108345
3289 -3.328076315826337
3290 -3.328053799562622
3291 -3.328031231776444
3292 -3.328009325057224
3293 -3.327988133407568
3294 -3.327967168902241
3295 -3.32794584048031
3296 -3.327925293153035
3297 -3.327904039929134
3298 -3.327883765553976
3299 -3.327863000287218
3300 -3.327842655494717
3301 -3.327823570754695
3302 -3.327804147445099
3303 -3.327785541852111
3304 -3.327766256458693
3305 -3.327747040668507
3306 -3.327728070108819
3307 -3.327709694348504
3308 -3.327690797538367
3309 -3.327673599316779
3310 -3.327656031682467
3311 -3.32763843030325
3312 -3.327620940922441
3313 -3.327603442623879
3314 -3.327586356032947
3315 -3.327569780848449
3316 -3.327553514771436
3317 -3.327537496130776
3318 -3.327521299535893
3319 -3.327505291254224
3320 -3.327490255369383
3321 -3.327475154554878
3322 -3.327459664865534
3323 -3.327444177084372
3324 -3.327429676212753
3325 -3.327415650931576
3326 -3.327401400656416
3327 -3.327386953212873
3328 -3.327372694786116
3329 -3.327358919012559
3330 -3.327346201308939
3331 -3.327333069796621
3332 -3.32731981894016
3333 -3.32730679622197
3334 -3.327293936630376
3335 -3.327281382440799
3336 -3.32726933602274
3337 -3.327257878381368
3338 -3.327246231564778
3339 -3.327234437914167
3340 -3.327222287580864
3341 -3.327210798593027
3342 -3.327199922945952
3343 -3.327189246666546
3344 -3.327178656985746
3345 -3.327168394249547
3346 -3.32715809615452
3347 -3.327147792428376
3348 -3.327137944697377
3349 -3.327128173204324
3350 -3.327118551452597
3351 -3.327109092760317
3352 -3.327099741951757
3353 -3.3270903512323
3354 -3.327081238182219
3355 -3.327073073689933
3356 -3.327064765222306
3357 -3.327056098702836
3358 -3.327047844162965
3359 -3.327039364065711
3360 -3.327030955656309
3361 -3.327023354492041
3362 -3.327016232651315
3363 -3.327009171536063
3364 -3.327002565410627
3365 -3.326995171858727
3366 -3.326987725219743
3367 -3.326980113292807
3368 -3.326972957215115
3369 -3.326966562388245
3370 -3.326960605121401
3371 -3.326954857185646
3372 -3.326948809228337
3373 -3.326943149365274
3374 -3.32693724712295
3375 -3.326931386457989
3376 -3.326925647693392
3377 -3.326920147518549
3378 -3.326914523312978
3379 -3.326909220977143
3380 -3.326904158250375
3381 -3.326899388528462
3382 -3.326895053717499
3383 -3.32689041902529
3384 -3.326885437602969
3385 -3.326880950199962
3386 -3.326876727698129
3387 -3.326872595620483
3388 -3.326868510767374
3389 -3.326864466867029
3390 -3.326860894737383
3391 -3.326857446413735
3392 -3.326853505719118
3393 -3.326849978495901
3394 -3.326846189858233
3395 -3.3268430670921
3396 -3.326839924257118
3397 -3.32683723765965
3398 -3.326834760249089
3399 -3.32683179066075
3400 -3.326829590892905
3401 -3.326827166918575
3402 -3.32682454876285
3403 -3.326821651860123
3404 -3.326819419198949
3405 -3.326816998008333
3406 -3.326814917086818
3407 -3.326813187456212
3408 -3.326811733227443
3409 -3.326809637414176
3410 -3.326808037383659
3411 -3.326806647800659
3412 -3.326805464620107
3413 -3.326804161546803
3414 -3.326802670365027
3415 -3.32680135542156
3416 -3.326800344483026
3417 -3.326799722716498
3418 -3.326799047754983
3419 -3.326798335266627
3420 -3.326797314797395
3421 -3.326796953750662
3422 -3.326796831742131
3423 -3.326796587559826
3424 -3.326796522434312
3425 -3.326796268959467
3426 -3.326796324182208
3427 -3.326796568520919
3428 -3.326796547048234
3429 -3.326796692475495
3430 -3.32679705418302
3431 -3.326797568463495
3432 -3.326798363311871
3433 -3.326799430036183
3434 -3.326800551947199
3435 -3.326801508287303
3436 -3.326802459467125
3437 -3.326803662956535
3438 -3.326804817203642
3439 -3.326806023910045
3440 -3.326807494836355
3441 -3.326809138161859
3442 -3.326810854412585
3443 -3.326812692135291
3444 -3.326814611640747
3445 -3.326817352697623
3446 -3.326819351332595
3447 -3.326821550563783
3448 -3.326823788312919
3449 -3.326825737493652
3450 -3.326828037427331
3451 -3.326830675193727
3452 -3.326833705533471
3453 -3.326836506844148
3454 -3.326839350599327
3455 -3.326842280721874
3456 -3.326845453467975
3457 -3.326848479549826
3458 -3.326852164252527
3459 -3.326855971559322
3460 -3.326859886690003
3461 -3.326863598052287
3462 -3.326867529414753
3463 -3.326871073233373
3464 -3.326875052667601
3465 -3.326879374861151
3466 -3.326883385272554
3467 -3.326887724098105
3468 -3.326892197930783
3469 -3.326896964128163
3470 -3.326901713054471
3471 -3.326906904241989
3472 -3.326912138017972
3473 -3.326916986733521
3474 -3.326921584506609
3475 -3.326926099604466
3476 -3.326929983029479
3477 -3.326936612203553
3478 -3.326943755243875
3479 -3.326949991641577
3480 -3.326955301126311
3481 -3.326960700179939
3482 -3.32696661824694
3483 -3.326972720615995
3484 -3.326978731898819
3485 -3.326985189092734
3486 -3.326991181561211
3487 -3.326997709254824
3488 -3.327004650246255
3489 -3.327012109453629
3490 -3.327018985461543
3491 -3.327025670755358
3492 -3.327032744995741
3493 -3.327039552531446
3494 -3.327046513225069
3495 -3.32705337970437
3496 -3.327061175804388
3497 -3.327069340187361
3498 -3.327076705264326
3499 -3.327084435329942
3500 -3.327092361447672
3501 -3.327099901389637
3502 -3.327108109984648
3503 -3.327116598335469
3504 -3.327124797897948
3505 -3.327132971266519
3506 -3.327141045309879
3507 -3.327149386063234
3508 -3.327157887728025
3509 -3.327166534797169
3510 -3.327175368470936
3511 -3.32718449656767
3512 -3.327193313984024
3513 -3.327202312728266
3514 -3.327211620155578
3515 -3.327220778559591
3516 -3.327229680282396
3517 -3.32723919830614
3518 -3.327248132565251
3519 -3.327257195895513
3520 -3.327266963971369
3521 -3.327276635597591
3522 -3.327286212230483
3523 -3.32729588178318
3524 -3.327305989725064
3525 -3.327315721225752
3526 -3.327325681104342
3527 -3.327335625456417
3528 -3.327345392339532
3529 -3.327355981120057
3530 -3.327366374610107
3531 -3.327375775217744
3532 -3.327385800044396
3533 -3.327396265048506
3534 -3.327407414130313
3535 -3.327418200520518
3536 -3.327428265651642
3537 -3.327438471671637
3538 -3.327449289861937
3539 -3.327459736612822
3540 -3.327470354311368
3541 -3.327481203880682
3542 -3.327492424612847
3543 -3.327503304485997
3544 -3.327514153625354
3545 -3.327524556319579
3546 -3.327535201253008
3547 -3.327545814399182
3548 -3.327556993788124
3549 -3.327568400197807
3550 -3.32757926711554
3551 -3.327590555238902
3552 -3.327601734708269
3553 -3.327612697892273
3554 -3.327623673752008
3555 -3.327634810765624
3556 -3.327645926453705
3557 -3.327656962488566
3558 -3.327668208625419
3559 -3.327679677808589
3560 -3.327691377586045
3561 -3.327702455740771
3562 -3.327713889326456
3563 -3.327724132818187
3564 -3.327735326013745
3565 -3.327746437939791
3566 -3.327757976345593
3567 -3.327769660676596
3568 -3.327780710330323
3569 -3.327792064212736
3570 -3.32780311959871
3571 -3.327814290177237
3572 -3.327825726999429
3573 -3.327836688498069
3574 -3.327847482980014
3575 -3.327858454544355
3576 -3.327870065127271
3577 -3.327882161379182
3578 -3.327893631122392
3579 -3.327904284393922
3580 -3.327915282789174
3581 -3.327926171844181
3582 -3.327937677963013
3583 -3.327948824699792
3584 -3.327958934718652
3585 -3.327969680364352
3586 -3.327980401055366
3587 -3.327992189000632
3588 -3.328003611733366
3589 -3.328014693064838
3590 -3.328024905363955
3591 -3.328035157279205
3592 -3.328045787794334
3593 -3.328056768816858
3594 -3.328068166504245
3595 -3.328079186662404
3596 -3.32808921943254
3597 -3.328099910712308
3598 -3.328111130927528
3599 -3.328122237084435
3600 -3.328132494709357
3601 -3.328142398643084
3602 -3.328151936884225
3603 -3.328162331446614
3604 -3.328171999657151
3605 -3.328182731851915
3606 -3.328193719823894
3607 -3.328204367271147
3608 -3.328214579879186
3609 -3.328224508973933
3610 -3.328234193007555
3611 -3.32824365262607
3612 -3.328253815269675
3613 -3.328263648877992
3614 -3.328273671378059
3615 -3.328283639723693
3616 -3.3282931021691
3617 -3.328302949894765
3618 -3.328313012076663
3619 -3.328322657781408
3620 -3.328332230581447
3621 -3.32834144969741
3622 -3.328350386236406
3623 -3.32835964352975
3624 -3.32836910933481
3625 -3.328378474311525
3626 -3.328387997286175
3627 -3.328397286215051
3628 -3.328406530025566
3629 -3.328415850448315
3630 -3.328424874138145
3631 -3.328433668919023
3632 -3.328442270582694
3633 -3.328451327236233
3634 -3.328460468491929
3635 -3.328468557635538
3636 -3.328476582610129
3637 -3.328485861208388
3638 -3.328494997881221
3639 -3.328503681280478
3640 -3.328512349052241
3641 -3.32852079494999
3642 -3.328529343516447
3643 -3.328537437012518
3644 -3.328545564376033
3645 -3.328553853976484
3646 -3.328562121733492
3647 -3.32857033662618
3648 -3.328579027236579
3649 -3.328587407251018
3650 -3.328595881193444
3651 -3.328603627831134
3652 -3.328611432374072
3653 -3.328619404303903
3654 -3.328627174112492
3655 -3.328635100722486
3656 -3.328642920059738
3657 -3.328651076693451
3658 -3.328658928653831
3659 -3.328665974294352
3660 -3.328674020943405
3661 -3.32868201049261
3662 -3.328690047449529
3663 -3.328697988970143
3664 -3.328705776945735
3665 -3.328713531591687
3666 -3.328721117178928
3667 -3.328728275240628
3668 -3.328735424997179
3669 -3.328743309408848
3670 -3.328751222037625
3671 -3.328758578647116
3672 -3.328766127534765
3673 -3.328773835116624
3674 -3.328781671146622
3675 -3.328788658487421
3676 -3.328796035993979
3677 -3.328803859089111
3678 -3.328811709637425
3679 -3.328818976505912
3680 -3.328826451141156
3681 -3.328833786960852
3682 -3.328840945697571
3683 -3.328848179282607
3684 -3.328855172322384
3685 -3.328863343101649
3686 -3.328871676708729
3687 -3.328878893778082
3688 -3.328886163957974
3689 -3.328893436042736
3690 -3.328901338069256
3691 -3.328908783999551
3692 -3.328916413891343
3693 -3.328923565980822
3694 -3.3289314392955
3695 -3.328938678772814
3696 -3.328946118814867
3697 -3.32895373062956
3698 -3.328961491051664
3699 -3.328968847516735
3700 -3.328976356657117
3701 -3.328985549652679
3702 -3.328993664716126
3703 -3.32900049624734
3704 -3.329008053834764
3705 -3.329015737991987
3706 -3.329023305769497
3707 -3.329031460041322
3708 -3.329040055047894
3709 -3.329048363020254
3710 -3.329056283618693
3711 -3.329063741337671
3712 -3.329071493910075
3713 -3.329080107497343
3714 -3.329088687619595
3715 -3.329096852963632
3716 -3.32910481922125
3717 -3.329113475364792
3718 -3.329122311704008
3719 -3.329130836625808
3720 -3.329139491758995
3721 -3.329148113890914
3722 -3.329156598159767
3723 -3.329164933525913
3724 -3.329173410218603
3725 -3.329181835517813
3726 -3.329191193886268
3727 -3.329200145449336
3728 -3.329209350787433
3729 -3.329218503250241
3730 -3.329227950601376
3731 -3.329237522479521
3732 -3.329246570663062
3733 -3.329256134880336
3734 -3.329265296945065
3735 -3.329274538211444
3736 -3.329284082439285
3737 -3.329293629283394
3738 -3.329301446142245
3739 -3.329312830731954
3740 -3.329325270864101
3741 -3.329335922011717
3742 -3.329345064150246
3743 -3.329353421969038
3744 -3.329362841686177
3745 -3.329373704747987
3746 -3.329384847976931
3747 -3.329395643525836
3748 -3.329406316950085
3749 -3.329416670236416
3750 -3.329427245236878
3751 -3.329438254107549
3752 -3.329449280419415
3753 -3.329460565155758
3754 -3.329471710498449
3755 -3.329482859312568
3756 -3.329493907601119
3757 -3.329505184322976
3758 -3.329516815526175
3759 -3.329528560547804
3760 -3.329540368296977
3761 -3.329552370418802
3762 -3.329564256010017
3763 -3.329576435815059
3764 -3.329588663552264
3765 -3.329600662439177
3766 -3.329612534551393
3767 -3.329624620692951
3768 -3.329637287569111
3769 -3.329650057692854
3770 -3.32966319718634
3771 -3.329676069955317
3772 -3.329688768892587
3773 -3.329701457422762
3774 -3.329714770255128
3775 -3.329728286076648
3776 -3.329741821718811
3777 -3.329755395448552
3778 -3.329768816798729
3779 -3.329782205360017
3780 -3.329795853310821
3781 -3.329810023894593
3782 -3.329824026109292
3783 -3.329838345761049
3784 -3.329852388576267
3785 -3.329866134514501
3786 -3.329880273456724
3787 -3.329894658097125
3788 -3.329909772144799
3789 -3.32992490284078
3790 -3.329939806514414
3791 -3.329954123755008
3792 -3.329968814249716
3793 -3.329983985115327
3794 -3.32999943258635
3795 -3.330014886632505
3796 -3.330030347518756
3797 -3.330045746632005
3798 -3.33006131962131
3799 -3.330076823962087
3800 -3.330092390049018
3801 -3.330108469715419
3802 -3.330124189097404
3803 -3.330140174244194
3804 -3.330156465621349
3805 -3.330172855827647
3806 -3.330188941208783
3807 -3.330205410227016
3808 -3.330222258730607
3809 -3.330238421561633
3810 -3.330255284636376
3811 -3.330272379117609
3812 -3.330289164940784
3813 -3.3303056037956
3814 -3.330322869166992
3815 -3.330339894061997
3816 -3.330356999983304
3817 -3.330374018012162
3818 -3.330391380746973
3819 -3.33040900936818
3820 -3.330426656600782
3821 -3.330444164643676
3822 -3.330461785286927
3823 -3.330479289208248
3824 -3.330497085398515
3825 -3.330514934999934
3826 -3.33053274911173
3827 -3.330550732937299
3828 -3.330568555293178
3829 -3.330586606086936
3830 -3.330605086302296
3831 -3.330623497745315
3832 -3.330641503996588
3833 -3.330659840078483
3834 -3.330678206090429
3835 -3.330696631431644
3836 -3.330715431050567
3837 -3.330733668895635
3838 -3.330752117017727
3839 -3.330770646846446
3840 -3.330789407014174
3841 -3.330808084609913
3842 -3.330826702652097
3843 -3.330845930735572
3844 -3.330864706292474
3845 -3.330883210518429
3846 -3.330902025974328
3847 -3.330921156288662
3848 -3.330939964348079
3849 -3.330958559515586
3850 -3.330977719483222
3851 -3.330996941039951
3852 -3.331015824410365
3853 -3.331034950829693
3854 -3.331054103242824
3855 -3.33107323362806
3856 -3.331092379687778
3857 -3.331111706691005
3858 -3.331130742388281
3859 -3.331149514109686
3860 -3.331168649627744
3861 -3.331188183603345
3862 -3.331207409545898
3863 -3.331226507924192
3864 -3.331245436750943
3865 -3.331264778797189
3866 -3.331283846779966
3867 -3.331302913216366
3868 -3.331321916596885
3869 -3.331340988929054
3870 -3.331360153169712
3871 -3.331379741370174
3872 -3.331399034629371
3873 -3.331417821749355
3874 -3.331436591247724
3875 -3.331455499475172
3876 -3.331474545430738
3877 -3.331493535379314
3878 -3.331512641560527
3879 -3.331531863673503
3880 -3.33155052432518
3881 -3.331569375304591
3882 -3.331588271443869
3883 -3.331607088306579
3884 -3.331625969689964
3885 -3.331645032954713
3886 -3.331663779211878
3887 -3.331682208818146
3888 -3.331700515263561
3889 -3.331718877902089
3890 -3.331737469224708
3891 -3.331756160313397
3892 -3.331774802605123
3893 -3.331793143288406
3894 -3.331811532179627
3895 -3.331829712590006
3896 -3.331847844700197
3897 -3.331866056926525
3898 -3.331884251025937
3899 -3.331902460998589
3900 -3.331920567914115
3901 -3.331938667298219
3902 -3.33195662679819
3903 -3.331974466105656
3904 -3.331992039822382
3905 -3.33200987698152
3906 -3.332027425740336
3907 -3.332044976361943
3908 -3.332061885964031
3909 -3.332080454536023
3910 -3.332098154786042
3911 -3.332115070142836
3912 -3.332132713406597
3913 -3.332150144962176
3914 -3.33216668380992
3915 -3.332183536026108
3916 -3.332200722952333
3917 -3.332217687543434
3918 -3.332234918069923
3919 -3.332252199119691
3920 -3.332269019035698
3921 -3.332285404868239
3922 -3.332301831993587
3923 -3.332318332738756
3924 -3.332334771426627
3925 -3.332351346273769
3926 -3.332367551394977
3927 -3.33238381612489
3928 -3.332400080159901
3929 -3.332416545303158
3930 -3.33243284766644
3931 -3.332448750541919
3932 -3.332464525093962
3933 -3.332480218579696
3934 -3.33249600252112
3935 -3.332511894400021
3936 -3.332527776047189
3937 -3.33254325327773
3938 -3.332558747438672
3939 -3.332574194414614
3940 -3.33258967642956
3941 -3.332605213032438
3942 -3.332620213037441
3943 -3.332635346804314
3944 -3.332650550205854
3945 -3.332665855132022
3946 -3.332681015635791
3947 -3.332696174863023
3948 -3.332711095076096
3949 -3.332725485693919
3950 -3.332740207712798
3951 -3.332754959522352
3952 -3.332769784077549
3953 -3.332784395746998
3954 -3.332798594111972
3955 -3.332813082787869
3956 -3.332827774026348
3957 -3.332842442333982
3958 -3.332856990788287
3959 -3.332871206132786
3960 -3.332885331794948
3961 -3.332899332446858
3962 -3.33291325277935
3963 -3.33292739002066
3964 -3.332941663360504
3965 -3.332955703604225
3966 -3.332969270478034
3967 -3.332983087931483
3968 -3.332997048529813
3969 -3.333011175343168
3970 -3.33302508407268
3971 -3.333038709748407
3972 -3.333052380543829
3973 -3.333065787889806
3974 -3.333079306906925
3975 -3.333092849849954
3976 -3.333106369821901
3977 -3.333119786626823
3978 -3.333133043369627
3979 -3.333146503909948
3980 -3.333159989692068
3981 -3.333173165493808
3982 -3.333186478686927
3983 -3.333199809040875
3984 -3.333213105834509
3985 -3.333226522642136
3986 -3.333239587104096
3987 -3.333252735145584
3988 -3.333266107687788
3989 -3.33327922082906
3990 -3.333291806615879
3991 -3.333304943763555
3992 -3.333318114490196
3993 -3.333330944900953
3994 -3.333343865342608
3995 -3.333356929984509
3996 -3.333370302774378
3997 -3.333383187079593
3998 -3.333395825648234
3999 -3.333408424455676
4000 -3.333421244929103
