"thrust_small-rfile"
"Iteration" "thrust_small"
("Iteration" "thrust_small")
1 -0.1103657415451367
2 -0.04954043865689586
3 -0.4094447915868367
4 -0.5817413940761892
5 -0.673370185650208
6 -0.6747784235795348
7 -0.6471195663204867
8 -0.6435064963795099
9 -0.6426044348076633
10 -0.6588167535015783
11 -0.6665268416533977
12 -0.7578804766255649
13 -0.7686085827242315
14 -0.8581120478740837
15 -0.865989011883146
16 -0.8776467948975224
17 -0.8938158048297619
18 -0.9903112102235671
19 -0.9988840527990018
20 -1.00870782250532
21 -1.0540547689013
22 -1.060088957645498
23 -1.068597025444502
24 -1.11285685855951
25 -1.119135519202015
26 -1.127021585006575
27 -1.152226741582727
28 -1.154709757798534
29 -1.158244572540689
30 -1.162237734124303
31 -1.165274358893658
32 -1.168327487546315
33 -1.173684292499515
34 -1.181144492232132
35 -1.191039044731342
36 -1.204195737338469
37 -1.203898682793371
38 -1.203215957603269
39 -1.201889150092901
40 -1.158612304402028
41 -1.156898777575774
42 -1.158390311377131
43 -1.163188644691949
44 -1.170853927166127
45 -1.178075868012896
46 -1.177151301994517
47 -1.180573297197416
48 -1.185779544669771
49 -1.193185238118331
50 -1.204196929274711
51 -1.216767582325557
52 -1.25645717547019
53 -1.26303924855222
54 -1.269644509616648
55 -1.277141567351486
56 -1.287132332903667
57 -1.300264648883158
58 -1.36134890993932
59 -1.370615146141526
60 -1.380286450631077
61 -1.392370185549111
62 -1.406593759685374
63 -1.483462588306597
64 -1.493059909725905
65 -1.503347165758033
66 -1.515412425087246
67 -1.579427440894049
68 -1.585269517817304
69 -1.592351962426124
70 -1.602411028603864
71 -1.617207205675227
72 -1.72017203191567
73 -1.730143012004513
74 -1.741891309551522
75 -1.756203464351751
76 -1.773272712200956
77 -1.883791453733325
78 -1.892822829447843
79 -1.902208890857082
80 -1.912857681964336
81 -1.979266547597805
82 -1.985699490647108
83 -1.993966422776379
84 -2.005174456204435
85 -2.021818351357543
86 -2.129369154946232
87 -2.139046545803911
88 -2.148972574057228
89 -2.159695029223323
90 -2.225615073225492
91 -2.226096391317353
92 -2.225431299691191
93 -2.224662148265084
94 -2.227743953637427
95 -2.227336948839754
96 -2.229092148929375
97 -2.232658792334233
98 -2.26035585832276
99 -2.259868402713406
100 -2.258795707515849
101 -2.25672913111698
102 -2.252088199495466
103 -2.214565986506918
104 -2.207695695007059
105 -2.199954564994185
106 -2.190971047990577
107 -2.180814948019898
108 -2.125064248090702
109 -2.117725896904619
110 -2.11027090941572
111 -2.101973627839825
112 -2.091076633923266
113 -2.031316038145593
114 -2.023031893381839
115 -2.013115425576049
116 -2.00239388273804
117 -1.988776879579886
118 -1.912761302754715
119 -1.905919276130803
120 -1.899062162436558
121 -1.891727285882085
122 -1.882450628602334
123 -1.832908413523093
124 -1.826829901157665
125 -1.81965522199777
126 -1.810769829748121
127 -1.800351003840563
128 -1.748910994652398
129 -1.744566720239991
130 -1.740544152902605
131 -1.736844200497492
132 -1.732918599153956
133 -1.71559446991696
134 -1.712763811005114
135 -1.709261214433862
136 -1.705466117653971
137 -1.700483878448215
138 -1.680694799428508
139 -1.67959001557787
140 -1.679138441473743
141 -1.679391071286933
142 -1.687353772614836
143 -1.687842181299056
144 -1.688106075441882
145 -1.688409157065166
146 -1.692382514656545
147 -1.692906287166415
148 -1.692817302295848
149 -1.693243080350513
150 -1.697468517790102
151 -1.69761161387069
152 -1.698008350897579
153 -1.698716527569025
154 -1.703850413111637
155 -1.705371564691691
156 -1.707170421335225
157 -1.708725368522058
158 -1.717000757509712
159 -1.716852421859466
160 -1.715994027034869
161 -1.714489243724576
162 -1.707284294243389
163 -1.707159517010345
164 -1.707375551120902
165 -1.707897611011775
166 -1.711989223242357
167 -1.712505872001196
168 -1.712661071656675
169 -1.711896952659044
170 -1.708723191944789
171 -1.707812135549644
172 -1.7061683380869
173 -1.703912209937085
174 -1.691785767375642
175 -1.690473484907425
176 -1.688789712870309
177 -1.68646067792784
178 -1.673061374646725
179 -1.671289312837261
180 -1.668540556285613
181 -1.653390577973413
182 -1.650915561623471
183 -1.647404643901428
184 -1.626615053296694
185 -1.622799902580302
186 -1.617699136886585
187 -1.591064035936
188 -1.587183905015084
189 -1.582204007462749
190 -1.557986590765559
191 -1.553725609434379
192 -1.548581368724202
193 -1.522233317012227
194 -1.517582999150953
195 -1.511831150490593
196 -1.485614458110908
197 -1.481783663457811
198 -1.477447604828525
199 -1.455475794357695
200 -1.452551072124093
201 -1.448917030033721
202 -1.432162334659679
203 -1.430014896079165
204 -1.427467219428757
205 -1.418971780071027
206 -1.417430698689422
207 -1.411009377188733
208 -1.410279552147155
209 -1.409853738434712
210 -1.409487646351395
211 -1.409217008680569
212 -1.409392491389266
213 -1.411622752866157
214 -1.412138700282935
215 -1.416140235668144
216 -1.41648181979734
217 -1.420435488286507
218 -1.421710628746278
219 -1.428351942391061
220 -1.429342110385243
221 -1.436475437327115
222 -1.437351961813149
223 -1.443928321622736
224 -1.445352600542095
225 -1.453878664917715
226 -1.454834585459126
227 -1.462443642183556
228 -1.463486901453736
229 -1.472077030856366
230 -1.473129275699592
231 -1.48185458499408
232 -1.482855297501383
233 -1.492653816637208
234 -1.494131540932584
235 -1.50350092042362
236 -1.504700967213948
237 -1.516149893339067
238 -1.517778971243953
239 -1.529127083244838
240 -1.530886075757017
241 -1.541958238562781
242 -1.543917067464666
243 -1.557628919095429
244 -1.559656473485751
245 -1.57436969455154
246 -1.577039677255686
247 -1.591661190233781
248 -1.593635736367841
249 -1.608212193830455
250 -1.611246275364557
251 -1.627930562600317
252 -1.631076876017907
253 -1.649137688317328
254 -1.651657477698026
255 -1.668246611783935
256 -1.670917590056988
257 -1.687824152112181
258 -1.69095443382374
259 -1.70935300796386
260 -1.711795856100325
261 -1.727101711924817
262 -1.730275230722032
263 -1.74787907717654
264 -1.750952374055512
265 -1.76834589224716
266 -1.771102722281973
267 -1.786289584454193
268 -1.788840137832979
269 -1.80419073437546
270 -1.806657612946621
271 -1.820783788464015
272 -1.8230497852551
273 -1.835257640450183
274 -1.837490901266896
275 -1.849108650846374
276 -1.851359622203907
277 -1.862202098689478
278 -1.863939911757784
279 -1.872755586824429
280 -1.873872165919086
281 -1.880001756715171
282 -1.881093063443766
283 -1.886542182150413
284 -1.887248014306613
285 -1.891595290058512
286 -1.892032870808803
287 -1.894036199332122
288 -1.894477811486037
289 -1.895448931071255
290 -1.895376549187554
291 -1.895202820230719
292 -1.894967447908197
293 -1.893576190666692
294 -1.893353272623398
295 -1.891816756440272
296 -1.891434380280617
297 -1.889057381148283
298 -1.888494560261604
299 -1.884749278193816
300 -1.883752720995508
301 -1.879519181226883
302 -1.878367976012527
303 -1.87296287737002
304 -1.871847664826897
305 -1.865715529899157
306 -1.864680198613522
307 -1.859625282857508
308 -1.858726851557411
309 -1.853283734794785
310 -1.852010488973468
311 -1.843041748701655
312 -1.841422132233054
313 -1.834818111923841
314 -1.83306658886152
315 -1.825681930814329
316 -1.82395008755547
317 -1.814664156343462
318 -1.812898705376327
319 -1.804188035818828
320 -1.802588651164151
321 -1.79511269634121
322 -1.793898583037927
323 -1.786696634798047
324 -1.785174131835964
325 -1.77816052140591
326 -1.77654927520329
327 -1.769266707363704
328 -1.767697265711011
329 -1.761751101603528
330 -1.760579357943289
331 -1.755361313395971
332 -1.754248189634772
333 -1.750047768700374
334 -1.749227540676848
335 -1.745751434811998
336 -1.745165073638101
337 -1.74316826734522
338 -1.742539360364288
339 -1.740872753971384
340 -1.740533607363206
341 -1.739164650292887
342 -1.739015127670885
343 -1.738719682884925
344 -1.73858744224472
345 -1.73867142446787
346 -1.738424305314687
347 -1.73824357510685
348 -1.738074747301446
349 -1.73774787802991
350 -1.737449337933622
351 -1.737397971563109
352 -1.737224046171738
353 -1.737055596993084
354 -1.736872886713686
355 -1.736363642094878
356 -1.736222106585357
357 -1.735446198482029
358 -1.735227002880295
359 -1.734216008335389
360 -1.733877609659833
361 -1.732320303978952
362 -1.732053762233839
363 -1.730568189422436
364 -1.730209629733224
365 -1.728663258334931
366 -1.728338773875284
367 -1.726655370890329
368 -1.726242603330113
369 -1.723724014413325
370 -1.723380604594641
371 -1.72111354895055
372 -1.720782675113698
373 -1.718153831171931
374 -1.717739698323744
375 -1.715241511116578
376 -1.714836744046434
377 -1.712090353540282
378 -1.711629480332736
379 -1.70895161958575
380 -1.70838223966938
381 -1.705615936429519
382 -1.705049741844397
383 -1.702261195018779
384 -1.701775433486923
385 -1.699129457267843
386 -1.69861461151592
387 -1.696097293985266
388 -1.695563667840045
389 -1.693153554812305
390 -1.692559911488544
391 -1.690088529967489
392 -1.689515954323507
393 -1.686561922262441
394 -1.686074254830855
395 -1.683674859227732
396 -1.6832640998071
397 -1.681497494140368
398 -1.681143641996774
399 -1.679084624556872
400 -1.678749212414764
401 -1.676546851762496
402 -1.676193130986121
403 -1.674285196501473
404 -1.67403526907304
405 -1.67281027282071
406 -1.672618283682376
407 -1.6715763687362
408 -1.671345252655677
409 -1.670225151075275
410 -1.669989102545962
411 -1.669059326914928
412 -1.668877646946283
413 -1.668597478312799
414 -1.668447383055494
415 -1.668153623186332
416 -1.668066326361189
417 -1.667878161734089
418 -1.667836415651698
419 -1.668024293871348
420 -1.668080869282198
421 -1.668926183056292
422 -1.668925626987753
423 -1.669319213322523
424 -1.669381431876901
425 -1.670173368440852
426 -1.670241653433723
427 -1.67114083104661
428 -1.671234544763572
429 -1.672055146567431
430 -1.672155683695244
431 -1.67319962190137
432 -1.673353561076783
433 -1.674516267527126
434 -1.674624258256632
435 -1.675717465471344
436 -1.675813721326756
437 -1.676497440111847
438 -1.67657003300886
439 -1.677237402366907
440 -1.677336002527378
441 -1.678209583385616
442 -1.678322011947207
443 -1.679033434991816
444 -1.67905262245961
445 -1.679296204145784
446 -1.67924785619115
447 -1.679153419584056
448 -1.679118155195133
449 -1.679028532030946
450 -1.679017108308948
451 -1.679068506738372
452 -1.679036649021706
453 -1.678574094157142
454 -1.678470151037488
455 -1.677961295168821
456 -1.677815256428139
457 -1.677123519180188
458 -1.676987539401288
459 -1.676295269269121
460 -1.676152351999105
461 -1.675434379784842
462 -1.675338510599047
463 -1.674749829649384
464 -1.674625486278218
465 -1.67398083656693
466 -1.673843662128102
467 -1.67318200984796
468 -1.673063172523108
469 -1.672599009544866
470 -1.67256149331239
471 -1.672550834701477
472 -1.67253986236701
473 -1.672740741889103
474 -1.672770986993271
475 -1.672819840714505
476 -1.67334986608276
477 -1.673419015396396
478 -1.67423381902125
479 -1.674350646820228
480 -1.674535327626867
481 -1.67582198177942
482 -1.676063779851874
483 -1.677577767096761
484 -1.677751972117681
485 -1.678028428522798
486 -1.679802513561254
487 -1.680085536767292
488 -1.68199987680075
489 -1.682190917913807
490 -1.682500641009784
491 -1.684423759637649
492 -1.684692764056575
493 -1.686531395473758
494 -1.686717314167538
495 -1.687032080200592
496 -1.689114819083413
497 -1.689374550334316
498 -1.691168501525117
499 -1.691333405996077
500 -1.691595365583532
501 -1.693272018415152
502 -1.693489029158239
503 -1.694877370768162
504 -1.695016146456178
505 -1.695236510047413
506 -1.69660569837843
507 -1.696769859860878
508 -1.697895204493894
509 -1.698010400752225
510 -1.69821075148183
511 -1.69930908635093
512 -1.699429091838953
513 -1.700383875155915
514 -1.700455709269336
515 -1.700634144459303
516 -1.701637717042875
517 -1.70178257066207
518 -1.702907141350797
519 -1.703036874366773
520 -1.703273520750495
521 -1.704675373253167
522 -1.704879575463619
523 -1.706243176898582
524 -1.70641287064448
525 -1.706705890916772
526 -1.708473437016895
527 -1.708753835661621
528 -1.710599574446734
529 -1.710814169708416
530 -1.711170393361273
531 -1.713341151786425
532 -1.713675933817888
533 -1.715874418836915
534 -1.716152176673257
535 -1.716597923325848
536 -1.71912406319551
537 -1.719519784979063
538 -1.721997441469869
539 -1.72231140706089
540 -1.722804878476256
541 -1.725498570215416
542 -1.725920493392258
543 -1.728466213930901
544 -1.728765995512838
545 -1.729241864997302
546 -1.731804856054519
547 -1.732208615991508
548 -1.734732039513186
549 -1.735040003552812
550 -1.736969417275513
551 -1.737271093642432
552 -1.739252898681453
553 -1.739579685229157
554 -1.741719887266818
555 -1.74205915894977
556 -1.744301409451266
557 -1.744624519471935
558 -1.746752075075803
559 -1.747073885502698
560 -1.749145788031056
561 -1.749476610119977
562 -1.751564494595286
563 -1.751899622143255
564 -1.753986682751429
565 -1.754318757011932
566 -1.756434353067914
567 -1.756768920597997
568 -1.758912271803904
569 -1.759254489947302
570 -1.761447607142265
571 -1.761799381219337
572 -1.764028162808986
573 -1.764375854918616
574 -1.766556579431202
575 -1.766895721488264
576 -1.769083964704389
577 -1.769437673458422
578 -1.771663413715761
579 -1.772021185711466
580 -1.774319038352261
581 -1.774681449568499
582 -1.776984711261007
583 -1.777351771086359
584 -1.779647852345323
585 -1.780008892518439
586 -1.782294676135388
587 -1.78264860271433
588 -1.784936766661632
589 -1.785291779476973
590 -1.787581351476502
591 -1.787938639720871
592 -1.790242363283733
593 -1.790609962790812
594 -1.79291337544851
595 -1.793280360334898
596 -1.795577523335758
597 -1.795935469363724
598 -1.798208220675589
599 -1.798566547609286
600 -1.800815695352811
601 -1.801164166587918
602 -1.803419396151294
603 -1.803769603408597
604 -1.806019305990167
605 -1.80637456586923
606 -1.808650846771646
607 -1.808998636862717
608 -1.811241187845887
609 -1.811580044972474
610 -1.813769021883175
611 -1.81411083688959
612 -1.816314327288095
613 -1.816662451893314
614 -1.81886436533878
615 -1.819212302581481
616 -1.821436976604509
617 -1.821773870315127
618 -1.82395010188582
619 -1.824288739725613
620 -1.826419215310793
621 -1.826759196316525
622 -1.828898127062982
623 -1.829242842149192
624 -1.831428118370057
625 -1.831771338145723
626 -1.833891864302345
627 -1.83422042913609
628 -1.836347567388136
629 -1.836672167677319
630 -1.838761927911992
631 -1.839088732817623
632 -1.841204839526502
633 -1.841533415530533
634 -1.843594824939343
635 -1.843923667996839
636 -1.846017660963918
637 -1.846340639760021
638 -1.848423490556447
639 -1.848738851148211
640 -1.850747849342854
641 -1.851071032939032
642 -1.853116373055288
643 -1.85343783142149
644 -1.855462373009948
645 -1.855778365385925
646 -1.857783266141422
647 -1.858093954569222
648 -1.860070890907361
649 -1.860383245941456
650 -1.862362834649067
651 -1.862673031251126
652 -1.864640988766381
653 -1.864944276417572
654 -1.86690206693254
655 -1.867208084562455
656 -1.869157374239264
657 -1.869455136114958
658 -1.871344074518206
659 -1.871641665234459
660 -1.873532586043883
661 -1.873830593913284
662 -1.875726296494518
663 -1.876024882315624
664 -1.87790686084026
665 -1.878200280853868
666 -1.880047564506483
667 -1.880341962673444
668 -1.882198646795585
669 -1.882490666250682
670 -1.884339605811529
671 -1.884633832627128
672 -1.886449813192302
673 -1.886738233001734
674 -1.888550263749902
675 -1.88882862706946
676 -1.890570039939738
677 -1.890857925968198
678 -1.892663294641374
679 -1.892951139225465
680 -1.894741899058468
681 -1.895024906695663
682 -1.896791333497018
683 -1.897063831044335
684 -1.898781521295464
685 -1.899048872064624
686 -1.900734059199331
687 -1.901009327784617
688 -1.902713566164911
689 -1.902989668074891
690 -1.904729992996328
691 -1.905000407520411
692 -1.906683991981749
693 -1.906949212234927
694 -1.908590772936654
695 -1.908851967070293
696 -1.910489179058594
697 -1.910747772793971
698 -1.912365524852202
699 -1.912624274236301
700 -1.914212670087934
701 -1.914473269441189
702 -1.916077490633916
703 -1.916338467916946
704 -1.917910802548231
705 -1.918168022525357
706 -1.919721440772886
707 -1.919975630817131
708 -1.921487445953993
709 -1.921735084361635
710 -1.923253855339447
711 -1.923502055949558
712 -1.925008824993232
713 -1.925248959089103
714 -1.926706221632318
715 -1.926947437575474
716 -1.928392320452404
717 -1.928636248785512
718 -1.930086990167013
719 -1.930328502276286
720 -1.93176683174986
721 -1.932003822789705
722 -1.93341508882728
723 -1.933641908201115
724 -1.934985552628061
725 -1.935215097500022
726 -1.936579150013645
727 -1.936805783316994
728 -1.93817334873947
729 -1.938394283336167
730 -1.939707311714398
731 -1.939926525771605
732 -1.941258806335237
733 -1.94147537586412
734 -1.942767756854691
735 -1.942981093782689
736 -1.944244691948004
737 -1.944459103035684
738 -1.945726745877459
739 -1.945938650693179
740 -1.947173666377755
741 -1.947385275141778
742 -1.948619665185346
743 -1.948829703589818
744 -1.950038086343106
745 -1.950245740662598
746 -1.951443758421333
747 -1.951646569387325
748 -1.952822971857289
749 -1.953019897078103
750 -1.954182801960794
751 -1.954379739320113
752 -1.95552562715271
753 -1.955723093901421
754 -1.95687628200207
755 -1.957073262738645
756 -1.958198466064465
757 -1.958392447839464
758 -1.959483613556206
759 -1.959675732069451
760 -1.960764796858435
761 -1.960956104160392
762 -1.962041560532547
763 -1.962225253608639
764 -1.963279133425144
765 -1.963462610610126
766 -1.964514482500368
767 -1.964699766106303
768 -1.965733241939339
769 -1.965917796374653
770 -1.966918182882862
771 -1.967100050180941
772 -1.968120370606949
773 -1.968300542818341
774 -1.969304721675398
775 -1.969482446894809
776 -1.970475719392613
777 -1.97065123665855
778 -1.971622086798706
779 -1.971793876806314
780 -1.972741707282346
781 -1.972916918984793
782 -1.973865660449202
783 -1.974042684490239
784 -1.974991258903198
785 -1.975164092444594
786 -1.97609720941236
787 -1.976267325915765
788 -1.977185445487546
789 -1.977350885287024
790 -1.978253594829692
791 -1.978423423584603
792 -1.979333357073176
793 -1.979501300432421
794 -1.9803969907187
795 -1.980563695138339
796 -1.981453859912441
797 -1.981621730381167
798 -1.982498816679119
799 -1.98266959364112
800 -1.983551144233252
801 -1.983722710095866
802 -1.984616697025831
803 -1.984783875961399
804 -1.985643944735863
805 -1.985812787210479
806 -1.986679946028607
807 -1.986846050761151
808 -1.987687580143439
809 -1.988329879297102
810 -1.988741249397584
811 -1.989112746752755
812 -1.989531303718171
813 -1.990008406397186
814 -1.990532190527224
815 -1.991083165182731
816 -1.991616669287106
817 -1.992147580038272
818 -1.992671056334343
819 -1.993196350749675
820 -1.993712938188641
821 -1.994227246987637
822 -1.994732866987778
823 -1.995234271055974
824 -1.995739220653593
825 -1.996262302687835
826 -1.996789323472726
827 -1.997305688534501
828 -1.997817640810603
829 -1.998331885261736
830 -1.99884463439371
831 -1.999357979453664
832 -1.999880233100354
833 -2.000398300279271
834 -2.000917864837974
835 -2.001443655056879
836 -2.001969960688282
837 -2.002495010729878
838 -2.003010429989023
839 -2.003522375895446
840 -2.004036939656446
841 -2.004561647558288
842 -2.005092059602544
843 -2.00562618111392
844 -2.006150561019269
845 -2.006677182389734
846 -2.007208382087776
847 -2.007734179863077
848 -2.008264446204605
849 -2.008794666502644
850 -2.009318880269434
851 -2.009850818447712
852 -2.010382470558965
853 -2.010914306658937
854 -2.011450197686422
855 -2.01199039997339
856 -2.012531697827964
857 -2.013071274823857
858 -2.01361036979024
859 -2.01414930863811
860 -2.014689479086318
861 -2.015227811541401
862 -2.015766930865972
863 -2.016309381798837
864 -2.016855539650591
865 -2.017401604560774
866 -2.017961207498138
867 -2.018520770755788
868 -2.019073772326218
869 -2.019627749811931
870 -2.020189456111549
871 -2.020743429834097
872 -2.021301104192541
873 -2.021857012493666
874 -2.022414414061896
875 -2.022977559811409
876 -2.023547048924367
877 -2.0241198598789
878 -2.024697859676359
879 -2.025271731588406
880 -2.025844704126868
881 -2.026412932293994
882 -2.02697631092137
883 -2.027558675423167
884 -2.028146707083579
885 -2.028728687757052
886 -2.029317540301571
887 -2.02990755931582
888 -2.030498227152107
889 -2.031086759515659
890 -2.031670458625389
891 -2.032265000977398
892 -2.032869581430454
893 -2.033474266898101
894 -2.034072796923305
895 -2.034673309487151
896 -2.035280068905766
897 -2.035887295022169
898 -2.036500870290953
899 -2.037117836468493
900 -2.037732383623481
901 -2.03834796715892
902 -2.038970866479282
903 -2.039587567165328
904 -2.040215003148027
905 -2.040845940131822
906 -2.041473503312984
907 -2.042099070224627
908 -2.042729266002656
909 -2.043358230300097
910 -2.043998605954292
911 -2.044639489903079
912 -2.045285269231734
913 -2.045939170851852
914 -2.046593906947322
915 -2.047241150173253
916 -2.047886207564719
917 -2.048541170234213
918 -2.049206407156666
919 -2.049871391377247
920 -2.05052470249466
921 -2.051186045774829
922 -2.051845336711556
923 -2.052508756168856
924 -2.053187684834318
925 -2.053872358967509
926 -2.054553885870912
927 -2.055228908948613
928 -2.055906339392879
929 -2.05658522251275
930 -2.05726403805949
931 -2.057956781748944
932 -2.058646905341726
933 -2.05934552433449
934 -2.060038583345903
935 -2.060740861529498
936 -2.06143779073089
937 -2.062140413051124
938 -2.062841250638542
939 -2.063552045320814
940 -2.064265177062521
941 -2.064977145426468
942 -2.065686678295019
943 -2.066402857796482
944 -2.067126968723815
945 -2.067838536249493
946 -2.068559472057884
947 -2.069290690757506
948 -2.070021542267382
949 -2.070765937857568
950 -2.071505377068367
951 -2.072228816559113
952 -2.072954689687022
953 -2.073696587756409
954 -2.074429346090089
955 -2.075179378163833
956 -2.075931197756125
957 -2.076682070615528
958 -2.077434133340021
959 -2.078178466887265
960 -2.07893315236988
961 -2.079688826606346
962 -2.080451753453154
963 -2.0812044861954
964 -2.081965330477435
965 -2.08272311137287
966 -2.08349428387218
967 -2.084266641762234
968 -2.085037256094209
969 -2.085805997395144
970 -2.086585080378386
971 -2.087363600697287
972 -2.088134897433592
973 -2.088913787889844
974 -2.089686022993216
975 -2.09045990849593
976 -2.091234520617171
977 -2.092014863754078
978 -2.092805364402099
979 -2.093597661327652
980 -2.094386323303653
981 -2.095168714790293
982 -2.09595938949803
983 -2.096746731450751
984 -2.097534229393399
985 -2.09832275084406
986 -2.099114023637957
987 -2.099905593765244
988 -2.100695117739465
989 -2.101495614678366
990 -2.102288011548905
991 -2.103080997075291
992 -2.103880133135549
993 -2.104676670400227
994 -2.105466353369417
995 -2.106251724290398
996 -2.107051148113136
997 -2.107854595780741
998 -2.10865241281934
999 -2.109442307357892
1000 -2.110247257320422
1001 -2.111045973102467
1002 -2.111834970800079
1003 -2.112625637392685
1004 -2.113414332238963
1005 -2.114209166870183
1006 -2.115006749373115
1007 -2.115806981888143
1008 -2.116593339912218
1009 -2.117387550365371
1010 -2.118180985526269
1011 -2.118972005175559
1012 -2.119755035206586
1013 -2.120539934185171
1014 -2.121325695176964
1015 -2.122110290679079
1016 -2.122887046810454
1017 -2.123675784379398
1018 -2.124453733470146
1019 -2.125243334568059
1020 -2.126028657221505
1021 -2.126803958188648
1022 -2.127580406785224
1023 -2.128353238962983
1024 -2.129128112710271
1025 -2.129898277569311
1026 -2.130669877269605
1027 -2.131432490376223
1028 -2.13219230609463
1029 -2.132957377973279
1030 -2.133723414016374
1031 -2.134485613725196
1032 -2.135245289719661
1033 -2.136004558230411
1034 -2.13675874616104
1035 -2.137509582046119
1036 -2.138250723424961
1037 -2.138991826634017
1038 -2.139738109895212
1039 -2.14048297338987
1040 -2.141226510015491
1041 -2.141964246920073
1042 -2.142700880357733
1043 -2.14343797424867
1044 -2.144169978699547
1045 -2.144888871857299
1046 -2.145616682535494
1047 -2.146340401382709
1048 -2.147067677860629
1049 -2.147785257247229
1050 -2.14849773339042
1051 -2.149209423280746
1052 -2.149925873437107
1053 -2.150629782443759
1054 -2.151327599654548
1055 -2.152025079015622
1056 -2.15272075963745
1057 -2.153419971206744
1058 -2.154116324100837
1059 -2.154816825579601
1060 -2.155499313053573
1061 -2.156183545671298
1062 -2.156863937400945
1063 -2.157543178281356
1064 -2.158215117624093
1065 -2.158886449710896
1066 -2.159560277283306
1067 -2.160229998738408
1068 -2.160896855441492
1069 -2.161559448187768
1070 -2.162221447716325
1071 -2.162878595474117
1072 -2.163531063881778
1073 -2.16418077044465
1074 -2.164832903131977
1075 -2.165470201191347
1076 -2.166104899905033
1077 -2.166741442742362
1078 -2.167387154069276
1079 -2.168026608290358
1080 -2.168660814491642
1081 -2.169292863778256
1082 -2.16991553795128
1083 -2.170528502237163
1084 -2.171142710284724
1085 -2.171767882991609
1086 -2.172390369952107
1087 -2.173001129001464
1088 -2.173609443851071
1089 -2.174210224745701
1090 -2.174809407733828
1091 -2.175414290672853
1092 -2.176010158029797
1093 -2.176611223683552
1094 -2.177204716987963
1095 -2.177791517280434
1096 -2.178378183446062
1097 -2.178961972065995
1098 -2.17954638227127
1099 -2.180119751006165
1100 -2.18069685300773
1101 -2.181277166189524
1102 -2.181856789012092
1103 -2.182431475648555
1104 -2.182994417606313
1105 -2.183556582844839
1106 -2.184113122384138
1107 -2.184668878121327
1108 -2.185226421639492
1109 -2.18578145775505
1110 -2.186336492904932
1111 -2.186882256160772
1112 -2.187429233466459
1113 -2.187975289813124
1114 -2.188522472101113
1115 -2.189064114999289
1116 -2.189605012182801
1117 -2.190139424731747
1118 -2.190670743532959
1119 -2.191195928210004
1120 -2.191726601916736
1121 -2.192257763993736
1122 -2.19278555242396
1123 -2.193312504465674
1124 -2.193830382754748
1125 -2.194348463579016
1126 -2.194866340844585
1127 -2.195383822864489
1128 -2.195900445280548
1129 -2.196415602189751
1130 -2.196925521719174
1131 -2.197435792021436
1132 -2.197942123948905
1133 -2.198444415064585
1134 -2.198943023978279
1135 -2.199442504750767
1136 -2.199948286752244
1137 -2.200446708870029
1138 -2.200946791605336
1139 -2.201444047209809
1140 -2.201936505517979
1141 -2.202435382015136
1142 -2.202923002699908
1143 -2.203408126450411
1144 -2.203895417932089
1145 -2.204382855195502
1146 -2.204871740822015
1147 -2.205360189152653
1148 -2.205845850047152
1149 -2.20632039247368
1150 -2.206797331793082
1151 -2.207271499654862
1152 -2.207751027317689
1153 -2.208228629520356
1154 -2.208698963287485
1155 -2.209174543884483
1156 -2.209648484626342
1157 -2.210122705993171
1158 -2.210593964515771
1159 -2.211068653818386
1160 -2.211534427617833
1161 -2.211996740392242
1162 -2.212461466595309
1163 -2.212928691971987
1164 -2.213389918306024
1165 -2.213857407392371
1166 -2.214315529560069
1167 -2.214770993272449
1168 -2.215225826734778
1169 -2.215680445797234
1170 -2.216142421606493
1171 -2.216602938716236
1172 -2.217057794733234
1173 -2.217510472544101
1174 -2.217963221605288
1175 -2.218411620193399
1176 -2.21885913777819
1177 -2.219307959326875
1178 -2.219756594006214
1179 -2.220202898131368
1180 -2.220650228086349
1181 -2.221093525022685
1182 -2.2215348596212
1183 -2.221974148884852
1184 -2.222418077578447
1185 -2.222857998901245
1186 -2.223297840868927
1187 -2.223736242097079
1188 -2.224175163490278
1189 -2.224608556231079
1190 -2.225040658203733
1191 -2.225472506481566
1192 -2.225908108651298
1193 -2.226340404644733
1194 -2.226770152662057
1195 -2.227193762586601
1196 -2.227618774497063
1197 -2.22804501228682
1198 -2.228471932320546
1199 -2.228896550960658
1200 -2.22931367036028
1201 -2.229734012562092
1202 -2.230150073001849
1203 -2.230568187373448
1204 -2.230984609998834
1205 -2.231404531720676
1206 -2.231816538998623
1207 -2.232228212012588
1208 -2.23263682464221
1209 -2.233044673796841
1210 -2.233456198090515
1211 -2.233859972066673
1212 -2.234255163448166
1213 -2.234657090248298
1214 -2.235065249276663
1215 -2.235468545214903
1216 -2.235867985587086
1217 -2.236269290735468
1218 -2.236662015117802
1219 -2.237050932126655
1220 -2.237440033177609
1221 -2.237828713435306
1222 -2.238220645055003
1223 -2.238612376623926
1224 -2.238999772655956
1225 -2.239380323155961
1226 -2.239757303320749
1227 -2.240129663113203
1228 -2.240508819104722
1229 -2.240887838974018
1230 -2.241264485369746
1231 -2.241636231584168
1232 -2.242004948406904
1233 -2.24237036580731
1234 -2.242738514930302
1235 -2.243112148757939
1236 -2.243471338229251
1237 -2.243832710307002
1238 -2.244194117284091
1239 -2.244548383979631
1240 -2.24489878440798
1241 -2.245251637586152
1242 -2.245602934180556
1243 -2.245953739157193
1244 -2.246302318178485
1245 -2.246648280465908
1246 -2.246991663333506
1247 -2.247328838724459
1248 -2.247663161328042
1249 -2.248000510006227
1250 -2.248338897616107
1251 -2.248672149869755
1252 -2.249003757199034
1253 -2.249332244723155
1254 -2.249659849122033
1255 -2.249983302357208
1256 -2.250305126041294
1257 -2.250621442426047
1258 -2.250936875091918
1259 -2.251251697180696
1260 -2.251564347416126
1261 -2.251873343824887
1262 -2.252182761497402
1263 -2.252490915540729
1264 -2.252797415610187
1265 -2.253096776150386
1266 -2.2533959103078
1267 -2.253690944971388
1268 -2.25398642267665
1269 -2.254278828105979
1270 -2.254568922754765
1271 -2.254856538626243
1272 -2.255141115844686
1273 -2.255422946618506
1274 -2.255703843310803
1275 -2.255983602348513
1276 -2.256259680745335
1277 -2.256531614880924
1278 -2.256803280806197
1279 -2.257072729898947
1280 -2.257339150953737
1281 -2.25760565155995
1282 -2.257867374349817
1283 -2.258126296433928
1284 -2.258383279041671
1285 -2.258639494878246
1286 -2.25889130440086
1287 -2.259141687913841
1288 -2.259388024152228
1289 -2.259638253516191
1290 -2.259883636557005
1291 -2.260122474696196
1292 -2.260361605666239
1293 -2.26060155846595
1294 -2.260900161346337
1295 -2.261046480786599
1296 -2.261263272402385
1297 -2.261569309456599
1298 -2.261727898581627
1299 -2.261945634915806
1300 -2.262242399348061
1301 -2.262393417809425
1302 -2.262603640529483
1303 -2.262895178696676
1304 -2.263044963841991
1305 -2.263251792430026
1306 -2.2635264992269
1307 -2.263668657059694
1308 -2.263866413826991
1309 -2.264138788950635
1310 -2.264279604285905
1311 -2.264473054356198
1312 -2.264734997058232
1313 -2.264870654659297
1314 -2.265057383851887
1315 -2.265310969748771
1316 -2.265439165191369
1317 -2.265671339936558
1318 -2.265805605198419
1319 -2.266039923486768
1320 -2.266173405045835
1321 -2.266402489725802
1322 -2.266533313753239
1323 -2.266753641396672
1324 -2.266880542694145
1325 -2.267097369280298
1326 -2.267222664967975
1327 -2.267443039587191
1328 -2.267565829249163
1329 -2.267776168895761
1330 -2.267896749842786
1331 -2.268104186129122
1332 -2.268223219051253
1333 -2.268424961739802
1334 -2.268542509558964
1335 -2.26874006936055
1336 -2.268854174404497
1337 -2.269051529694406
1338 -2.269164509169233
1339 -2.269358942032749
1340 -2.269470601031434
1341 -2.269658705906922
1342 -2.269766698295716
1343 -2.269954282512251
1344 -2.270062065341949
1345 -2.270245994430967
1346 -2.270351561401769
1347 -2.270531861788504
1348 -2.270636178622753
1349 -2.270814788468467
1350 -2.270917908304717
1351 -2.271093473655469
1352 -2.271195071791912
1353 -2.271370296333101
1354 -2.271470350612912
1355 -2.2716413116933
1356 -2.271739810550469
1357 -2.271910498915915
1358 -2.272006916418481
1359 -2.272174566727712
1360 -2.272268471295682
1361 -2.272437366141141
1362 -2.272531366125955
1363 -2.272661496663213
1364 -2.272839661233031
1365 -2.272925399979147
1366 -2.273047677711709
1367 -2.273186149408776
1368 -2.273358884540489
1369 -2.273438230129573
1370 -2.273557194329362
1371 -2.273727325575353
1372 -2.273809950221868
1373 -2.27396787324471
1374 -2.274053598134249
1375 -2.274215097376959
1376 -2.274300922730385
1377 -2.274426005827332
1378 -2.274602967265971
1379 -2.274682748924444
1380 -2.274802871078815
1381 -2.274974275267619
1382 -2.275054015556951
1383 -2.275171742993092
1384 -2.275341203477584
1385 -2.2754215746351
1386 -2.275541274184076
1387 -2.275711093272025
1388 -2.275791207217511
1389 -2.27591121056808
1390 -2.276042427691389
1391 -2.276215879678247
1392 -2.276290724593065
1393 -2.276407268663684
1394 -2.276579805980448
1395 -2.27665994077332
1396 -2.276779584704288
1397 -2.276955859429097
1398 -2.277036454121345
1399 -2.277157171187406
1400 -2.277293916581721
1401 -2.277429409754933
1402 -2.277558133375004
1403 -2.277685462637369
1404 -2.277811603318477
1405 -2.277941253248212
1406 -2.278070702422562
1407 -2.278199142720064
1408 -2.278326682237253
1409 -2.278455947848036
1410 -2.278587151503335
1411 -2.278720514171813
1412 -2.278853663036577
1413 -2.278986707218289
1414 -2.279119452274578
1415 -2.279252438864869
1416 -2.279386677675339
1417 -2.279522128000266
1418 -2.279657318882693
1419 -2.279794583228695
1420 -2.279932720283533
1421 -2.28007007517284
1422 -2.280209560860504
1423 -2.280349003992347
1424 -2.28048896048529
1425 -2.280630390469927
1426 -2.280772460322674
1427 -2.280915736190139
1428 -2.281058468188151
1429 -2.281200252514037
1430 -2.281346596647853
1431 -2.281493355450492
1432 -2.281638408835414
1433 -2.281785197201097
1434 -2.281935272109372
1435 -2.282083240019134
1436 -2.282235718405981
1437 -2.282385938332228
1438 -2.282537052959067
1439 -2.282687693341564
1440 -2.282842094079327
1441 -2.282998084144337
1442 -2.283152744824788
1443 -2.283309550249782
1444 -2.28346683500779
1445 -2.283623597707834
1446 -2.283780944663571
1447 -2.28393947887944
1448 -2.284099267506363
1449 -2.2842611742698
1450 -2.284422154972058
1451 -2.284588153231094
1452 -2.284753496468585
1453 -2.284915171056485
1454 -2.285082993815952
1455 -2.28524869255248
1456 -2.285420142532625
1457 -2.285585401344415
1458 -2.285753150310339
1459 -2.285923746368859
1460 -2.28609251496695
1461 -2.286266772940456
1462 -2.286438695871672
1463 -2.286613074513514
1464 -2.286791858614309
1465 -2.286963910544549
1466 -2.287128983326372
1467 -2.287310267645558
1468 -2.287496635449628
1469 -2.287672818076255
1470 -2.287849772442603
1471 -2.288031808413491
1472 -2.288215429965444
1473 -2.288391809099617
1474 -2.288572281486385
1475 -2.288756390651922
1476 -2.288943320365599
1477 -2.289129091157498
1478 -2.289311881017948
1479 -2.289498698111951
1480 -2.289689329114464
1481 -2.289873320063715
1482 -2.290062459519856
1483 -2.290255896823326
1484 -2.290450612389859
1485 -2.290639799902222
1486 -2.290831815549178
1487 -2.291017000341269
1488 -2.291213461908787
1489 -2.291412561537395
1490 -2.291608830676181
1491 -2.291802903901085
1492 -2.291997821364112
1493 -2.292192933544148
1494 -2.29239892437218
1495 -2.292596926027567
1496 -2.292792436168515
1497 -2.29299177461067
1498 -2.293197104439973
1499 -2.293402360355988
1500 -2.293606148730223
1501 -2.293811253657633
1502 -2.294014045233149
1503 -2.294215135441671
1504 -2.294426392893669
1505 -2.294631305019848
1506 -2.294839963056991
1507 -2.295048740493864
1508 -2.295258357402128
1509 -2.295469272277535
1510 -2.295679440860519
1511 -2.295888786372439
1512 -2.296101492486551
1513 -2.29631987656971
1514 -2.296527215725105
1515 -2.296742344040125
1516 -2.296963309423748
1517 -2.297181178863794
1518 -2.297397317474085
1519 -2.297613334011617
1520 -2.297834848484554
1521 -2.298051853822593
1522 -2.298264533293217
1523 -2.298485373421952
1524 -2.298713720709628
1525 -2.298940510397722
1526 -2.299160711392421
1527 -2.299382720934895
1528 -2.29960982988601
1529 -2.2998374477101
1530 -2.300060142002383
1531 -2.300284773236533
1532 -2.300509820376104
1533 -2.300741759907204
1534 -2.300970812604505
1535 -2.301204037194808
1536 -2.301433826058025
1537 -2.301664045256711
1538 -2.301896713544214
1539 -2.302131636211272
1540 -2.302364194567095
1541 -2.302596392612534
1542 -2.302831029614528
1543 -2.303067412734551
1544 -2.30330513749708
1545 -2.303544549359172
1546 -2.303787553499395
1547 -2.304025945649729
1548 -2.304255642537289
1549 -2.304497243077802
1550 -2.304745793881946
1551 -2.304989240815783
1552 -2.305230504654855
1553 -2.305470417105178
1554 -2.305713131535545
1555 -2.305959853742808
1556 -2.306207352953732
1557 -2.306454042358802
1558 -2.306702799584138
1559 -2.30695072290927
1560 -2.307199021249732
1561 -2.307448074553844
1562 -2.307696744589418
1563 -2.307947275918635
1564 -2.308203237009336
1565 -2.308458894626144
1566 -2.308713633784825
1567 -2.308961925242679
1568 -2.309212472455718
1569 -2.309471986421146
1570 -2.309732441952569
1571 -2.309989014019871
1572 -2.31024561178931
1573 -2.310498366439969
1574 -2.310760568225302
1575 -2.311026968938039
1576 -2.31128559376793
1577 -2.31154803304992
1578 -2.311803407186416
1579 -2.312067519027228
1580 -2.312335583329068
1581 -2.312601878242834
1582 -2.312864283011573
1583 -2.313197333610138
1584 -2.313364074746781
1585 -2.313619844418124
1586 -2.313911753271825
1587 -2.314197122191714
1588 -2.314472244328772
1589 -2.314739873067527
1590 -2.315002207501417
1591 -2.315273170028073
1592 -2.315621534981743
1593 -2.315798714883819
1594 -2.316122975845514
1595 -2.316317892813885
1596 -2.316596093254586
1597 -2.316887695308471
1598 -2.317183495630732
1599 -2.317467741557232
1600 -2.317741699036227
1601 -2.318081441329075
1602 -2.318261529749575
1603 -2.318521124086386
1604 -2.318815635449419
1605 -2.319105107206229
1606 -2.319392069230144
1607 -2.319743637684165
1608 -2.319925619273945
1609 -2.320187871021397
1610 -2.320546459978239
1611 -2.320747413227275
1612 -2.321020839324257
1613 -2.32138339364311
1614 -2.321583903363403
1615 -2.321852503363249
1616 -2.322152387988144
1617 -2.322447451593527
1618 -2.322727601788755
1619 -2.323004192556062
1620 -2.323340632881421
1621 -2.323529956390219
1622 -2.32379423053999
1623 -2.32408693640014
1624 -2.324429389937303
1625 -2.324635427706224
1626 -2.324905680306473
1627 -2.325194115639521
1628 -2.325479228258978
1629 -2.325758400481893
1630 -2.326033587467405
1631 -2.326302764963524
1632 -2.326577137970903
1633 -2.326850416256073
1634 -2.32711778393737
1635 -2.327382701058361
1636 -2.327648845054286
1637 -2.327916868442027
1638 -2.328184206052162
1639 -2.328449439991085
1640 -2.328715690798444
1641 -2.328981148013202
1642 -2.329245549692098
1643 -2.329506964840837
1644 -2.32976730779697
1645 -2.330026747544714
1646 -2.330283236872612
1647 -2.330541179174257
1648 -2.330798943506793
1649 -2.331052149616744
1650 -2.331304247516495
1651 -2.331555411884658
1652 -2.331803522630491
1653 -2.332050979134475
1654 -2.33229915817216
1655 -2.33254173676125
1656 -2.332788339684001
1657 -2.333030780310068
1658 -2.333273537478129
1659 -2.33351061925195
1660 -2.333746300803816
1661 -2.333979431175117
1662 -2.334211910149202
1663 -2.334444772691584
1664 -2.334674355498521
1665 -2.334901170089856
1666 -2.335124861727703
1667 -2.335349017614819
1668 -2.33557046056697
1669 -2.335789493506551
1670 -2.33600703938928
1671 -2.336222331598263
1672 -2.336435218937434
1673 -2.336645993579894
1674 -2.336853179833565
1675 -2.337059817238162
1676 -2.337266693225612
1677 -2.337469637693485
1678 -2.337669552452505
1679 -2.337865815630529
1680 -2.338061043570964
1681 -2.338255666837718
1682 -2.338446292232747
1683 -2.33863665191279
1684 -2.338823590516629
1685 -2.339007269821589
1686 -2.339190330963205
1687 -2.339370855672396
1688 -2.339548326053652
1689 -2.339723948998945
1690 -2.339897204789461
1691 -2.340068997136482
1692 -2.340238581116883
1693 -2.340405964206745
1694 -2.34057045279691
1695 -2.340733010734227
1696 -2.340893771461497
1697 -2.341051968954206
1698 -2.341208471228355
1699 -2.34136317827996
1700 -2.341515168339613
1701 -2.3416641399757
1702 -2.341811822399897
1703 -2.341956583821007
1704 -2.342099843039476
1705 -2.342241362006722
1706 -2.342380929171167
1707 -2.342519149505615
1708 -2.342654675333879
1709 -2.34278708712902
1710 -2.342918702565338
1711 -2.343047593724917
1712 -2.343175431046755
1713 -2.343301369631312
1714 -2.343424938387411
1715 -2.343545645021722
1716 -2.343664487925598
1717 -2.343782751265509
1718 -2.343898058916567
1719 -2.344012354755752
1720 -2.344125231103855
1721 -2.344235624325401
1722 -2.3443435245214
1723 -2.344449611531354
1724 -2.344554179165677
1725 -2.344657483023885
1726 -2.344759317335761
1727 -2.344859508515246
1728 -2.344956789407945
1729 -2.345052964362547
1730 -2.345146723285467
1731 -2.345240069193037
1732 -2.345330821769168
1733 -2.345419011719432
1734 -2.345505563838442
1735 -2.345590237345019
1736 -2.345675462937724
1737 -2.345758208713363
1738 -2.345838073773832
1739 -2.345915270905921
1740 -2.345993239824361
1741 -2.34606858936338
1742 -2.346141225266209
1743 -2.346211863268381
1744 -2.346281901687073
1745 -2.346349809771333
1746 -2.346416008779043
1747 -2.346480844638524
1748 -2.346541923107839
1749 -2.346602042732691
1750 -2.34666134309516
1751 -2.346719174436993
1752 -2.346775825801562
1753 -2.346828811963733
1754 -2.346878770989601
1755 -2.34692739646386
1756 -2.346975950520894
1757 -2.347022130596205
1758 -2.347065410129501
1759 -2.347106512452383
1760 -2.34714553553152
1761 -2.347183421168597
1762 -2.347219801154553
1763 -2.347254101579125
1764 -2.34728532060848
1765 -2.347314439740032
1766 -2.347341516278624
1767 -2.347366554101151
1768 -2.347389205243263
1769 -2.347410079113954
1770 -2.347428079548211
1771 -2.347445144706644
1772 -2.347458824294787
1773 -2.347469466744514
1774 -2.347478618501651
1775 -2.347485224186408
1776 -2.347489594517336
1777 -2.347491611111467
1778 -2.347490834449666
1779 -2.347487657459724
1780 -2.347483117654905
1781 -2.347475727931891
1782 -2.347465139629556
1783 -2.347451058300482
1784 -2.347436397907522
1785 -2.347418539513019
1786 -2.347397429373201
1787 -2.347373931905198
1788 -2.347347554020538
1789 -2.347320103218737
1790 -2.347289370375086
1791 -2.347254738833784
1792 -2.347218150521964
1793 -2.347178465378719
1794 -2.34713535657912
1795 -2.347090562066916
1796 -2.347042795041905
1797 -2.346992736607111
1798 -2.346940952234541
1799 -2.346886304043283
1800 -2.346829129736064
1801 -2.346766748894163
1802 -2.346701198166045
1803 -2.346633569485518
1804 -2.346564026847434
1805 -2.346491565189639
1806 -2.346417626107321
1807 -2.346340557390203
1808 -2.346259367542103
1809 -2.34617614372433
1810 -2.346090554114671
1811 -2.34600191002328
1812 -2.34591011429403
1813 -2.345816399428262
1814 -2.345720822936534
1815 -2.345619189239208
1816 -2.345516567930373
1817 -2.34541188836626
1818 -2.345305515256554
1819 -2.345193602445422
1820 -2.345081825713358
1821 -2.344966516566197
1822 -2.344849024079958
1823 -2.344730074200208
1824 -2.344604677344494
1825 -2.344479656015958
1826 -2.344351792556652
1827 -2.344222888396376
1828 -2.344089881529988
1829 -2.343953989241904
1830 -2.343815723367914
1831 -2.343675366423791
1832 -2.343534074476474
1833 -2.343390748682823
1834 -2.343242515654224
1835 -2.343091408722696
1836 -2.342940891662701
1837 -2.342789602974512
1838 -2.342634838890783
1839 -2.342478015901349
1840 -2.342318760250311
1841 -2.342156126291685
1842 -2.341991348450574
1843 -2.341826209508072
1844 -2.341660569527571
1845 -2.341491505897791
1846 -2.34131965949034
1847 -2.341148958688112
1848 -2.34097527167478
1849 -2.340798784629737
1850 -2.340620967148817
1851 -2.340443346720147
1852 -2.340261943270152
1853 -2.340081628448259
1854 -2.339899570198125
1855 -2.339713495449951
1856 -2.339529271648435
1857 -2.339343134516498
1858 -2.339154182153422
1859 -2.338964246599262
1860 -2.338773354460146
1861 -2.33858109884933
1862 -2.338388780121032
1863 -2.338197327579205
1864 -2.338001742282252
1865 -2.337807277805172
1866 -2.337610606383265
1867 -2.337413623060833
1868 -2.337218817634925
1869 -2.337021147265985
1870 -2.336818364602706
1871 -2.336618928560972
1872 -2.33641842589899
1873 -2.336217440370153
1874 -2.336016622888625
1875 -2.335815916653751
1876 -2.335614792077707
1877 -2.335411711209652
1878 -2.335209967356048
1879 -2.335006029117615
1880 -2.33480386444159
1881 -2.334598134505066
1882 -2.334393490733363
1883 -2.334190145881221
1884 -2.333988425458852
1885 -2.33378456991085
1886 -2.33357919508976
1887 -2.333374501613382
1888 -2.333170875497669
1889 -2.332966434550366
1890 -2.332761167864259
1891 -2.33255466733705
1892 -2.332351145547323
1893 -2.332148343180832
1894 -2.331946135852548
1895 -2.331742657787765
1896 -2.331536152116823
1897 -2.331333417199507
1898 -2.331131414123831
1899 -2.330927117350954
1900 -2.330725135069204
1901 -2.330521841519735
1902 -2.330317383525851
1903 -2.330115727920984
1904 -2.329914786141782
1905 -2.329713301472021
1906 -2.329512020233726
1907 -2.329310825203624
1908 -2.329109240849377
1909 -2.328908331295909
1910 -2.328708722555186
1911 -2.328508779731571
1912 -2.328309490792349
1913 -2.328111569914921
1914 -2.32791272109238
1915 -2.32771309576138
1916 -2.327513883357316
1917 -2.327315402954904
1918 -2.327117986718512
1919 -2.326919976043111
1920 -2.326722858599644
1921 -2.326526372032522
1922 -2.32633071624522
1923 -2.326134984217303
1924 -2.325938114094963
1925 -2.32574166432856
1926 -2.325548804199043
1927 -2.325353508331302
1928 -2.325157823577723
1929 -2.324962589551918
1930 -2.324770151654683
1931 -2.324577763001659
1932 -2.324384814712197
1933 -2.324191727157228
1934 -2.323998902924778
1935 -2.323806475312427
1936 -2.323614735435563
1937 -2.323422936192193
1938 -2.323232747697749
1939 -2.323043152097662
1940 -2.322853442907903
1941 -2.322663621662337
1942 -2.322474527950451
1943 -2.322285260092308
1944 -2.322097085194027
1945 -2.321909235032207
1946 -2.321723726189215
1947 -2.321537291537825
1948 -2.321350581247795
1949 -2.321165552859107
1950 -2.320979225744602
1951 -2.320795217914727
1952 -2.320611172687447
1953 -2.320428624726084
1954 -2.320246170693741
1955 -2.320064834039428
1956 -2.319883905089692
1957 -2.319703189067782
1958 -2.319523603952188
1959 -2.319344957386624
1960 -2.319166067380958
1961 -2.318988732833516
1962 -2.318811976249947
1963 -2.318635644870247
1964 -2.318460637054795
1965 -2.318286689244955
1966 -2.318113842596671
1967 -2.317941625255355
1968 -2.317770292520235
1969 -2.31759918036855
1970 -2.317429066396421
1971 -2.317260102148523
1972 -2.317091815929221
1973 -2.316924774029212
1974 -2.316759740279643
1975 -2.316596498849631
1976 -2.316433122909195
1977 -2.316270392442578
1978 -2.31610871889657
1979 -2.315948157872501
1980 -2.31578872932789
1981 -2.315629838805563
1982 -2.315472579531234
1983 -2.315317877535697
1984 -2.31516326645446
1985 -2.315007993438551
1986 -2.314854261576533
1987 -2.314703799824087
1988 -2.31455372642583
1989 -2.314403726196658
1990 -2.314255382148678
1991 -2.314108910111465
1992 -2.313963042306157
1993 -2.313817903552664
1994 -2.313675142838198
1995 -2.313533163459214
1996 -2.313391266111341
1997 -2.313250769233726
1998 -2.31311215758143
1999 -2.312974297008677
2000 -2.312837531475342
2001 -2.312702651370584
2002 -2.312569446337736
2003 -2.312435803768857
2004 -2.312303028555625
2005 -2.312171752373235
2006 -2.312041887698613
2007 -2.311913125031733
2008 -2.31178567254318
2009 -2.311659966159081
2010 -2.311531843182034
2011 -2.311407759086718
2012 -2.311283935138196
2013 -2.311161366623304
2014 -2.311040791530022
2015 -2.31091997850416
2016 -2.310799923455683
2017 -2.31068141251997
2018 -2.310563476202205
2019 -2.310446370683952
2020 -2.310331349112647
2021 -2.310216102060842
2022 -2.310101108106758
2023 -2.309987984731368
2024 -2.30987503972712
2025 -2.309762762970407
2026 -2.309652443639262
2027 -2.309542003566873
2028 -2.309433101963877
2029 -2.309324558714204
2030 -2.309217143920493
2031 -2.309109210636792
2032 -2.309002663955657
2033 -2.308897865356947
2034 -2.308793677799447
2035 -2.308689611877613
2036 -2.308585809866763
2037 -2.30848315080017
2038 -2.308380880743872
2039 -2.308278513281059
2040 -2.308177931866036
2041 -2.308077974039627
2042 -2.307978754302308
2043 -2.307879322665719
2044 -2.30777988243051
2045 -2.307682548159723
2046 -2.307585479559404
2047 -2.30748914585836
2048 -2.307392518765903
2049 -2.307297328959078
2050 -2.307203236654812
2051 -2.307108735821706
2052 -2.307014435196121
2053 -2.306921070629945
2054 -2.30682900317291
2055 -2.306735843007108
2056 -2.306644274406489
2057 -2.306552399988578
2058 -2.306462071584185
2059 -2.306371347226914
2060 -2.306281529975324
2061 -2.306192615432577
2062 -2.306103286959606
2063 -2.306014968270221
2064 -2.305926428797378
2065 -2.305839343514203
2066 -2.305752689653993
2067 -2.305666149887683
2068 -2.305578886011428
2069 -2.305493527633725
2070 -2.305408772081701
2071 -2.305324377786041
2072 -2.305239519393044
2073 -2.305157756804903
2074 -2.305070688804579
2075 -2.304987807563749
2076 -2.304905327582176
2077 -2.30482221044175
2078 -2.304740971400778
2079 -2.30465996469687
2080 -2.304578063821761
2081 -2.30449783624272
2082 -2.304418773563529
2083 -2.304338693205544
2084 -2.304258588554491
2085 -2.304178662488178
2086 -2.304100191599706
2087 -2.304021564292345
2088 -2.303943633169079
2089 -2.303866421513059
2090 -2.303790394742659
2091 -2.303714225639424
2092 -2.303637303832855
2093 -2.303561271325303
2094 -2.303485678175936
2095 -2.30341061439538
2096 -2.303337061921383
2097 -2.303263438812059
2098 -2.303189939865431
2099 -2.303116679725672
2100 -2.303044161434378
2101 -2.30297249363904
2102 -2.302900312820741
2103 -2.302828773935554
2104 -2.302757280542644
2105 -2.302687257690142
2106 -2.302617491782243
2107 -2.30254852563601
2108 -2.302479759147738
2109 -2.302411727491918
2110 -2.302342836819985
2111 -2.302276063838967
2112 -2.302209217679443
2113 -2.302142695304202
2114 -2.302076597522785
2115 -2.302012277437504
2116 -2.301946589852715
2117 -2.301882181443009
2118 -2.301818496079949
2119 -2.301755227234972
2120 -2.301691965587496
2121 -2.301630363011323
2122 -2.301569063658719
2123 -2.301507896250352
2124 -2.301446401523183
2125 -2.301387240199599
2126 -2.301327744296533
2127 -2.301269489523123
2128 -2.30121196072342
2129 -2.301154106583052
2130 -2.301097161455031
2131 -2.301040699334925
2132 -2.300984097946359
2133 -2.300928937783195
2134 -2.300874458584163
2135 -2.30082028750882
2136 -2.30076782715219
2137 -2.300715373613931
2138 -2.300662470721833
2139 -2.300610717174118
2140 -2.300559636553043
2141 -2.30050875759633
2142 -2.30045938317043
2143 -2.300410701350259
2144 -2.300362194968476
2145 -2.300314157090452
2146 -2.300266256510554
2147 -2.300219551407916
2148 -2.300173102469033
2149 -2.300127949543052
2150 -2.300083772371727
2151 -2.300039302541199
2152 -2.299995688178137
2153 -2.299951776775865
2154 -2.299908837352543
2155 -2.299866119393477
2156 -2.299824668740609
2157 -2.299784034367005
2158 -2.299743362389104
2159 -2.299703323848168
2160 -2.299664300622217
2161 -2.299625725312816
2162 -2.299587512487848
2163 -2.299549549366007
2164 -2.299511953803622
2165 -2.299475474218505
2166 -2.29943971001643
2167 -2.299404390975392
2168 -2.299369109281459
2169 -2.299333595797395
2170 -2.299298639781862
2171 -2.299264976121396
2172 -2.299231758512295
2173 -2.299199075605634
2174 -2.299166917408061
2175 -2.299134726574859
2176 -2.299102836642915
2177 -2.299071478719562
2178 -2.299040318933275
2179 -2.299010025372839
2180 -2.29897991684361
2181 -2.298949950153855
2182 -2.298920491657957
2183 -2.298891011033071
2184 -2.298861917547102
2185 -2.298833226767513
2186 -2.298805517011129
2187 -2.298777813738448
2188 -2.298750577844201
2189 -2.298722879153758
2190 -2.298694979764753
2191 -2.298667664039332
2192 -2.29864075564783
2193 -2.298614291037488
2194 -2.298588099515715
2195 -2.298561367271009
2196 -2.298535383870438
2197 -2.298509850073984
2198 -2.298484470028224
2199 -2.298458677396895
2200 -2.298433050395872
2201 -2.298407583884191
2202 -2.298381959165981
2203 -2.298356854034661
2204 -2.298331745828771
2205 -2.298306867715613
2206 -2.298281899312012
2207 -2.298257307980192
2208 -2.298232470810578
2209 -2.29820727004281
2210 -2.298182354525042
2211 -2.298157290940062
2212 -2.298133194905235
2213 -2.298108621457892
2214 -2.298083210217987
2215 -2.298057704334024
2216 -2.298032518994543
2217 -2.298007551391331
2218 -2.297982807469586
2219 -2.297957941749431
2220 -2.297932433961232
2221 -2.297907043937648
2222 -2.297881784538581
2223 -2.29785637433719
2224 -2.297830962262808
2225 -2.297805565568569
2226 -2.297779704438494
2227 -2.297754267347583
2228 -2.297728122693177
2229 -2.297701681722245
2230 -2.297675404321496
2231 -2.297649230095467
2232 -2.297622771514569
2233 -2.297596727392041
2234 -2.297570297027017
2235 -2.297543096940974
2236 -2.297515543321275
2237 -2.297488587293758
2238 -2.297461444423021
2239 -2.297434347901767
2240 -2.297406636400621
2241 -2.297380421379323
2242 -2.297352876161873
2243 -2.29732433432499
2244 -2.297295679869115
2245 -2.297266932315997
2246 -2.297238527466297
2247 -2.297210575944464
2248 -2.297182042686339
2249 -2.297152972860887
2250 -2.297124509322853
2251 -2.297095503018168
2252 -2.297066095296434
2253 -2.297036807052703
2254 -2.297007585495345
2255 -2.29697810189324
2256 -2.29694809711837
2257 -2.296918471212062
2258 -2.296888379129281
2259 -2.29685850654962
2260 -2.296828542151626
2261 -2.296797766559235
2262 -2.296767640628544
2263 -2.296737554780894
2264 -2.296706991698766
2265 -2.296676519379222
2266 -2.296646076573619
2267 -2.296615614678604
2268 -2.296584874297008
2269 -2.296553706641403
2270 -2.296523011567793
2271 -2.29649232930657
2272 -2.296461384744886
2273 -2.296430285397749
2274 -2.296398877807268
2275 -2.296367981266123
2276 -2.296337222848006
2277 -2.296306744876973
2278 -2.296275919582601
2279 -2.296244722918799
2280 -2.296212966348095
2281 -2.296181423642555
2282 -2.296150108689123
2283 -2.296118982071032
2284 -2.296087892255957
2285 -2.296057823512617
2286 -2.296027330090233
2287 -2.295996197542293
2288 -2.295964804973677
2289 -2.295933654129682
2290 -2.295902459620611
2291 -2.295871371516739
2292 -2.295840837820726
2293 -2.295810379159689
2294 -2.29578052885582
2295 -2.29575051580635
2296 -2.295720008963989
2297 -2.295689754986207
2298 -2.295659669721371
2299 -2.295630079905489
2300 -2.29560023993733
2301 -2.295570770586884
2302 -2.295541284245052
2303 -2.295511220159376
2304 -2.295481694002709
2305 -2.295452615374876
2306 -2.295424264715206
2307 -2.295395158992839
2308 -2.295366573424486
2309 -2.295338196770186
2310 -2.295309694542936
2311 -2.295281752856527
2312 -2.295254195149758
2313 -2.295226799821338
2314 -2.295200230465273
2315 -2.295173768508773
2316 -2.295146761895805
2317 -2.295119332317541
2318 -2.29509288265568
2319 -2.295067503467328
2320 -2.295042346827496
2321 -2.295016705874659
2322 -2.294992321313055
2323 -2.294968266584871
2324 -2.294943743738947
2325 -2.294920450093897
2326 -2.294897935204561
2327 -2.294875418147404
2328 -2.294853404995589
2329 -2.294831303653536
2330 -2.29481047262772
2331 -2.294789722701656
2332 -2.294768998572559
2333 -2.294749565940546
2334 -2.294730337811473
2335 -2.294711433081195
2336 -2.294693151611621
2337 -2.294675667330146
2338 -2.294659331749403
2339 -2.294643107120596
2340 -2.29462807321385
2341 -2.294613105736691
2342 -2.29459828443531
2343 -2.294585213506586
2344 -2.294573558064827
2345 -2.29456179624499
2346 -2.294550923919059
2347 -2.294539959072298
2348 -2.294531925901847
2349 -2.294524421969067
2350 -2.294515975207828
2351 -2.294508942585698
2352 -2.294503700184156
2353 -2.294498681814593
2354 -2.294494731646382
2355 -2.294492378621478
2356 -2.294490502777943
2357 -2.294489906679852
2358 -2.294490749838268
2359 -2.294492182089003
2360 -2.294494499277325
2361 -2.294497308244991
2362 -2.294501648208161
2363 -2.294506983437386
2364 -2.29451400651535
2365 -2.294522853828437
2366 -2.294532634566167
2367 -2.294542939183147
2368 -2.294554314680367
2369 -2.294566913574843
2370 -2.29458053192874
2371 -2.294595444414435
2372 -2.294611548493533
2373 -2.294629541337417
2374 -2.294648087913707
2375 -2.294668491860711
2376 -2.294691573275871
2377 -2.294714260731114
2378 -2.294737853087104
2379 -2.294761773497464
2380 -2.294787962516128
2381 -2.294815281057117
2382 -2.294845633749384
2383 -2.294877443443495
2384 -2.294910419460286
2385 -2.29494332262351
2386 -2.294976911228354
2387 -2.295010221808807
2388 -2.295046365782598
2389 -2.295085521673799
2390 -2.295125447978846
2391 -2.295166388143593
2392 -2.29520781388257
2393 -2.295251318665031
2394 -2.295296164187869
2395 -2.295341359425381
2396 -2.295387002275762
2397 -2.295435092453835
2398 -2.295484071859328
2399 -2.295533530113943
2400 -2.295586136034517
2401 -2.295638529934264
2402 -2.295690867154249
2403 -2.295744311640278
2404 -2.295799643774982
2405 -2.295856887351785
2406 -2.295915196200412
2407 -2.295974983380032
2408 -2.296034569380807
2409 -2.296095136506722
2410 -2.296154880675041
2411 -2.296217088838743
2412 -2.296281085571193
2413 -2.296345102644462
2414 -2.296410031978971
2415 -2.296473799684442
2416 -2.296540061243346
2417 -2.296605922825151
2418 -2.296674729196131
2419 -2.296743733895256
2420 -2.296812832738717
2421 -2.29688305986405
2422 -2.29695386143359
2423 -2.29702364708097
2424 -2.297094283293427
2425 -2.297165143344728
2426 -2.297237501329666
2427 -2.29730896118958
2428 -2.297381621854513
2429 -2.297454412941411
2430 -2.297527931117197
2431 -2.29760144530266
2432 -2.29767517849722
2433 -2.297750012161313
2434 -2.297825002659527
2435 -2.297899838683744
2436 -2.297974653143184
2437 -2.298050048935865
2438 -2.298123980535418
2439 -2.298197151603128
2440 -2.298271185317034
2441 -2.298346610967455
2442 -2.298422580290547
2443 -2.298495704116889
2444 -2.298567796461174
2445 -2.298640963924684
2446 -2.2987157287744
2447 -2.298789424426655
2448 -2.298863953547416
2449 -2.298936583282464
2450 -2.299010099233871
2451 -2.299081675655042
2452 -2.299153009784009
2453 -2.29922221187313
2454 -2.299292206033018
2455 -2.299362619278272
2456 -2.299432624336321
2457 -2.299502900348015
2458 -2.299572499944457
2459 -2.299640193399138
2460 -2.299707311952068
2461 -2.299774654153753
2462 -2.299840880220157
2463 -2.299904918880654
2464 -2.299968872492862
2465 -2.300032289359491
2466 -2.300096358584587
2467 -2.300158383105714
2468 -2.300220031824249
2469 -2.300282190313317
2470 -2.300340612116418
2471 -2.300399281703521
2472 -2.300457109458996
2473 -2.300513932471524
2474 -2.300570469098441
2475 -2.300626887217262
2476 -2.300680555761573
2477 -2.300734978348442
2478 -2.300785918029055
2479 -2.300837430680986
2480 -2.300890324841967
2481 -2.300939935108231
2482 -2.300986547300495
2483 -2.301034175873428
2484 -2.301081353105516
2485 -2.301128655366135
2486 -2.301173968486984
2487 -2.301216770314318
2488 -2.301259627639104
2489 -2.30130089377326
2490 -2.301340436061872
2491 -2.30137671127511
2492 -2.30141576715321
2493 -2.301456099940044
2494 -2.301495451789077
2495 -2.301530406493884
2496 -2.301563275048901
2497 -2.301594278147854
2498 -2.30162679232759
2499 -2.301659359183298
2500 -2.301688534655717
2501 -2.301717450934208
2502 -2.301745386627413
2503 -2.301773479127879
2504 -2.30179911475424
2505 -2.301824000012019
2506 -2.301847707614231
2507 -2.301874109187508
2508 -2.301894629449265
2509 -2.301911838892302
2510 -2.301933060953951
2511 -2.301953030168708
2512 -2.301971761637607
2513 -2.301987359433066
2514 -2.302004390787361
2515 -2.302018859880446
2516 -2.302032791771878
2517 -2.302046514266433
2518 -2.302059495125237
2519 -2.302070309033097
2520 -2.302080259105352
2521 -2.302088642718589
2522 -2.302097462675847
2523 -2.302105309800371
2524 -2.302111929450982
2525 -2.302117048041696
2526 -2.302120845016275
2527 -2.302125881836899
2528 -2.302128457736256
2529 -2.302131162190476
2530 -2.302132903216858
2531 -2.302132209244336
2532 -2.302130922380561
2533 -2.302129508881195
2534 -2.302127961269749
2535 -2.302124831173938
2536 -2.302120205015862
2537 -2.302115054599086
2538 -2.302108910044473
2539 -2.302102306422908
2540 -2.302096575320725
2541 -2.302088921251694
2542 -2.302079565976054
2543 -2.302069873838213
2544 -2.302060046794087
2545 -2.302048415072228
2546 -2.302035363406304
2547 -2.302020742253669
2548 -2.302006099799248
2549 -2.301991692185584
2550 -2.301977885750561
2551 -2.3019630432676
2552 -2.301947081102696
2553 -2.30192922801325
2554 -2.301912416524606
2555 -2.301894704486431
2556 -2.301874238533188
2557 -2.301852115988293
2558 -2.301829797450231
2559 -2.30180757972424
2560 -2.301785074265998
2561 -2.30176192370239
2562 -2.301738049203275
2563 -2.301713935738785
2564 -2.30168991818043
2565 -2.301663384777516
2566 -2.301636144239918
2567 -2.301608215871534
2568 -2.301580154873332
2569 -2.301551179478806
2570 -2.301521648328069
2571 -2.301491224976209
2572 -2.301461167903508
2573 -2.301428748060677
2574 -2.301397096369007
2575 -2.301364571205756
2576 -2.301331274757584
2577 -2.30129699776515
2578 -2.30126327602712
2579 -2.301229237728569
2580 -2.301193374538047
2581 -2.301157258369458
2582 -2.301120621505416
2583 -2.301084085265774
2584 -2.30104512013524
2585 -2.301005870143132
2586 -2.300966871282821
2587 -2.300928174821441
2588 -2.300889261976853
2589 -2.300849535931604
2590 -2.300806833534033
2591 -2.300765997359217
2592 -2.30072495960298
2593 -2.300683997960571
2594 -2.300643006930078
2595 -2.300599069408059
2596 -2.300555640092789
2597 -2.300513124163717
2598 -2.300469505818397
2599 -2.30042460065797
2600 -2.30037938861717
2601 -2.300334795070468
2602 -2.300290431886586
2603 -2.300245332867828
2604 -2.300199818528446
2605 -2.300153827058091
2606 -2.300107594635436
2607 -2.30006149078565
2608 -2.300014718450512
2609 -2.299968263555773
2610 -2.299921518217939
2611 -2.299873751398007
2612 -2.299826140993
2613 -2.299776909759158
2614 -2.299730816262084
2615 -2.299683785448079
2616 -2.299636004130207
2617 -2.299587081050316
2618 -2.299537585293512
2619 -2.299490394984136
2620 -2.299443474568374
2621 -2.299396666439673
2622 -2.299350475763508
2623 -2.299302885400938
2624 -2.299254778242791
2625 -2.299206016381397
2626 -2.299158491045476
2627 -2.299111448083579
2628 -2.299063627927896
2629 -2.299016046176405
2630 -2.298969238167371
2631 -2.298921053056586
2632 -2.298875794556472
2633 -2.298829976947744
2634 -2.298784296777127
2635 -2.298738747873408
2636 -2.298693827478808
2637 -2.298647604390689
2638 -2.298602460993973
2639 -2.298557999055897
2640 -2.298512545052108
2641 -2.298468986010416
2642 -2.298425447181727
2643 -2.298381063713597
2644 -2.298337979591891
2645 -2.298298276197284
2646 -2.298255890518902
2647 -2.298212717907671
2648 -2.298170316123503
2649 -2.298129061447916
2650 -2.298087808250047
2651 -2.298047855195879
2652 -2.298008301479295
2653 -2.297969209803382
2654 -2.297928202049476
2655 -2.297891099048012
2656 -2.297853726197017
2657 -2.297816460487827
2658 -2.297778810896785
2659 -2.297742402233794
2660 -2.29770707861901
2661 -2.297671865280214
2662 -2.297636372062962
2663 -2.297602152427235
2664 -2.297568328401861
2665 -2.297536018258631
2666 -2.297501908812201
2667 -2.297469403884597
2668 -2.29743833282179
2669 -2.2974072878728
2670 -2.297376820034689
2671 -2.297346519904803
2672 -2.29731705030556
2673 -2.297288121667836
2674 -2.29726037722745
2675 -2.29723188383796
2676 -2.297203651321229
2677 -2.297176628961072
2678 -2.297151278315971
2679 -2.297126034543354
2680 -2.297100692531727
2681 -2.297075973975638
2682 -2.297052615283603
2683 -2.297028456055612
2684 -2.297004939388872
2685 -2.296982446487913
2686 -2.296960612264597
2687 -2.296939206390375
2688 -2.296918942279278
2689 -2.296898760861616
2690 -2.296878664200693
2691 -2.296860082309968
2692 -2.296840672539984
2693 -2.296822842245093
2694 -2.296804330449594
2695 -2.29678700084279
2696 -2.296770319188977
2697 -2.296754494030236
2698 -2.296739359396935
2699 -2.296723857026368
2700 -2.296708980150851
2701 -2.296694812817624
2702 -2.296681236853145
2703 -2.296668130289103
2704 -2.296655307234226
2705 -2.296642569112868
2706 -2.296630533229311
2707 -2.296618690499239
2708 -2.296608373127328
2709 -2.296597904149548
2710 -2.29658750728203
2711 -2.296577594117124
2712 -2.296568119853106
2713 -2.296559129341053
2714 -2.296550571933708
2715 -2.296542566212215
2716 -2.296534858930786
2717 -2.296527448247903
2718 -2.296520467354666
2719 -2.296513486945391
2720 -2.296507190587627
2721 -2.296501807831576
2722 -2.296496394207008
2723 -2.29649135191349
2724 -2.296486513373849
2725 -2.296481964228842
2726 -2.296477531108544
2727 -2.296474284790744
2728 -2.296470523396439
2729 -2.296467549316322
2730 -2.296464929072147
2731 -2.296462546217291
2732 -2.296460763576122
2733 -2.296458846440232
2734 -2.29645717847795
2735 -2.296455639253748
2736 -2.296454806830548
2737 -2.296454657724866
2738 -2.296454066821421
2739 -2.296454328448748
2740 -2.296455201291956
2741 -2.296455887666701
2742 -2.296457300455224
2743 -2.296458029475763
2744 -2.296458962562286
2745 -2.296460869580813
2746 -2.296462979773974
2747 -2.296465503682878
2748 -2.296468332282033
2749 -2.2964712931845
2750 -2.296474576392375
2751 -2.296478304525652
2752 -2.296482474395374
2753 -2.296486581640737
2754 -2.296491212267905
2755 -2.296496043844045
2756 -2.296500801942492
2757 -2.296506395394276
2758 -2.296512383139707
2759 -2.29651872374359
2760 -2.296525750714517
2761 -2.296532993074969
2762 -2.29654036226693
2763 -2.296547280269388
2764 -2.29655493612263
2765 -2.296563000261973
2766 -2.296571648179178
2767 -2.296580749846984
2768 -2.296589629816657
2769 -2.296599958459913
2770 -2.296610677699497
2771 -2.296621318602029
2772 -2.296631856472358
2773 -2.296643163259232
2774 -2.296654471011166
2775 -2.296667154339389
2776 -2.296680229978294
2777 -2.296693567736613
2778 -2.296707183870226
2779 -2.296721413953248
2780 -2.296736533902616
2781 -2.296751761996946
2782 -2.296766907894404
2783 -2.296783173352354
2784 -2.296800157412449
2785 -2.296817539443959
2786 -2.296835345779157
2787 -2.29685327438927
2788 -2.296872201856993
2789 -2.29689208935787
2790 -2.296912603019689
2791 -2.296933649864466
2792 -2.296955232481872
2793 -2.296977361929037
2794 -2.296999764792052
2795 -2.297022576618914
2796 -2.297046070547425
2797 -2.297070808653039
2798 -2.297096270203582
2799 -2.297122109262952
2800 -2.297148671739929
2801 -2.297176221158264
2802 -2.297203419943002
2803 -2.297231337551487
2804 -2.297260598961737
2805 -2.297290591030223
2806 -2.297321033433805
2807 -2.297352212603785
2808 -2.29738421763182
2809 -2.297416910587778
2810 -2.297450242571192
2811 -2.297484212035874
2812 -2.297518898656452
2813 -2.297554121246511
2814 -2.297589832973891
2815 -2.297626783636988
2816 -2.297664577197783
2817 -2.29770317686326
2818 -2.297741929496484
2819 -2.297781754699166
2820 -2.297822181585165
2821 -2.29786337516266
2822 -2.297905521067153
2823 -2.297948134561409
2824 -2.297991471860842
2825 -2.29803587882917
2826 -2.298080689874266
2827 -2.29812621797319
2828 -2.298172634641971
2829 -2.298219787871247
2830 -2.298268402671253
2831 -2.298316546354367
2832 -2.29836613996325
2833 -2.29841608257989
2834 -2.298467141423313
2835 -2.29851909310741
2836 -2.298571105511126
2837 -2.298623904723649
2838 -2.298678061185047
2839 -2.298732620718441
2840 -2.298787713565432
2841 -2.298843169088692
2842 -2.298900280159659
2843 -2.298958400925959
2844 -2.299016109995689
2845 -2.299075795523418
2846 -2.299135175500338
2847 -2.299195587625778
2848 -2.299256678804066
2849 -2.299319334904999
2850 -2.299381914458565
2851 -2.299444343193437
2852 -2.299508239901918
2853 -2.299572866896163
2854 -2.299638263931181
2855 -2.299704288796899
2856 -2.299771502886502
2857 -2.299839785883809
2858 -2.299908364143474
2859 -2.299977397486787
2860 -2.300046046356582
2861 -2.300115717659294
2862 -2.300186050049461
2863 -2.300257119780358
2864 -2.300329580287313
2865 -2.300402656761077
2866 -2.300476627986801
2867 -2.300550352489422
2868 -2.300624922933686
2869 -2.300700680734633
2870 -2.300776401791135
2871 -2.300852992043953
2872 -2.300929445755736
2873 -2.301006583305121
2874 -2.301085484535764
2875 -2.301165618839526
2876 -2.301245466448358
2877 -2.301326800229725
2878 -2.301406109838645
2879 -2.301487356732767
2880 -2.301567784704801
2881 -2.30164990304804
2882 -2.301732919892214
2883 -2.301816954572499
2884 -2.301901817508272
2885 -2.301986482698986
2886 -2.302070286379621
2887 -2.302155115158165
2888 -2.302240571368546
2889 -2.302327069126463
2890 -2.302414385007083
2891 -2.302501949512467
2892 -2.302589551052796
2893 -2.3026772408767
2894 -2.302765796144034
2895 -2.302854904242066
2896 -2.302944433193483
2897 -2.303034727046035
2898 -2.303124884002238
2899 -2.303215535982747
2900 -2.303306630499744
2901 -2.303397498909964
2902 -2.303489318768699
2903 -2.303581280061604
2904 -2.30367389876647
2905 -2.303767443459376
2906 -2.303859693719291
2907 -2.303952990455462
2908 -2.304047276049536
2909 -2.304141702968484
2910 -2.304236735453323
2911 -2.304331059781748
2912 -2.304426491887113
2913 -2.304522216375978
2914 -2.304618104469027
2915 -2.304714291730973
2916 -2.304811575084324
2917 -2.304908700661532
2918 -2.305004536702647
2919 -2.305101005673443
2920 -2.305198505538451
2921 -2.305295369685451
2922 -2.305393388167159
2923 -2.305492304765155
2924 -2.305590436380643
2925 -2.305688192734526
2926 -2.305787152021474
2927 -2.305886887744086
2928 -2.30598629375024
2929 -2.306084517818514
2930 -2.306183615927374
2931 -2.306283334314308
2932 -2.306383663738077
2933 -2.306484457362583
2934 -2.306583618573451
2935 -2.306684352699759
2936 -2.306784721862887
2937 -2.306884941681312
2938 -2.306984913273259
2939 -2.307085579239862
2940 -2.307187017227006
2941 -2.307288060412221
2942 -2.307389108472057
2943 -2.30749017285497
2944 -2.307590470521773
2945 -2.307691392635287
2946 -2.307792618308785
2947 -2.307894269956734
2948 -2.307995287986698
2949 -2.308096727659227
2950 -2.308197634482488
2951 -2.308298422767213
2952 -2.308400310389365
2953 -2.308501223038135
2954 -2.308603939234347
2955 -2.30870576466247
2956 -2.308806022634182
2957 -2.30890593861769
2958 -2.309007081930362
2959 -2.309108217920522
2960 -2.309209207654788
2961 -2.309309634659902
2962 -2.309410610696387
2963 -2.309510943971127
2964 -2.309611596963256
2965 -2.309713443366789
2966 -2.309812031321944
2967 -2.309912557034933
2968 -2.310013448264197
2969 -2.310113672243797
2970 -2.310213988108725
2971 -2.310314054494494
2972 -2.310412687656798
2973 -2.31051098520023
2974 -2.31061160052377
2975 -2.310709931207616
2976 -2.310807997914817
2977 -2.310907278463489
2978 -2.311006298340075
2979 -2.311105176126897
2980 -2.311202389687365
2981 -2.311301021968819
2982 -2.31139870493928
2983 -2.311494372343406
2984 -2.311591181913105
2985 -2.311689009904229
2986 -2.311786664210538
2987 -2.311883989597108
2988 -2.311979973364533
2989 -2.31207492515411
2990 -2.312170995240713
2991 -2.312266860719564
2992 -2.312362636259793
2993 -2.312457015152555
2994 -2.312550927514662
2995 -2.312645553775923
2996 -2.312739477793669
2997 -2.312833780566184
2998 -2.312926510626031
2999 -2.313019561667915
3000 -2.313112877869711
3001 -2.313206894023188
3002 -2.313299240714104
3003 -2.313390399203179
3004 -2.313480327321688
3005 -2.313571933921858
3006 -2.313663572163753
3007 -2.313754190043671
3008 -2.313844299191929
3009 -2.313933738073521
3010 -2.314023349788018
3011 -2.314114480653034
3012 -2.314203573409452
3013 -2.314290998244973
3014 -2.314379059436313
3015 -2.314467439484242
3016 -2.314553559399577
3017 -2.31464053050777
3018 -2.314727223571702
3019 -2.314813769351708
3020 -2.314899945409547
3021 -2.3149859820858
3022 -2.3150708554169
3023 -2.315155153891654
3024 -2.315239679364454
3025 -2.315323866262799
3026 -2.315406448359147
3027 -2.315489140880183
3028 -2.315571795599814
3029 -2.315654512368025
3030 -2.315736257757501
3031 -2.315818347644982
3032 -2.315899529490316
3033 -2.315979985636921
3034 -2.316060028491052
3035 -2.316138793689177
3036 -2.316218286440866
3037 -2.316297438988969
3038 -2.316375223815742
3039 -2.316453069488936
3040 -2.316530677924706
3041 -2.31660778804727
3042 -2.316684482362552
3043 -2.316761122314326
3044 -2.316836701279556
3045 -2.316911048907206
3046 -2.316985709377228
3047 -2.317060514952531
3048 -2.317134122253994
3049 -2.317206542101716
3050 -2.317280176022029
3051 -2.317353239518352
3052 -2.317424886553932
3053 -2.317496596261846
3054 -2.317566678396063
3055 -2.317636927704078
3056 -2.317707900396067
3057 -2.317778296302607
3058 -2.317847777057196
3059 -2.317916409409514
3060 -2.317984796084235
3061 -2.318051340760197
3062 -2.318118972706983
3063 -2.318186692412405
3064 -2.318253114364201
3065 -2.318318957294026
3066 -2.318383758603945
3067 -2.318448168162684
3068 -2.318513348415661
3069 -2.318577054616296
3070 -2.318640936578295
3071 -2.318702853007165
3072 -2.318765365524966
3073 -2.318828570736104
3074 -2.318891330199488
3075 -2.318952168579968
3076 -2.319012029196241
3077 -2.319072483230393
3078 -2.319131843026741
3079 -2.319192034171514
3080 -2.319250986286185
3081 -2.319308917084059
3082 -2.319366741015293
3083 -2.319424460314994
3084 -2.319482191527514
3085 -2.319538387311304
3086 -2.31959393335663
3087 -2.319649562205321
3088 -2.319704179764155
3089 -2.319759298513739
3090 -2.319813872126596
3091 -2.319868472048867
3092 -2.319921872829345
3093 -2.319974417273397
3094 -2.32002610109539
3095 -2.32007879066017
3096 -2.32013057000855
3097 -2.320181570180225
3098 -2.320231488916198
3099 -2.320282008356398
3100 -2.320332899007306
3101 -2.320382321414466
3102 -2.320431333431484
3103 -2.320479972689697
3104 -2.320528382123174
3105 -2.320575526568961
3106 -2.320622484062512
3107 -2.320670443889277
3108 -2.320716652579974
3109 -2.320763180942278
3110 -2.320808678787376
3111 -2.320853919963838
3112 -2.32089844657542
3113 -2.320942177760516
3114 -2.320987017396265
3115 -2.321031708749216
3116 -2.321075345188678
3117 -2.321118375919622
3118 -2.321161065361552
3119 -2.32120316775172
3120 -2.321245073283053
3121 -2.321286526577802
3122 -2.321328139100883
3123 -2.321369264879431
3124 -2.321409475358955
3125 -2.321449460069229
3126 -2.321488945933566
3127 -2.321528456903466
3128 -2.321567577154395
3129 -2.321606113547404
3130 -2.321644552389436
3131 -2.32168278309444
3132 -2.321720544235474
3133 -2.321757989626556
3134 -2.321794777869012
3135 -2.321830972196754
3136 -2.321867223070594
3137 -2.321903701248542
3138 -2.32193962921708
3139 -2.321974879377186
3140 -2.322009701429204
3141 -2.32204416376264
3142 -2.322078465907958
3143 -2.322112504754185
3144 -2.322146265405079
3145 -2.322179654235925
3146 -2.322212629073755
3147 -2.322245473743166
3148 -2.322277806247414
3149 -2.32230991427202
3150 -2.32234177351335
3151 -2.322373575460603
3152 -2.322404786337481
3153 -2.322435870453051
3154 -2.322466858168023
3155 -2.322497258509459
3156 -2.322527502123119
3157 -2.322557169600769
3158 -2.322586757904064
3159 -2.322615990057245
3160 -2.3226452450513
3161 -2.322673985696832
3162 -2.322702493162268
3163 -2.322730425274701
3164 -2.322758265295866
3165 -2.322786081650681
3166 -2.322813625675971
3167 -2.322840181693136
3168 -2.322867094370209
3169 -2.322894623484294
3170 -2.322920865660218
3171 -2.322946977327848
3172 -2.322972512588099
3173 -2.322997917282255
3174 -2.323023448303749
3175 -2.323048527894722
3176 -2.323073492008581
3177 -2.323098164390964
3178 -2.323122955620319
3179 -2.323146981825467
3180 -2.323170640245584
3181 -2.323194054602737
3182 -2.323217480756485
3183 -2.323241088265704
3184 -2.32326419501485
3185 -2.323287180043506
3186 -2.323309737306103
3187 -2.323332157423418
3188 -2.32335438634222
3189 -2.323376300621169
3190 -2.32339768939884
3191 -2.323419269229222
3192 -2.323440672058295
3193 -2.323461872076743
3194 -2.323482712040151
3195 -2.323503407177724
3196 -2.323524076613061
3197 -2.323544421590086
3198 -2.323564556355222
3199 -2.323584384611401
3200 -2.323603808626126
3201 -2.323623289773859
3202 -2.323642291210501
3203 -2.323661491396961
3204 -2.323680685528104
3205 -2.323699563945701
3206 -2.323717956022043
3207 -2.32373599357948
3208 -2.323753883043587
3209 -2.323771426786033
3210 -2.323789366349482
3211 -2.323806912312519
3212 -2.323824330157764
3213 -2.323841608600991
3214 -2.323858479892149
3215 -2.323875342648682
3216 -2.323891635329692
3217 -2.323907818255637
3218 -2.323924162895513
3219 -2.32394000347731
3220 -2.323955478872036
3221 -2.32397086497128
3222 -2.323986187251802
3223 -2.324001374570815
3224 -2.324016283069305
3225 -2.32403090638948
3226 -2.324045549521512
3227 -2.324059878386307
3228 -2.324073992416336
3229 -2.324087906007552
3230 -2.324101462093295
3231 -2.324114621852235
3232 -2.324128107119701
3233 -2.324141413315012
3234 -2.324154409712164
3235 -2.324167067074147
3236 -2.324179530718459
3237 -2.324191675022919
3238 -2.324203719886018
3239 -2.324215615250795
3240 -2.324227296391892
3241 -2.324238762369159
3242 -2.324249982695902
3243 -2.324261009826697
3244 -2.324271895481211
3245 -2.324282380568577
3246 -2.324292745785262
3247 -2.324302935079157
3248 -2.324313092412512
3249 -2.324322864819371
3250 -2.324332340358875
3251 -2.324341383326286
3252 -2.324350507978643
3253 -2.324359409554386
3254 -2.324368163587104
3255 -2.324376595568456
3256 -2.324384838256198
3257 -2.324392854791291
3258 -2.324400506657362
3259 -2.324408082757585
3260 -2.324415339948501
3261 -2.324422295138747
3262 -2.324429226697358
3263 -2.324435876862506
3264 -2.324442215710942
3265 -2.324448286714063
3266 -2.324454163711441
3267 -2.324459831608061
3268 -2.324465283474484
3269 -2.324470514109284
3270 -2.324475486297201
3271 -2.324480097420601
3272 -2.324484487172249
3273 -2.324488605652318
3274 -2.324492461606018
3275 -2.324496166787129
3276 -2.324499652739998
3277 -2.324502919298846
3278 -2.324505859111952
3279 -2.324508568477399
3280 -2.324510950432001
3281 -2.324513088600726
3282 -2.324514907106218
3283 -2.324516424184255
3284 -2.324517878109306
3285 -2.324519138889488
3286 -2.324520092202317
3287 -2.324520725435379
3288 -2.324521088066954
3289 -2.324521176869487
3290 -2.324520990494739
3291 -2.324520599468689
3292 -2.324520101774429
3293 -2.324519232987306
3294 -2.324518053224135
3295 -2.324516475505369
3296 -2.324514676746888
3297 -2.324512636044707
3298 -2.324510378098472
3299 -2.324507803047632
3300 -2.324505010195678
3301 -2.324502053415501
3302 -2.324498819234904
3303 -2.324495339429932
3304 -2.324491620300726
3305 -2.324487523784986
3306 -2.324483145471087
3307 -2.32447849289627
3308 -2.324473759829431
3309 -2.324468682368379
3310 -2.324463036328378
3311 -2.324457290748585
3312 -2.324451419764331
3313 -2.324445327081533
3314 -2.32443892577402
3315 -2.324432335291364
3316 -2.324425270980616
3317 -2.324418052683707
3318 -2.324410518997613
3319 -2.324402793011525
3320 -2.324394986704457
3321 -2.32438683602069
3322 -2.324378338037388
3323 -2.324369643822817
3324 -2.324360597471525
3325 -2.324351374124955
3326 -2.324341939274656
3327 -2.324332210241684
3328 -2.324322155995107
3329 -2.324311950264947
3330 -2.324301630270327
3331 -2.32429087036716
3332 -2.324279938299036
3333 -2.324268674655209
3334 -2.324257264541139
3335 -2.324245746161115
3336 -2.324233955674283
3337 -2.32422185346415
3338 -2.324209485809589
3339 -2.324196804003628
3340 -2.324183986062048
3341 -2.324171025009535
3342 -2.324157861611337
3343 -2.324144376251241
3344 -2.324130703396503
3345 -2.324116783829563
3346 -2.324102646414265
3347 -2.324088265567634
3348 -2.324073727127058
3349 -2.324059040091277
3350 -2.324044043865391
3351 -2.324028890703514
3352 -2.324013454172927
3353 -2.323997819540491
3354 -2.323982030445938
3355 -2.32396598180982
3356 -2.323949764584564
3357 -2.323933312156514
3358 -2.323916703596152
3359 -2.323899846101389
3360 -2.323882914159197
3361 -2.323865730794836
3362 -2.323848464126812
3363 -2.323830827006634
3364 -2.323812973086501
3365 -2.323794920727383
3366 -2.323776704856881
3367 -2.323758130638306
3368 -2.32373958145305
3369 -2.323720890661025
3370 -2.323702076762192
3371 -2.323683078329717
3372 -2.323663856695191
3373 -2.32364437336544
3374 -2.323624666550447
3375 -2.32360483600177
3376 -2.323584759121739
3377 -2.323564510130866
3378 -2.323544140107406
3379 -2.323523635654602
3380 -2.32350291008158
3381 -2.323482003421748
3382 -2.323460803316598
3383 -2.323439657124339
3384 -2.323418343401047
3385 -2.323396777553618
3386 -2.323375047161021
3387 -2.323353020240173
3388 -2.323330970726242
3389 -2.323309067328377
3390 -2.323286671113347
3391 -2.323263962843851
3392 -2.323241065537997
3393 -2.323218103623885
3394 -2.323195025151104
3395 -2.323171743904592
3396 -2.323148351269636
3397 -2.323124911076162
3398 -2.323101270625777
3399 -2.323077456756872
3400 -2.323053408797199
3401 -2.323029181268299
3402 -2.323004729644305
3403 -2.322980167634356
3404 -2.32295554231288
3405 -2.322930751113749
3406 -2.322905840501559
3407 -2.322880813989869
3408 -2.322855370135327
3409 -2.322829736176178
3410 -2.322804050487031
3411 -2.322778283715213
3412 -2.322752397051397
3413 -2.322726341977957
3414 -2.322700009578841
3415 -2.322673449368473
3416 -2.322646704722769
3417 -2.322619915169904
3418 -2.322593123603303
3419 -2.322566128559084
3420 -2.3225389105896
3421 -2.322511466110067
3422 -2.322483934076949
3423 -2.322456180998275
3424 -2.322428219439334
3425 -2.322400105600226
3426 -2.322371939259812
3427 -2.322343560886601
3428 -2.322315017773083
3429 -2.322286339427093
3430 -2.322257391118351
3431 -2.322228347159322
3432 -2.322199229994002
3433 -2.322169899683807
3434 -2.322140353334143
3435 -2.322110637839557
3436 -2.322080830549254
3437 -2.32205077608911
3438 -2.322020591685308
3439 -2.321990222282362
3440 -2.32195965071001
3441 -2.32192901892046
3442 -2.321898169172318
3443 -2.321867151665881
3444 -2.321835947094481
3445 -2.32180459641733
3446 -2.32177303472621
3447 -2.32174127996677
3448 -2.321709310598731
3449 -2.321677326771819
3450 -2.321645106059579
3451 -2.321612821508549
3452 -2.321580238171626
3453 -2.321547532613399
3454 -2.321514550610307
3455 -2.321481351351219
3456 -2.321448042886245
3457 -2.321414651147773
3458 -2.321381112755281
3459 -2.321347469165415
3460 -2.321313380078775
3461 -2.321279090922328
3462 -2.321244698117965
3463 -2.32121016928632
3464 -2.321175571382442
3465 -2.321140755117137
3466 -2.32110555036486
3467 -2.321070194794197
3468 -2.321034891287534
3469 -2.32099930650709
3470 -2.320963450178813
3471 -2.32092742920584
3472 -2.320891233589818
3473 -2.320854915181827
3474 -2.320818361793051
3475 -2.320781522521862
3476 -2.320747024766158
3477 -2.320707661888927
3478 -2.320668729658281
3479 -2.320631147303092
3480 -2.320594153850328
3481 -2.32055678616475
3482 -2.320518954057766
3483 -2.320480509504487
3484 -2.320441988745882
3485 -2.320403319502099
3486 -2.320364587931851
3487 -2.320325477289047
3488 -2.320286151147162
3489 -2.320246609426352
3490 -2.320206882839132
3491 -2.320166855177117
3492 -2.320126879912023
3493 -2.320086679365996
3494 -2.320046169528601
3495 -2.320005496266591
3496 -2.319964651169023
3497 -2.319923319112299
3498 -2.319882130464721
3499 -2.319840828192724
3500 -2.319799263104587
3501 -2.319757388342397
3502 -2.31971539229094
3503 -2.319673139527807
3504 -2.319630610573458
3505 -2.319587862013341
3506 -2.319544994051706
3507 -2.319501964784493
3508 -2.319458736899101
3509 -2.319415337271173
3510 -2.319371654150057
3511 -2.319327623970983
3512 -2.31928360407486
3513 -2.319239383577484
3514 -2.319194899436942
3515 -2.31915035113363
3516 -2.319105566517406
3517 -2.319060525909983
3518 -2.319015254661775
3519 -2.318969710664818
3520 -2.318923923646207
3521 -2.318878078708697
3522 -2.318832122175498
3523 -2.318785927333711
3524 -2.318739663421336
3525 -2.318693001762051
3526 -2.318646089113909
3527 -2.318599087634916
3528 -2.318551738050035
3529 -2.318504259005886
3530 -2.318456749063628
3531 -2.318409024898063
3532 -2.318361060848796
3533 -2.318312765752035
3534 -2.318264440943115
3535 -2.318216142749502
3536 -2.318167601416135
3537 -2.318118411716102
3538 -2.318069210275083
3539 -2.318019845874993
3540 -2.317970407160871
3541 -2.317920673265766
3542 -2.317870809409572
3543 -2.317820849574771
3544 -2.317770716554457
3545 -2.317720343602987
3546 -2.317669729806117
3547 -2.317618887882197
3548 -2.317568140367781
3549 -2.317517045418068
3550 -2.317465713656489
3551 -2.317414367084554
3552 -2.317362839184964
3553 -2.317311049667268
3554 -2.317259223696824
3555 -2.317207127588351
3556 -2.317154838852431
3557 -2.317102256366782
3558 -2.317049751637296
3559 -2.31699717089213
3560 -2.316944443442301
3561 -2.316891416361633
3562 -2.316838527282552
3563 -2.31678527550836
3564 -2.316731701796735
3565 -2.316677931431128
3566 -2.316624118411131
3567 -2.316570094093247
3568 -2.316516136820569
3569 -2.316462129778396
3570 -2.316407926316029
3571 -2.316353579919036
3572 -2.316299154876639
3573 -2.316244451608235
3574 -2.316189577006101
3575 -2.316134427242324
3576 -2.316079376268773
3577 -2.316024367683864
3578 -2.315969330743012
3579 -2.315914199718298
3580 -2.315858678930059
3581 -2.315802993446151
3582 -2.315747131273739
3583 -2.315691468260929
3584 -2.315635528747794
3585 -2.315579517165215
3586 -2.315523230459938
3587 -2.31546689254751
3588 -2.315410666672107
3589 -2.315354465244848
3590 -2.315298083431466
3591 -2.315241422117209
3592 -2.315184637422787
3593 -2.315127897203728
3594 -2.315071071309402
3595 -2.315014260491092
3596 -2.314957310261277
3597 -2.314900277454416
3598 -2.314843188632471
3599 -2.314785952101305
3600 -2.314728558070559
3601 -2.314671137344535
3602 -2.314613713562256
3603 -2.314556326013419
3604 -2.314498728706059
3605 -2.314441250461051
3606 -2.314383423303489
3607 -2.314325787291032
3608 -2.314268337239419
3609 -2.314210520916159
3610 -2.314152559406523
3611 -2.314094395736268
3612 -2.314036536791379
3613 -2.313978613224152
3614 -2.313920668900189
3615 -2.313862584828863
3616 -2.313804530188802
3617 -2.313746399258069
3618 -2.313688135792442
3619 -2.313629976140105
3620 -2.313571758887833
3621 -2.313513525192323
3622 -2.313455390921912
3623 -2.313397228320469
3624 -2.313338900068063
3625 -2.313280564385164
3626 -2.31322214985415
3627 -2.313163778719864
3628 -2.313105387395172
3629 -2.313047039420674
3630 -2.3129887897437
3631 -2.312930468550269
3632 -2.312872048739475
3633 -2.312813628415091
3634 -2.312755272773348
3635 -2.312696889099153
3636 -2.312638490331564
3637 -2.312580146295974
3638 -2.312521952834621
3639 -2.312463622337471
3640 -2.31240524473561
3641 -2.312346912451457
3642 -2.312288383532364
3643 -2.312229956855229
3644 -2.312171914901257
3645 -2.312113912119206
3646 -2.312055890243651
3647 -2.311997727048013
3648 -2.311939484821924
3649 -2.3118812364659
3650 -2.311823177839094
3651 -2.311765205441306
3652 -2.311707156448063
3653 -2.311649136743227
3654 -2.311591327015941
3655 -2.311533167395079
3656 -2.311475161112095
3657 -2.311417498955604
3658 -2.311359766921096
3659 -2.31130216261034
3660 -2.31124448937154
3661 -2.31118688974976
3662 -2.311129418547238
3663 -2.31107178242401
3664 -2.311014105775949
3665 -2.310956563295083
3666 -2.310899275522381
3667 -2.310842093688116
3668 -2.310784870752334
3669 -2.310727680367494
3670 -2.310670928881312
3671 -2.310613649914397
3672 -2.310556328912201
3673 -2.310499259973179
3674 -2.310442399861346
3675 -2.310385700967171
3676 -2.310328951430333
3677 -2.310272169254303
3678 -2.310215425804812
3679 -2.310158937772925
3680 -2.310102408198308
3681 -2.310045916529203
3682 -2.309989628684679
3683 -2.3099334125859
3684 -2.309877440788138
3685 -2.309820992474207
3686 -2.309764958843622
3687 -2.309709034614269
3688 -2.309653011933512
3689 -2.309597039266606
3690 -2.309541261074025
3691 -2.309485656846845
3692 -2.309430123708742
3693 -2.309374700571716
3694 -2.309318992303492
3695 -2.309263559550097
3696 -2.309208154856074
3697 -2.309152852238358
3698 -2.309097636264315
3699 -2.309042602207787
3700 -2.30898750399674
3701 -2.308932522317963
3702 -2.308877944015308
3703 -2.308823361217829
3704 -2.30876828419994
3705 -2.308713466011725
3706 -2.308658997590595
3707 -2.308604562508358
3708 -2.308550222051835
3709 -2.30849616343391
3710 -2.308441950910542
3711 -2.308387633001332
3712 -2.308333310030788
3713 -2.308279188508912
3714 -2.30822528785427
3715 -2.308171419360066
3716 -2.308117461864779
3717 -2.308063695165465
3718 -2.308010238606155
3719 -2.307956846745238
3720 -2.307903469596643
3721 -2.307849872570529
3722 -2.307796385989266
3723 -2.30774310706369
3724 -2.307689844351827
3725 -2.307636910555175
3726 -2.307583676712208
3727 -2.307530601917778
3728 -2.307477502703233
3729 -2.307424788188785
3730 -2.307371979197811
3731 -2.307319447279048
3732 -2.307267128863184
3733 -2.30721423100314
3734 -2.307161632197256
3735 -2.307109051202347
3736 -2.307056565895698
3737 -2.307004277709716
3738 -2.306954145767048
3739 -2.30690056188672
3740 -2.306846816152008
3741 -2.306794725234802
3742 -2.306743446029317
3743 -2.306692062053053
3744 -2.306640388593471
3745 -2.306588482931861
3746 -2.306536589195893
3747 -2.306484863269632
3748 -2.306433233665127
3749 -2.306381693991693
3750 -2.306330110489422
3751 -2.306278552918973
3752 -2.306227245873869
3753 -2.306176130948084
3754 -2.306124894897012
3755 -2.30607350002197
3756 -2.306022312066153
3757 -2.305971086006256
3758 -2.305919931306752
3759 -2.305868934441826
3760 -2.305817970966073
3761 -2.305766993485951
3762 -2.305716125382798
3763 -2.305665080865433
3764 -2.305614195983848
3765 -2.305563461570624
3766 -2.30551279832239
3767 -2.305462008562436
3768 -2.305411323400119
3769 -2.305360673175985
3770 -2.305310066670327
3771 -2.305259606574715
3772 -2.305209055912823
3773 -2.305158533576332
3774 -2.305107978745165
3775 -2.305057531437321
3776 -2.305007141969738
3777 -2.304956735625906
3778 -2.304906301534057
3779 -2.304855992011779
3780 -2.304805477494191
3781 -2.304755315280096
3782 -2.304705179394992
3783 -2.304655016849615
3784 -2.304604854041473
3785 -2.304554638569611
3786 -2.304504392554406
3787 -2.304454156271317
3788 -2.304403931957081
3789 -2.304353849056403
3790 -2.30430386720486
3791 -2.304253881420848
3792 -2.304203739770637
3793 -2.304153607726078
3794 -2.30410350712354
3795 -2.304053473585804
3796 -2.304003477181323
3797 -2.303953473629246
3798 -2.303903500998791
3799 -2.303853577796569
3800 -2.3038036014859
3801 -2.303753603744389
3802 -2.3037036343803
3803 -2.30365354965392
3804 -2.303603590719077
3805 -2.303553724804823
3806 -2.303503930393276
3807 -2.303454167662697
3808 -2.303404178245729
3809 -2.303354290498599
3810 -2.303304226298736
3811 -2.30325427463398
3812 -2.303204472156148
3813 -2.303154685275294
3814 -2.303104670009962
3815 -2.303054833630447
3816 -2.3030049144969
3817 -2.302955147512394
3818 -2.302905411595206
3819 -2.302855593368109
3820 -2.302805954415258
3821 -2.302756165494986
3822 -2.302706205239829
3823 -2.302656266268546
3824 -2.302606267674662
3825 -2.302556551664927
3826 -2.302506777460066
3827 -2.302456959565721
3828 -2.302407218715993
3829 -2.302357514872179
3830 -2.302307678603312
3831 -2.302257897971358
3832 -2.30220821448815
3833 -2.302158534957285
3834 -2.302108821698118
3835 -2.302059065809992
3836 -2.302009180401792
3837 -2.301959709444839
3838 -2.301909866501005
3839 -2.301860188516064
3840 -2.301810520071669
3841 -2.301760968051976
3842 -2.301711415357341
3843 -2.301661812976861
3844 -2.301612373557947
3845 -2.301562743133269
3846 -2.301513018353381
3847 -2.301463426583457
3848 -2.301413964721341
3849 -2.3013645185471
3850 -2.301315034731052
3851 -2.301265665391195
3852 -2.301216334629469
3853 -2.301166917652866
3854 -2.3011175364315
3855 -2.301068232438226
3856 -2.301018896422232
3857 -2.300969616161146
3858 -2.300920431891022
3859 -2.30087126294251
3860 -2.300822143595483
3861 -2.300772986938109
3862 -2.300723837982947
3863 -2.300674562422957
3864 -2.300625606632337
3865 -2.300576733518102
3866 -2.300527923962465
3867 -2.300479123303204
3868 -2.300430411839725
3869 -2.30038164564539
3870 -2.300332844067346
3871 -2.300283973820513
3872 -2.300235405223694
3873 -2.300186939091994
3874 -2.30013849329463
3875 -2.300090060669302
3876 -2.300041686826244
3877 -2.299993512642577
3878 -2.299945228013499
3879 -2.299896963403976
3880 -2.299848901282018
3881 -2.299800774422933
3882 -2.299752809274036
3883 -2.29970496840065
3884 -2.299657330520904
3885 -2.29960947378362
3886 -2.29956188210226
3887 -2.299514339175821
3888 -2.299466792215961
3889 -2.299419426782652
3890 -2.299372002059189
3891 -2.299324782252643
3892 -2.299277640201505
3893 -2.299230606471136
3894 -2.29918367053215
3895 -2.299136961809964
3896 -2.299090244435161
3897 -2.299043532415884
3898 -2.298996907957811
3899 -2.298950392258481
3900 -2.298903862305258
3901 -2.298857574501522
3902 -2.298811632948128
3903 -2.298765879176244
3904 -2.298719812975213
3905 -2.298673880276749
3906 -2.298628122531354
3907 -2.298582489076149
3908 -2.298537470802711
3909 -2.298491504090165
3910 -2.298446318915061
3911 -2.298401651476811
3912 -2.29835632410807
3913 -2.298311394719258
3914 -2.298266837324446
3915 -2.298222259027996
3916 -2.298177844041542
3917 -2.298133513796054
3918 -2.298089255521061
3919 -2.298045123714899
3920 -2.298001246068229
3921 -2.297957504071729
3922 -2.297913841511453
3923 -2.297870453593519
3924 -2.297827005033877
3925 -2.297783706929006
3926 -2.297740626922842
3927 -2.297697690841088
3928 -2.297655037819836
3929 -2.297612283175964
3930 -2.297569697516814
3931 -2.297527398329804
3932 -2.297485277470601
3933 -2.297443262291362
3934 -2.297401353431241
3935 -2.297359603635404
3936 -2.29731804745678
3937 -2.297276748167772
3938 -2.297235519583754
3939 -2.297194416673787
3940 -2.297153480282047
3941 -2.297112725557388
3942 -2.297072123478782
3943 -2.297031623972177
3944 -2.296991352311904
3945 -2.296951264466592
3946 -2.296911416612131
3947 -2.296871736676569
3948 -2.296832154372639
3949 -2.296792756148266
3950 -2.296753426822008
3951 -2.296714339988967
3952 -2.296675466156703
3953 -2.29663676801906
3954 -2.296598301718457
3955 -2.296559939369475
3956 -2.296521656388451
3957 -2.296483519184629
3958 -2.29644576183917
3959 -2.296408186792908
3960 -2.296370684634789
3961 -2.296333330047546
3962 -2.296296115104812
3963 -2.296259094300251
3964 -2.296222301575836
3965 -2.296185709641669
3966 -2.296149379719544
3967 -2.296113083175535
3968 -2.296076978114619
3969 -2.296041014160866
3970 -2.296005349630309
3971 -2.295969939734519
3972 -2.295934581321208
3973 -2.295899395403182
3974 -2.295864275931869
3975 -2.295829464987254
3976 -2.295794878086306
3977 -2.295760462902617
3978 -2.295726239015552
3979 -2.295692182748416
3980 -2.29565831195348
3981 -2.295624565232484
3982 -2.295590980973801
3983 -2.295557622308157
3984 -2.295524502942655
3985 -2.295491505812346
3986 -2.295458701998559
3987 -2.295426057431865
3988 -2.295393568946951
3989 -2.295361293764414
3990 -2.29532931220371
3991 -2.295297419245105
3992 -2.295265707999311
3993 -2.295234178354665
3994 -2.295202798617686
3995 -2.295171600636656
3996 -2.295140602840191
3997 -2.295109796251712
3998 -2.295079167435237
3999 -2.295048771519821
4000 -2.295018602239356
