"thrust_main-rfile"
"Iteration" "thrust_main"
("Iteration" "thrust_main")
1 -63.25423377619033
2 -107.8245026431326
3 -302.9892518522444
4 -219.3698598787573
5 -122.9553332845065
6 -80.23273357531455
7 -54.91938059435997
8 -49.83844409381504
9 -48.31296786883595
10 -51.06422343420594
11 -49.3477100303471
12 -49.213121792282
13 -46.93219787295959
14 -36.70799054657842
15 -35.52716532124013
16 -34.03069611963544
17 -32.55040153464495
18 -29.03482618558402
19 -29.02716339276104
20 -29.49359827221496
21 -35.64496860116729
22 -36.49239352626807
23 -37.27545385039539
24 -45.08596090581814
25 -45.55550440901889
26 -45.6097929751582
27 -50.15578275582018
28 -50.31108253281525
29 -50.35348825977704
30 -50.64281428238843
31 -56.70373974133596
32 -57.53123161395699
33 -58.93692784169624
34 -60.90122305952828
35 -63.49269750015171
36 -75.5177694009876
37 -77.20153624474675
38 -78.86947028415955
39 -80.48394092940458
40 -89.22259548153451
41 -89.83174035770712
42 -90.39858216871522
43 -91.03226918916815
44 -91.78787438043292
45 -92.86900502007396
46 -101.4009230406265
47 -102.2557035747849
48 -103.621556329711
49 -105.6235298415471
50 -108.134172994358
51 -111.0028214917383
52 -127.1531634928208
53 -128.5120054324229
54 -129.6954451163978
55 -130.5622914935214
56 -131.2491209263202
57 -131.7905631666289
58 -136.4586156679869
59 -137.4126863522653
60 -139.1238809672161
61 -141.6457911274036
62 -144.8456692086241
63 -163.281268430877
64 -164.8641739401371
65 -166.3614081846261
66 -167.7796732579971
67 -175.2505118058348
68 -176.4132461005067
69 -177.8244782405255
70 -179.5100719532603
71 -181.4912570489086
72 -194.0426761001236
73 -195.2019723110531
74 -196.6563194021704
75 -198.2245630316954
76 -200.0939234320952
77 -212.4562735768056
78 -214.2172747780103
79 -215.8765715948862
80 -217.5016807934779
81 -224.8096965721244
82 -225.2394918893225
83 -225.3275796871382
84 -225.1684323637694
85 -224.7340906372143
86 -224.3112835160741
87 -224.3396326067271
88 -224.1209371219263
89 -223.5699158486449
90 -220.2673877663143
91 -219.3631077106092
92 -217.8208237260064
93 -215.8071441457586
94 -203.6057986339356
95 -202.2725309489194
96 -200.5609431706677
97 -198.5891579053573
98 -185.6247598123647
99 -184.2714842310487
100 -182.7459051844952
101 -181.2454447048929
102 -179.5864086975602
103 -171.4830573212351
104 -170.5335414023571
105 -169.5353288120599
106 -168.6159473616047
107 -167.5915393854669
108 -163.1765242159235
109 -162.8454632639368
110 -162.601382164598
111 -162.4267831174305
112 -162.3134336916928
113 -161.4131750148411
114 -161.039893414286
115 -160.5028828334932
116 -159.7847722840042
117 -158.8475415566965
118 -153.5175472394259
119 -152.9666841227767
120 -152.4577839595613
121 -152.0140016976736
122 -151.5907775743371
123 -149.2454349576952
124 -148.8337397467512
125 -148.4176017651758
126 -147.9396372079503
127 -147.3751039633192
128 -144.432364037276
129 -144.152972464212
130 -143.8874789353897
131 -143.5690694251174
132 -143.1027268668854
133 -139.5389999783687
134 -138.926147208919
135 -138.2490963248941
136 -137.5140193768174
137 -136.7454374101914
138 -133.2240869889323
139 -132.9826780989153
140 -132.8538932754485
141 -132.8571825856677
142 -132.2838682422334
143 -132.0571059603795
144 -131.7277461198784
145 -131.2692621559681
146 -128.2291974170195
147 -127.9313347545368
148 -127.6633103765921
149 -127.3377918174715
150 -125.1645357076768
151 -124.8564547481652
152 -124.520075683347
153 -124.194810628481
154 -122.4042029134861
155 -122.2286758716417
156 -122.07390023974
157 -121.9098559486425
158 -120.6388797981704
159 -120.458699118069
160 -120.2361203101754
161 -119.9659390479313
162 -118.1762186633408
163 -117.9560788726893
164 -117.757721823313
165 -117.5157939289887
166 -116.0405828660748
167 -115.8658576500149
168 -115.7044643689377
169 -115.5643530262068
170 -114.3749477551492
171 -114.2308639790485
172 -114.0558283735163
173 -113.9142012075431
174 -112.5167823079647
175 -112.2991508403757
176 -112.1028780790345
177 -111.9174335627295
178 -110.372289335721
179 -110.1785051553534
180 -110.0054618311682
181 -108.7283258744896
182 -108.5376686719305
183 -108.3689138497724
184 -107.2756771987738
185 -107.0603648965322
186 -106.8404886683385
187 -105.1671430952693
188 -104.8979023870604
189 -104.676736577728
190 -103.0086541564978
191 -102.7297286198792
192 -102.4715774689417
193 -100.8827378158912
194 -100.605579411454
195 -100.3907912752702
196 -98.90513490389479
197 -98.62535404256238
198 -98.39413871138224
199 -96.90391495245092
200 -96.68592839679978
201 -96.54447222638534
202 -95.27675865619541
203 -95.09999715714106
204 -94.95514894099772
205 -93.98433556203284
206 -93.85393347132148
207 -93.13573078804642
208 -93.08443787523971
209 -93.04853765782025
210 -93.04533241103353
211 -93.04014429671363
212 -93.07250849255202
213 -93.04260691358782
214 -93.03975036352867
215 -93.03598217871827
216 -93.04159088726387
217 -93.00978430253254
218 -93.05017076556335
219 -93.34941590550494
220 -93.36624606826861
221 -93.42709832733699
222 -93.44288841019984
223 -93.31004554370777
224 -93.27039427211399
225 -92.99573141335298
226 -92.96342812182108
227 -92.72639520330115
228 -92.67863798950748
229 -92.47227139472189
230 -92.40757138291178
231 -92.04007227770956
232 -91.95904810158835
233 -91.47660804410445
234 -91.38199613353956
235 -90.77817395767946
236 -90.68804166998419
237 -90.15481994860882
238 -90.08064912552285
239 -89.71186259173906
240 -89.6490669575018
241 -89.44560198439926
242 -89.41755563620021
243 -89.29778343011614
244 -89.27850476813477
245 -89.16934924327585
246 -89.10459090482586
247 -88.75512201731642
248 -88.69387271937818
249 -88.30111801643582
250 -88.24965439334055
251 -87.92733790857636
252 -87.88020705020469
253 -87.61041572494331
254 -87.56245976184718
255 -87.20378337063951
256 -87.12820109972604
257 -86.6570717075317
258 -86.55287989524194
259 -85.92542920967213
260 -85.80508196602187
261 -85.13790393798379
262 -85.01999141752208
263 -84.38705261616181
264 -84.27767147224856
265 -83.68356830350913
266 -83.58355195202184
267 -82.95472513535246
268 -82.8482656817835
269 -82.21146516364153
270 -82.10347786497867
271 -81.45833644774548
272 -81.3468170594101
273 -80.70175013082324
274 -80.59524196236161
275 -80.01649187252234
276 -79.92084202455511
277 -79.37695697301946
278 -79.2872627573386
279 -78.81570806803731
280 -78.73123453420317
281 -78.23220712879341
282 -78.14536163834019
283 -77.66070747705012
284 -77.57807732053105
285 -77.13478486992165
286 -77.05135472819343
287 -76.59810609055658
288 -76.51611575933552
289 -76.07081323632916
290 -75.99967184221529
291 -75.58262528433644
292 -75.51763057792994
293 -75.12084451403916
294 -75.06176971441646
295 -74.67926104335145
296 -74.60761584364921
297 -74.14395239447708
298 -74.07178542881074
299 -73.6145563135458
300 -73.54752279910662
301 -73.1083943842806
302 -73.05328455106168
303 -72.65286283021402
304 -72.59946512443042
305 -72.17165335661386
306 -72.11626759021021
307 -71.69652169144307
308 -71.6290351483167
309 -71.15631340950306
310 -71.09117963012592
311 -70.63576557998175
312 -70.56750830110906
313 -70.10852735048366
314 -70.03969866983411
315 -69.58886966332506
316 -69.52049581910302
317 -69.08000986743608
318 -69.0093050250717
319 -68.58527972140057
320 -68.50797574672414
321 -68.03281158519215
322 -67.95534447708727
323 -67.48931381581743
324 -67.41096964368127
325 -66.96275781346532
326 -66.88913231266525
327 -66.44907328980449
328 -66.36776666241715
329 -65.9166866234512
330 -65.83536242533764
331 -65.3627368856515
332 -65.27691861328898
333 -64.81486479060163
334 -64.72787207489235
335 -64.26046842090695
336 -64.17790707024849
337 -63.73231973402935
338 -63.65064973613434
339 -63.19674936590125
340 -63.11390020256049
341 -62.65837275273788
342 -62.57576241303779
343 -62.11334844818507
344 -62.02846855865246
345 -61.55571228922568
346 -61.47391815439405
347 -61.00407653226365
348 -60.92496773512811
349 -60.45640713097598
350 -60.37679551644739
351 -59.89943381749845
352 -59.82159003239232
353 -59.35996777077015
354 -59.27963741552107
355 -58.79934839649067
356 -58.725893035497
357 -58.26031272748313
358 -58.18754231768261
359 -57.71617328793791
360 -57.63875378771128
361 -57.14646925523793
362 -57.07098382305793
363 -56.58933322881497
364 -56.51440376290975
365 -56.01878756911573
366 -55.9460536612179
367 -55.46875952808981
368 -55.39417884910358
369 -54.91431857912901
370 -54.84040747343483
371 -54.3601418396311
372 -54.27917836212784
373 -53.77578135756823
374 -53.69503051788993
375 -53.18316659645154
376 -53.1049612870399
377 -52.6136050188144
378 -52.53516011797855
379 -52.06830211544197
380 -51.98840620110764
381 -51.48012889305386
382 -51.40050292735589
383 -50.91185169184104
384 -50.82736045058938
385 -50.33055617766358
386 -50.24574027829886
387 -49.75421066993544
388 -49.66765794502937
389 -49.20242698175883
390 -49.10402954533431
391 -48.5870063374449
392 -48.48915539875464
393 -47.99592742864665
394 -47.90588533407301
395 -47.4115084809686
396 -47.32685977550297
397 -46.83520179531012
398 -46.7577044023144
399 -46.25693637724359
400 -46.18254705438788
401 -45.68828401181714
402 -45.61310830433314
403 -45.09614743118786
404 -45.02654817785297
405 -44.53194209092981
406 -44.4580889895455
407 -43.96696628152223
408 -43.88501286080918
409 -43.34127310759956
410 -43.26011462760734
411 -42.74837438701593
412 -42.66716737939387
413 -42.15941900111415
414 -42.08349206678539
415 -41.59711488583293
416 -41.51549007730253
417 -41.02844360187879
418 -40.94257460180396
419 -40.44529162385221
420 -40.35467518967823
421 -39.83877975540761
422 -39.7535170294186
423 -39.26425276607218
424 -39.18143693534919
425 -38.71146479281206
426 -38.63066087012577
427 -38.15114993036465
428 -38.07025505923657
429 -37.5778107280005
430 -37.50318200326765
431 -37.03751539543559
432 -36.96183551222055
433 -36.49211812335268
434 -36.41666491677609
435 -35.94140802072826
436 -35.86926043467318
437 -35.4036231515314
438 -35.33320946985755
439 -34.87548729624277
440 -34.80603205192462
441 -34.35264281544181
442 -34.28364727476234
443 -33.83009151069226
444 -33.7616666295128
445 -33.31113689109834
446 -33.24180131270366
447 -32.79011003344552
448 -32.72255004128194
449 -32.27835324620385
450 -32.21078754480207
451 -31.77694931719725
452 -31.70778557256645
453 -31.26968868824246
454 -31.20088854923359
455 -30.76801224326301
456 -30.69719377152467
457 -30.25684503092216
458 -30.18728892529722
459 -29.75367066497043
460 -29.6846101681562
461 -29.24731317210548
462 -29.1790009080648
463 -28.74652579109306
464 -28.67780049144201
465 -28.25141617750223
466 -28.18239255554791
467 -27.75377254668086
468 -27.68496016777887
469 -27.25454890838516
470 -27.18631018038865
471 -26.7615752023984
472 -26.69391555239999
473 -26.26723791002482
474 -26.20076802484584
475 -26.09002986348402
476 -25.488213645715
477 -25.40603537667708
478 -24.90775157737201
479 -24.85712975698214
480 -24.77715674794363
481 -24.34616371317214
482 -24.2752180393559
483 -23.82327554590553
484 -23.76522251315964
485 -23.66774798361774
486 -23.13730339601918
487 -23.06059839992102
488 -22.58422949032001
489 -22.53269590051404
490 -22.45096140774249
491 -22.0068462087556
492 -21.93928724356229
493 -21.50625813381572
494 -21.45377502314626
495 -21.36618157454769
496 -20.88111587982203
497 -20.80857841418773
498 -20.36125005295353
499 -20.30958196541828
500 -20.22699636896357
501 -19.78096290724627
502 -19.71174778396124
503 -19.294774757355
504 -19.24347221367703
505 -19.16083546252274
506 -18.70741424917352
507 -18.63817107391921
508 -18.20833683195977
509 -18.15695016514061
510 -18.07518020210411
511 -17.6311421465486
512 -17.56203411715641
513 -17.13543539577319
514 -17.08529681132709
515 -17.00406732508016
516 -16.56791199057246
517 -16.49894834151164
518 -16.07114290749855
519 -16.02036765264035
520 -15.93954814718462
521 -15.50259762788167
522 -15.43378096197267
523 -15.01066760871886
524 -14.95993019145346
525 -14.88040326100866
526 -14.45189654501217
527 -14.38388573971209
528 -13.96476519580924
529 -13.91532303215959
530 -13.83708682421462
531 -13.41018809834384
532 -13.34476870431464
533 -12.93840970503898
534 -12.89061797432219
535 -12.81571403951319
536 -12.40711088613754
537 -12.34255422982446
538 -11.94663048606852
539 -11.8990572750952
540 -11.82439404513619
541 -11.41947036179472
542 -11.35622484223604
543 -10.97083212591237
544 -10.92518730739809
545 -10.85349061785337
546 -10.47026750218662
547 -10.4096365032642
548 -10.03778116956402
549 -9.993603834480917
550 -9.721434367554773
551 -9.676922874457544
552 -9.396566449651656
553 -9.346853931400902
554 -9.022625673832191
555 -8.971079717074703
556 -8.639630230216895
557 -8.589533707184824
558 -8.276665749816754
559 -8.22881607853915
560 -7.929915501415649
561 -7.883089132104937
562 -7.586716243761655
563 -7.538590883506992
564 -7.233814978666326
565 -7.185582786760174
566 -6.879868124302172
567 -6.832575903114819
568 -6.535381378226956
569 -6.489143716643522
570 -6.196351041968614
571 -6.150271063638571
572 -5.857532183855499
573 -5.811089135257665
574 -5.517870427590853
575 -5.472256785074801
576 -5.182032477476345
577 -5.136901707260801
578 -4.85060783367287
579 -4.806355784843228
580 -4.522779297148909
581 -4.478216123867793
582 -4.19281773259006
583 -4.14866472263847
584 -3.869405735677768
585 -3.826317071838882
586 -3.552677268399365
587 -3.510509012737321
588 -3.238817555451296
589 -3.196647901211726
590 -2.92551648491667
591 -2.883345912370072
592 -2.610744890523631
593 -2.56839229850891
594 -2.302642675660945
595 -2.261462483820819
596 -2.002530241057439
597 -1.961969341841473
598 -1.704962358655184
599 -1.664515405041939
600 -1.408738096821706
601 -1.368771476400466
602 -1.110808410077249
603 -1.071089659832193
604 -0.8205778173989251
605 -0.7816268257004776
606 -0.5332682161368351
607 -0.4947873862366116
608 -0.250305962449294
609 -0.2120508543491396
610 0.03146022171378957
611 0.06981201570564777
612 0.3152456217373774
613 0.3529292022615129
614 0.5909986278479998
615 0.6278878326533983
616 0.8619255493260456
617 0.8985713178830761
618 1.133156764123718
619 1.169563418505093
620 1.401866506069176
621 1.437965452267765
622 1.667997763022979
623 1.704042415473183
624 1.929259768374471
625 1.96491684600483
626 2.187760410223983
627 2.223057684243527
628 2.448811725982296
629 2.483599906997554
630 2.703978902681218
631 2.737841065888941
632 2.953684101443093
633 2.987240718669169
634 3.198981148811822
635 3.232589692535649
636 3.444783610467273
637 3.478112500942336
638 3.689656135518248
639 3.722722100865611
640 3.930929829035361
641 3.963462959222332
642 4.170078720878931
643 4.202259254636733
644 4.402820569885161
645 4.434840314652631
646 4.635297074134697
647 4.666906890690427
648 4.863601986120299
649 4.895002242396128
650 5.090997694911559
651 5.121822597550018
652 5.314883723590532
653 5.345289982081457
654 5.536854714134072
655 5.566972650919746
656 5.754456674878007
657 5.784313579779826
658 5.970930464634909
659 6.000419744393569
660 6.185450875659233
661 6.214295918288901
662 6.395079555587833
663 6.423654584303251
664 6.602297495431364
665 6.630776471111817
666 6.809015908865003
667 6.836864897113845
668 7.010210422528539
669 7.037588640161416
670 7.210622763975477
671 7.237979282226383
672 7.408381460526759
673 7.4356443021358
674 7.605104839472077
675 7.631670598167804
676 7.796464643123826
677 7.822963995765003
678 7.986610053931549
679 8.012417923980539
680 8.173226639043689
681 8.199020771818056
682 8.358535537673925
683 8.383758267428169
684 8.541134318819198
685 8.566335732323065
686 8.722065507407979
687 8.747198516121422
688 8.901038353873506
689 8.925870096526902
690 9.076686085589682
691 9.100447224941124
692 9.248812121696602
693 9.272401977567858
694 9.418477424322026
695 9.442133774173024
696 9.586363610814038
697 9.609930632107568
698 9.754120728494966
699 9.777555955889637
700 9.918118887089079
701 9.941165262828051
702 10.07987442199812
703 10.10273690892774
704 10.23865709305238
705 10.2613171973156
706 10.39610572373732
707 10.41836039988531
708 10.55148187105644
709 10.573315583956
710 10.70384640843729
711 10.72529568362556
712 10.85424783369941
713 10.87565744936129
714 11.00286978805731
715 11.02425364174111
716 11.15015200649686
717 11.17115397883232
718 11.29661080728095
719 11.31713645175976
720 11.43705228408507
721 11.45750612575402
722 11.57833898420689
723 11.59851536444309
724 11.71668915812428
725 11.73660097325479
726 11.8539972760029
727 11.87371456785473
728 11.98921891382982
729 12.00862635983743
730 12.12181948766982
731 12.14070390881631
732 12.25313622187587
733 12.27189863485277
734 12.38184675158599
735 12.40065104654566
736 12.50991872985292
737 12.52866270107873
738 12.63678896999873
739 12.65513939645918
740 12.75949130461605
741 12.77755043487351
742 12.88084943460758
743 12.89887801648412
744 13.00104516049904
745 13.01900529822664
746 13.12052084817204
747 13.13827335353121
748 13.23844348242008
749 13.25554871659739
750 13.35374908481374
751 13.37050312123851
752 13.46533340694664
753 13.48220623429216
754 13.5776815691553
755 13.59434034676373
756 13.68858200612836
757 13.70530346096063
758 13.79651585876126
759 13.81301474118272
760 13.90394595021975
761 13.92018638910398
762 14.0097504823738
763 14.02566407598452
764 14.11323990553545
765 14.128788815191
766 14.21405574283355
767 14.22983695488734
768 14.31515629512331
769 14.33083962521165
770 14.41471413735228
771 14.4300557698619
772 14.51241772465023
773 14.52764258744287
774 14.60896951599388
775 14.62396184831464
776 14.70395360714399
777 14.71862047777981
778 14.79730441345945
779 14.81157446711834
780 14.88733563538416
781 14.90188614830243
782 14.97731590620523
783 14.9916483947978
784 15.06653766961979
785 15.08054245598281
786 15.1544876493429
787 15.16839621948341
788 15.24050431287292
789 15.25413786128375
790 15.32508477794427
791 15.33855020913401
792 15.40867716307239
793 15.42214320409008
794 15.49150850085151
795 15.50473619297715
796 15.57206291543573
797 15.58527062212329
798 15.65124641939043
799 15.66412652333823
800 15.72893148825725
801 15.74179858762292
802 15.80654687355485
803 15.81923781720947
804 15.88320047114887
805 15.89584791383322
806 15.95865155436019
807 15.97097698357316
808 16.03174307832409
809 16.07818745812841
810 16.10640869536076
811 16.12989333969526
812 16.15609846269418
813 16.1881918586696
814 16.22476531093276
815 16.26403202166842
816 16.30186774342978
817 16.33802799964277
818 16.37203325249661
819 16.40510945856405
820 16.438069324037
821 16.47098023506395
822 16.50316074558876
823 16.53558072930655
824 16.5685790745767
825 16.60133927440826
826 16.63415733104951
827 16.6659176314646
828 16.69671682388926
829 16.72715082459836
830 16.75773572442957
831 16.78871026690557
832 16.81944154151816
833 16.84982079902494
834 16.87991858706845
835 16.90986635618588
836 16.93976604577906
837 16.96929924231394
838 16.99828363208666
839 17.02629486042878
840 17.05448307134698
841 17.08299608548055
842 17.11137239996476
843 17.13976484748803
844 17.16763326620002
845 17.19515806124095
846 17.22247895375948
847 17.24935952861031
848 17.27605793049827
849 17.30280627685147
850 17.32937452667619
851 17.35582196455351
852 17.38208750862212
853 17.40798722146526
854 17.43364527544755
855 17.45896652682352
856 17.48394361246516
857 17.5086470076104
858 17.53331585816543
859 17.5579056306219
860 17.5828237243397
861 17.60731261589482
862 17.63145126846381
863 17.65537613621441
864 17.67913801293659
865 17.70269161051412
866 17.72636212655399
867 17.74948310996173
868 17.7720703559294
869 17.79475004967308
870 17.81757779635118
871 17.84018079242845
872 17.86274179617518
873 17.8848097736556
874 17.90687612544917
875 17.92849467270856
876 17.9500413163914
877 17.9712359316759
878 17.99263868568297
879 18.01382717967889
880 18.03507858112037
881 18.05602276687728
882 18.07633712011524
883 18.09702077418055
884 18.11723442143816
885 18.13714919039495
886 18.15718035640904
887 18.17722680198245
888 18.19721458517132
889 18.21688540348618
890 18.23630184276573
891 18.25549887142269
892 18.27477711676583
893 18.29387036149942
894 18.31242360879977
895 18.33094924941667
896 18.3496749911768
897 18.36817764937309
898 18.38659674735576
899 18.40491265541281
900 18.42279993389766
901 18.44044674934861
902 18.45828937265578
903 18.47587584462408
904 18.49348424804611
905 18.51089761677444
906 18.52807027560701
907 18.5451934580699
908 18.56201966741719
909 18.57867012415985
910 18.59561364310824
911 18.61215038675802
912 18.62870378409334
913 18.64535595294181
914 18.66169093229394
915 18.67775293594578
916 18.69341474250157
917 18.70920225356289
918 18.72513368162852
919 18.74101853114297
920 18.75640628267156
921 18.77187526776222
922 18.78717623842378
923 18.80222072239144
924 18.81737730054481
925 18.83248348668643
926 18.84737137863103
927 18.86205644004049
928 18.87672298348802
929 18.89120882698793
930 18.90555570287755
931 18.91994602066386
932 18.93420396090172
933 18.94850307383815
934 18.96249725200672
935 18.97660855053317
936 18.99041353338059
937 19.00410999343167
938 19.01757572632594
939 19.03101130104987
940 19.04437169014248
941 19.05776368041487
942 19.07107745421085
943 19.08434779111127
944 19.09759381256168
945 19.11040958986042
946 19.12307091579354
947 19.13577155876342
948 19.14844401932703
949 19.1612644307538
950 19.17394588369823
951 19.18637802252857
952 19.19854146359038
953 19.21076369977205
954 19.22268590511616
955 19.23471328169002
956 19.24686803741718
957 19.25873527498515
958 19.27051137422222
959 19.28205928276117
960 19.29378946767753
961 19.30529830586696
962 19.31682976182813
963 19.32810682387732
964 19.33946363981248
965 19.35063956429424
966 19.36183803311758
967 19.37286608845385
968 19.38376426701603
969 19.39458376539329
970 19.40541147006729
971 19.41614785534918
972 19.42669931504188
973 19.4373283783924
974 19.4477482070325
975 19.45805909583408
976 19.46829918120121
977 19.47851530733008
978 19.48879636210802
979 19.49902307192455
980 19.50907415536936
981 19.51890526243863
982 19.52883937888153
983 19.538575812469
984 19.54823796041308
985 19.55779270421386
986 19.56733971864861
987 19.57680244913916
988 19.58623528420442
989 19.59578731545391
990 19.6050794275349
991 19.6141945989137
992 19.62338235539028
993 19.63245794276214
994 19.64128471396072
995 19.65007039388818
996 19.65898555164464
997 19.6679782199828
998 19.67686840582624
999 19.68545010894518
1000 19.69416976592491
1001 19.70265918044265
1002 19.71094976232653
1003 19.71929729618644
1004 19.72763383036941
1005 19.73598627718341
1006 19.74429320880017
1007 19.75255956807754
1008 19.76055723727819
1009 19.7685261164545
1010 19.7765082091834
1011 19.78436806411062
1012 19.79218147672393
1013 19.80002198312029
1014 19.80780336683208
1015 19.81546619500917
1016 19.82297845902814
1017 19.83057813710963
1018 19.83803169107982
1019 19.84553197280865
1020 19.85287790590243
1021 19.86014261117272
1022 19.86747170984251
1023 19.87474725719293
1024 19.88203081348395
1025 19.88919595363705
1026 19.89629641804229
1027 19.90322064727099
1028 19.9100877665958
1029 19.91681872306676
1030 19.92365740157333
1031 19.93048282419163
1032 19.93731680323944
1033 19.94410467453474
1034 19.95083734901346
1035 19.95743949942715
1036 19.9638594916168
1037 19.97018613371716
1038 19.97656632513483
1039 19.98291742676008
1040 19.98935185735238
1041 19.99568473097229
1042 20.00199891812593
1043 20.00825768487452
1044 20.01439259509612
1045 20.02040888874072
1046 20.0264941494854
1047 20.0324706115006
1048 20.03849539700952
1049 20.04442348864864
1050 20.05024284937133
1051 20.05604032633989
1052 20.06175693169445
1053 20.06738676818972
1054 20.07306312692605
1055 20.07874162856361
1056 20.08431985960438
1057 20.08990402915044
1058 20.09542565261177
1059 20.1009517370249
1060 20.10633007929577
1061 20.11166417435608
1062 20.1169254575106
1063 20.12218385716085
1064 20.12742756021303
1065 20.13261896657283
1066 20.13780636922977
1067 20.14283070277317
1068 20.14783076336301
1069 20.15282691555458
1070 20.15784744115646
1071 20.16276013899125
1072 20.16757144712701
1073 20.17237860949093
1074 20.17717634939217
1075 20.18197496819364
1076 20.1866468596333
1077 20.19125429194716
1078 20.19594095045657
1079 20.20052883405791
1080 20.20509073144992
1081 20.20958473252315
1082 20.21399161424548
1083 20.21834410357766
1084 20.22271909202143
1085 20.22707761262999
1086 20.23139620471433
1087 20.23563193777982
1088 20.23990457864684
1089 20.24409269096032
1090 20.24816725396321
1091 20.25228780818014
1092 20.25633469329862
1093 20.2604333788598
1094 20.2644514399239
1095 20.26842469251642
1096 20.27238462669713
1097 20.27619201745907
1098 20.28001149512324
1099 20.28372581095143
1100 20.28754629524395
1101 20.29137408475619
1102 20.29521680368531
1103 20.29897709317127
1104 20.30261345553811
1105 20.3062203883932
1106 20.30974847098394
1107 20.31321362812535
1108 20.31671361886183
1109 20.32027475603677
1110 20.32381103047394
1111 20.32725110920765
1112 20.33072954730552
1113 20.33410738836171
1114 20.33749094148617
1115 20.3408082401385
1116 20.34412872669873
1117 20.3473119186873
1118 20.35054969007893
1119 20.35389776493839
1120 20.35716595282533
1121 20.36039400942172
1122 20.36355237916225
1123 20.36673858609809
1124 20.36989451767
1125 20.37303652750587
1126 20.37610467254465
1127 20.37912550018408
1128 20.38222180499885
1129 20.38530739422711
1130 20.38832719805826
1131 20.39133835299993
1132 20.39432595924857
1133 20.39733425561053
1134 20.40024291633332
1135 20.40314386021833
1136 20.40612506137219
1137 20.40908679104295
1138 20.4119610715415
1139 20.41482899425736
1140 20.41769576159428
1141 20.42052437826987
1142 20.42326845063128
1143 20.42605764459417
1144 20.42893232401855
1145 20.43173309079892
1146 20.4345392166809
1147 20.43724305955165
1148 20.43994060023693
1149 20.44265389161792
1150 20.44532000265532
1151 20.4480113012231
1152 20.4506997338939
1153 20.45332999215767
1154 20.45600803531461
1155 20.45866679175364
1156 20.46126352093912
1157 20.46385426318244
1158 20.46643352463444
1159 20.46904302944011
1160 20.47164910377094
1161 20.4742043614809
1162 20.47672730512162
1163 20.47921047577161
1164 20.4816311704161
1165 20.48417737982994
1166 20.4866878461503
1167 20.48911367766687
1168 20.49147924528434
1169 20.49390830694862
1170 20.49640377107804
1171 20.49886506161444
1172 20.5012899827545
1173 20.50367581815188
1174 20.50607953501585
1175 20.50841066888226
1176 20.51069060636008
1177 20.51298698126431
1178 20.51532661511838
1179 20.517685441502
1180 20.52003681078086
1181 20.52228251265353
1182 20.52455166166677
1183 20.52680358418372
1184 20.52903796142458
1185 20.53126182912608
1186 20.53351130988836
1187 20.5357898622153
1188 20.53797584423923
1189 20.54017459055876
1190 20.54229966272105
1191 20.54449869724036
1192 20.54672080931594
1193 20.54886612099891
1194 20.55096681911608
1195 20.55297617799777
1196 20.55507145009094
1197 20.55716284216208
1198 20.55926887766577
1199 20.56144538158592
1200 20.5634631831442
1201 20.56559749618835
1202 20.56761234126051
1203 20.56961344793161
1204 20.57152057272463
1205 20.57349729706675
1206 20.57549791350404
1207 20.57755443330135
1208 20.57958496134014
1209 20.58151685886277
1210 20.58340060707968
1211 20.58537506665798
1212 20.58731850676394
1213 20.58917558935174
1214 20.591051995145
1215 20.59294484457322
1216 20.59486748881107
1217 20.59675176277604
1218 20.59857506628806
1219 20.6003886972898
1220 20.60218755072439
1221 20.60404199011221
1222 20.60581023156014
1223 20.60763217429997
1224 20.60944867135845
1225 20.61121451579021
1226 20.61296164471011
1227 20.61477325728048
1228 20.61650685896037
1229 20.61819670627126
1230 20.61995106171671
1231 20.62167024031138
1232 20.62341521968897
1233 20.62515142382015
1234 20.62681575523576
1235 20.62855953329159
1236 20.63022653462632
1237 20.6318236010623
1238 20.63350691855602
1239 20.63514652781265
1240 20.63673459401629
1241 20.63834933977967
1242 20.64005244360641
1243 20.64173283861649
1244 20.64341182525924
1245 20.64511407652108
1246 20.64670377443118
1247 20.64824407563425
1248 20.6498178525887
1249 20.65145983034547
1250 20.65301271755005
1251 20.65458597829955
1252 20.65616778707385
1253 20.6577284155519
1254 20.65938859826204
1255 20.66096881384349
1256 20.66253007052761
1257 20.66406520792536
1258 20.66555987129781
1259 20.66717730817152
1260 20.66870721120991
1261 20.67027400091628
1262 20.67186907633544
1263 20.67349815674501
1264 20.67500778570933
1265 20.67648252313988
1266 20.67792070911434
1267 20.67938391144602
1268 20.68093717883841
1269 20.68251321313589
1270 20.68406894532183
1271 20.68559676548136
1272 20.68709441359956
1273 20.68858728005434
1274 20.69009993928987
1275 20.69152615196692
1276 20.69296591207636
1277 20.69446063432923
1278 20.6959327224766
1279 20.6973509681487
1280 20.69889161677118
1281 20.70038135486443
1282 20.70190191305042
1283 20.70333242006888
1284 20.7047384895813
1285 20.70621040473307
1286 20.70766722720096
1287 20.70907896587788
1288 20.71046772351155
1289 20.71189565998672
1290 20.71326985881699
1291 20.71466700295617
1292 20.71608119977001
1293 20.71745144827185
1294 20.71932432146991
1295 20.7201997300477
1296 20.7214529028075
1297 20.72331443763453
1298 20.72422098858224
1299 20.7256171236669
1300 20.72746352073911
1301 20.72832744199517
1302 20.72960160280955
1303 20.73145351052354
1304 20.73233495352334
1305 20.73362827940086
1306 20.73552066832719
1307 20.73635952192449
1308 20.73755872004289
1309 20.73939668094561
1310 20.740211775877
1311 20.74149791278872
1312 20.74336875629975
1313 20.74415825152835
1314 20.74537804415708
1315 20.74717717314435
1316 20.74800785864706
1317 20.7495898165335
1318 20.75046547454578
1319 20.75206193869957
1320 20.75296265651738
1321 20.75463792939795
1322 20.75553157072995
1323 20.75711829023178
1324 20.75801934436242
1325 20.75964426328612
1326 20.76050424040308
1327 20.76210447046083
1328 20.76297623857747
1329 20.76459650219042
1330 20.76549729237572
1331 20.76714335933674
1332 20.76799618279252
1333 20.76960319681408
1334 20.7704662438258
1335 20.77211005759432
1336 20.77297779616607
1337 20.7745829683956
1338 20.77544601227432
1339 20.77708761286789
1340 20.77796667303003
1341 20.7796043948536
1342 20.78049094530758
1343 20.78213800631043
1344 20.78299737154992
1345 20.78466321724698
1346 20.7855555945785
1347 20.7872511411324
1348 20.78819469583803
1349 20.78985280508862
1350 20.79079275762419
1351 20.79240999401723
1352 20.79329550904646
1353 20.79497309413067
1354 20.79592606695637
1355 20.79770231550478
1356 20.79865906289366
1357 20.80038274429027
1358 20.80132578666083
1359 20.80305695967942
1360 20.80402328991271
1361 20.80577739018362
1362 20.80672526232373
1363 20.80809718123173
1364 20.81009845851711
1365 20.81098235235869
1366 20.81237613903098
1367 20.8139759735905
1368 20.81590830530511
1369 20.81673029281767
1370 20.81804371673114
1371 20.82009512194244
1372 20.82103602958734
1373 20.82295563017911
1374 20.82395069283458
1375 20.82593236088304
1376 20.82693503871766
1377 20.82843230527939
1378 20.83065698735989
1379 20.83159914078622
1380 20.83309401199642
1381 20.83539159981932
1382 20.83638215704051
1383 20.83791623179665
1384 20.84019759862938
1385 20.84115660035485
1386 20.84266204446127
1387 20.84499644755105
1388 20.84601282554527
1389 20.84765324040556
1390 20.84954105065341
1391 20.85204716606761
1392 20.85299476482202
1393 20.85455094707235
1394 20.85699612996643
1395 20.85804334094555
1396 20.85973556091
1397 20.86244237888537
1398 20.86351925052071
1399 20.86520828056883
1400 20.867195638412
1401 20.86920383742343
1402 20.87115360415392
1403 20.8730802263085
1404 20.87498272217439
1405 20.87694413279071
1406 20.87890385981766
1407 20.8808244557187
1408 20.88276628433886
1409 20.88475192857536
1410 20.88678454714175
1411 20.88883911905807
1412 20.89090018107472
1413 20.89298931470112
1414 20.89507338051936
1415 20.89720693388445
1416 20.89936085236159
1417 20.90154323911053
1418 20.90372329990836
1419 20.90595387065487
1420 20.90813588275145
1421 20.91035296315395
1422 20.91265993248183
1423 20.91495016540751
1424 20.91731494455572
1425 20.9196534768364
1426 20.92199435530473
1427 20.92438810166061
1428 20.92674351270589
1429 20.92914360905023
1430 20.93163965615796
1431 20.93416666316884
1432 20.93667916403934
1433 20.93919411447332
1434 20.94175578834983
1435 20.94425801644905
1436 20.94686997327976
1437 20.9495273614456
1438 20.95219633408318
1439 20.95485749936322
1440 20.95754974439442
1441 20.96028536780824
1442 20.96304162275344
1443 20.96581040842033
1444 20.96864344461265
1445 20.97147633698637
1446 20.97431316572712
1447 20.97716691256012
1448 20.98004633135108
1449 20.98298090920511
1450 20.98590030146502
1451 20.98893904149579
1452 20.99199634283922
1453 20.99500300830986
1454 20.99810621531173
1455 21.00115846210636
1456 21.00434742781426
1457 21.00740696512214
1458 21.01056559243469
1459 21.01382181791741
1460 21.01703076627101
1461 21.02029129784248
1462 21.02351445536482
1463 21.02687735953651
1464 21.0302734285019
1465 21.03362283802812
1466 21.03673327453755
1467 21.04020614155181
1468 21.04389261219532
1469 21.04731797203103
1470 21.05072393408272
1471 21.05428495331476
1472 21.05791735273769
1473 21.0613497836752
1474 21.06492153066953
1475 21.06852791617845
1476 21.07224959400672
1477 21.07597155935609
1478 21.0796319171715
1479 21.0833855791806
1480 21.08717469144379
1481 21.09079711078847
1482 21.0946409551255
1483 21.0986140939266
1484 21.10256477565277
1485 21.10647831486079
1486 21.11043155300734
1487 21.11421800090207
1488 21.11818739502064
1489 21.12226315920298
1490 21.12632800914352
1491 21.1303685986315
1492 21.13442841102955
1493 21.13852841177372
1494 21.14286433011035
1495 21.14707123454437
1496 21.15119800052782
1497 21.15539978435709
1498 21.15974328638301
1499 21.16409953786842
1500 21.16846355893211
1501 21.1728560234369
1502 21.17722103389805
1503 21.18153296324317
1504 21.18614198198853
1505 21.19061261758592
1506 21.19517221134108
1507 21.19974700598685
1508 21.20434455811468
1509 21.20900551707049
1510 21.21365481310443
1511 21.21823774744103
1512 21.22292001372837
1513 21.22775556977879
1514 21.23239593400569
1515 21.23720036475211
1516 21.24219402591844
1517 21.24715489992142
1518 21.25207655449448
1519 21.25692656400664
1520 21.26196994904629
1521 21.26692520679476
1522 21.27178176352436
1523 21.27679029287878
1524 21.28204196132458
1525 21.2872823587456
1526 21.29231685996873
1527 21.29744099316374
1528 21.30267754799996
1529 21.30795248490363
1530 21.31307797176113
1531 21.31837343290502
1532 21.32367769263763
1533 21.3290926477592
1534 21.33447578404332
1535 21.33997704268085
1536 21.34535860498672
1537 21.35076618610241
1538 21.35624360356639
1539 21.36180518256716
1540 21.367339412424
1541 21.37286045417518
1542 21.37847609290463
1543 21.38414181372796
1544 21.38978876340672
1545 21.39553129758917
1546 21.40132904029175
1547 21.40700849177577
1548 21.41247696970643
1549 21.41831097104596
1550 21.42444758644311
1551 21.430377088934
1552 21.4362101086577
1553 21.44194239735061
1554 21.44774773860243
1555 21.45372001735644
1556 21.4597765786659
1557 21.46578911151082
1558 21.47186299888255
1559 21.47795603810363
1560 21.48403017781177
1561 21.49006339803011
1562 21.49613347625765
1563 21.50225387563738
1564 21.5085277529674
1565 21.51480339879711
1566 21.52106393564598
1567 21.52717921369017
1568 21.53335978951602
1569 21.5397844004758
1570 21.54623325888799
1571 21.55252378307812
1572 21.55887768466668
1573 21.56507993557012
1574 21.57155514164258
1575 21.57816808619133
1576 21.58459593201318
1577 21.59110138751541
1578 21.5973939772263
1579 21.60395655644499
1580 21.61066947081487
1581 21.61730837172766
1582 21.62382290395218
1583 21.63259646634395
1584 21.63620016016785
1585 21.64216734061065
1586 21.64952127816002
1587 21.65688993289131
1588 21.66393282907796
1589 21.67065957043519
1590 21.67713091588417
1591 21.68385863537415
1592 21.69310976407091
1593 21.69697960683972
1594 21.70503897192069
1595 21.70956835739212
1596 21.71648089750863
1597 21.7240540913537
1598 21.73180559707034
1599 21.73914390797217
1600 21.74602635876169
1601 21.75501233361082
1602 21.75891274914042
1603 21.7649861139308
1604 21.77239609696462
1605 21.77996035307252
1606 21.78750312071479
1607 21.79721162398543
1608 21.80114380534375
1609 21.80723579127989
1610 21.81693046075889
1611 21.82163887757487
1612 21.82845430007143
1613 21.83857709555287
1614 21.84324366770471
1615 21.84981223596823
1616 21.85758586079215
1617 21.86543124349829
1618 21.87278840279225
1619 21.87992975922357
1620 21.88920495685152
1621 21.89351907599938
1622 21.89992882097142
1623 21.90754564096914
1624 21.91730766796184
1625 21.92236005134785
1626 21.92919601678991
1627 21.93684437662166
1628 21.94463039633507
1629 21.95215555581745
1630 21.95945299313454
1631 21.96653176136055
1632 21.97376145194074
1633 21.98114019030788
1634 21.98838162016867
1635 21.99556497856095
1636 22.00280732473333
1637 22.01011474201407
1638 22.01743089954418
1639 22.02471531450264
1640 22.03207427846117
1641 22.03940930029761
1642 22.04678940421535
1643 22.05408991504106
1644 22.06138399356614
1645 22.06871466342892
1646 22.07598341215884
1647 22.08335333238914
1648 22.09077240876085
1649 22.09803382286967
1650 22.10538352620409
1651 22.11273060881371
1652 22.12004944909837
1653 22.12730296679833
1654 22.13465471767402
1655 22.14191474100553
1656 22.14938037731395
1657 22.1567172485425
1658 22.16416706707961
1659 22.17146994386382
1660 22.17874316673023
1661 22.18598117165944
1662 22.19325909110151
1663 22.20063726135188
1664 22.20801398635536
1665 22.21531442332559
1666 22.22252703294618
1667 22.22983497172929
1668 22.23715454814189
1669 22.24446694443413
1670 22.25178304382899
1671 22.25905454981551
1672 22.26626066344417
1673 22.27356719536921
1674 22.28076597051583
1675 22.2880056594936
1676 22.29532252858982
1677 22.30256932562433
1678 22.30984083013334
1679 22.31704460968326
1680 22.32428096102196
1681 22.33146989426891
1682 22.338641757768
1683 22.34588528957815
1684 22.35309003524281
1685 22.36027159959776
1686 22.36746002409818
1687 22.3746177974663
1688 22.38175098474926
1689 22.38889519328851
1690 22.39601829575404
1691 22.4031499665656
1692 22.41023792308113
1693 22.41739483713773
1694 22.42456351908064
1695 22.4316484782356
1696 22.43873812971944
1697 22.44583594143199
1698 22.45291448285722
1699 22.45995435426455
1700 22.46698590558208
1701 22.47400410646039
1702 22.48102215938405
1703 22.48804266399877
1704 22.49510928975605
1705 22.50211098508572
1706 22.50911792682813
1707 22.51604904577949
1708 22.52299909455341
1709 22.52991692977338
1710 22.53690487986302
1711 22.54385389043311
1712 22.55085384268546
1713 22.55775784070968
1714 22.56468314911879
1715 22.57154792505189
1716 22.57838016386627
1717 22.58526045723323
1718 22.5921500882629
1719 22.59904457394639
1720 22.60590737950724
1721 22.61270600170516
1722 22.61952913244927
1723 22.62632685037655
1724 22.63310796229568
1725 22.63989610877475
1726 22.64671143537399
1727 22.65353200209636
1728 22.66026410449858
1729 22.66699468339849
1730 22.67368544916145
1731 22.68042935919822
1732 22.68714189003072
1733 22.69385116197904
1734 22.70053213545282
1735 22.70720239613092
1736 22.71386961187571
1737 22.72055454979777
1738 22.72715936873399
1739 22.73379577820379
1740 22.74042001438777
1741 22.74705091205339
1742 22.75363551582357
1743 22.76021888143294
1744 22.76678702871826
1745 22.77337035042729
1746 22.77993455647513
1747 22.78650416211833
1748 22.79302095046391
1749 22.79951216559828
1750 22.80598773531051
1751 22.81255702399256
1752 22.819061051244
1753 22.82551227318143
1754 22.83196656616964
1755 22.8383813651019
1756 22.84486396990478
1757 22.85129801866856
1758 22.85771613372792
1759 22.86408368792279
1760 22.8704340865532
1761 22.87682276800039
1762 22.88327618350688
1763 22.88969643752227
1764 22.89603037914317
1765 22.9023421702221
1766 22.90866959534849
1767 22.91495015333083
1768 22.92123035306022
1769 22.9275656316285
1770 22.93384298045088
1771 22.94017666718759
1772 22.94643041196467
1773 22.95270456244658
1774 22.95886071314972
1775 22.96508672800384
1776 22.97129634899248
1777 22.97751569808119
1778 22.98371539276173
1779 22.98992262318644
1780 22.99607833368473
1781 23.00224205759826
1782 23.00841332471219
1783 23.01454964446476
1784 23.02060276975632
1785 23.02672897695691
1786 23.03285104936427
1787 23.03894929744218
1788 23.04502732821805
1789 23.05106841194253
1790 23.05710903209932
1791 23.06318673678659
1792 23.06921515935312
1793 23.07520632913677
1794 23.0812225617026
1795 23.08721262248035
1796 23.09317991466818
1797 23.09915818235337
1798 23.10510440016746
1799 23.1110568634909
1800 23.11697506822278
1801 23.12290955689603
1802 23.1288021932264
1803 23.13463831643685
1804 23.14051284850839
1805 23.14641020514891
1806 23.15225274366716
1807 23.15807516077148
1808 23.1639292031842
1809 23.16971152360331
1810 23.17552240150806
1811 23.18131208122408
1812 23.18708291041819
1813 23.19274215783669
1814 23.19843505266284
1815 23.2042642941232
1816 23.21003671361917
1817 23.21570833552761
1818 23.22132825410533
1819 23.2270174234174
1820 23.2325995620335
1821 23.23826898852709
1822 23.24386856261097
1823 23.24939486074886
1824 23.25508365433173
1825 23.26066174093018
1826 23.26622494340468
1827 23.27171647273998
1828 23.27724414070193
1829 23.28274946498956
1830 23.28823685414752
1831 23.293689095938
1832 23.29910005323633
1833 23.30451407313548
1834 23.31001676629063
1835 23.31548578792913
1836 23.32083419409065
1837 23.3261385775252
1838 23.3314913905127
1839 23.33680679109319
1840 23.34210233333161
1841 23.34738805086067
1842 23.35267343275923
1843 23.35796044302365
1844 23.36316967722013
1845 23.3684072593705
1846 23.37366189364488
1847 23.37877047450351
1848 23.3839070187271
1849 23.38909832355865
1850 23.39423782876548
1851 23.39928744437396
1852 23.40440649432989
1853 23.40941266188016
1854 23.41443626978895
1855 23.41955739643002
1856 23.42454178452133
1857 23.42947516357635
1858 23.43444106631076
1859 23.43939795502964
1860 23.44431633500594
1861 23.4492431120409
1862 23.45408031808799
1863 23.45888531845587
1864 23.46377151131547
1865 23.46858653996616
1866 23.47341164506382
1867 23.47817591351784
1868 23.48290614055196
1869 23.48762124773912
1870 23.49233749642369
1871 23.49695257312174
1872 23.50163204986565
1873 23.50633532803604
1874 23.51098877373838
1875 23.51556592356421
1876 23.52007379779943
1877 23.52460491029591
1878 23.5290967684666
1879 23.53362475719878
1880 23.53811104067972
1881 23.54262154766421
1882 23.54710212973508
1883 23.5515222186444
1884 23.55583688402519
1885 23.56018352740488
1886 23.56457002875394
1887 23.56890550638947
1888 23.57319482515164
1889 23.57748292597103
1890 23.58172259166625
1891 23.58596689331903
1892 23.59015018644991
1893 23.59433285063246
1894 23.59847631984736
1895 23.60262777362536
1896 23.60682594479967
1897 23.61093025706109
1898 23.61495785190475
1899 23.61897784811934
1900 23.62296135602453
1901 23.62698085821259
1902 23.63102179683795
1903 23.63497287101589
1904 23.63890259706758
1905 23.64280651897583
1906 23.64665869100162
1907 23.6505194488392
1908 23.65437176826803
1909 23.65821135216028
1910 23.66199226356506
1911 23.66574585549347
1912 23.66948021675599
1913 23.67318745928668
1914 23.67690260148648
1915 23.68060741525586
1916 23.68427441433079
1917 23.68790242191649
1918 23.69150278684782
1919 23.69507850137913
1920 23.69863579256101
1921 23.70217278735911
1922 23.70566906521037
1923 23.70916915447337
1924 23.7126590443375
1925 23.71615031749535
1926 23.71951908009158
1927 23.7228903823619
1928 23.72628809138626
1929 23.72966006131776
1930 23.73302052642658
1931 23.73631046497793
1932 23.7395965260968
1933 23.7428740462806
1934 23.74611593186088
1935 23.74931964947827
1936 23.75253201963749
1937 23.7557232828009
1938 23.75888798966375
1939 23.76198953273378
1940 23.76505527363409
1941 23.76814988267869
1942 23.77123236568121
1943 23.77429603748569
1944 23.77733671802239
1945 23.78034508949634
1946 23.78332866157408
1947 23.78628394156371
1948 23.789225351381
1949 23.79211584791665
1950 23.79499474216598
1951 23.79784450241661
1952 23.80073734729728
1953 23.80358439257614
1954 23.80641196815927
1955 23.80920426459586
1956 23.81195547032868
1957 23.81466664401896
1958 23.81739191337191
1959 23.82009571287743
1960 23.82280578520588
1961 23.82548515939832
1962 23.82813730603193
1963 23.83077253306601
1964 23.83337637621284
1965 23.83595542411163
1966 23.83854472768244
1967 23.84108298432939
1968 23.84359431028557
1969 23.84610606683777
1970 23.84860863576123
1971 23.85110364386959
1972 23.8535959112269
1973 23.8560468830678
1974 23.85846439624018
1975 23.86082522272345
1976 23.86315873206166
1977 23.86551497923444
1978 23.86787867141909
1979 23.87024074800033
1980 23.87256302914235
1981 23.87487560531349
1982 23.87716047090241
1983 23.87939883905273
1984 23.88163052978414
1985 23.88386624503218
1986 23.88609313497603
1987 23.88827505870181
1988 23.89046743180803
1989 23.8926446065134
1990 23.89481596150863
1991 23.89694018367085
1992 23.89904505913845
1993 23.90113684145821
1994 23.90319686609112
1995 23.90528868269215
1996 23.90738300734387
1997 23.90943417757791
1998 23.91145484784334
1999 23.91347177843982
2000 23.91548388158389
2001 23.91746201288584
2002 23.91942405886713
2003 23.92139486419739
2004 23.92334697621438
2005 23.92529619177449
2006 23.92721599440602
2007 23.9291083851974
2008 23.93101264419683
2009 23.93289535269433
2010 23.93483370709463
2011 23.93666141407065
2012 23.93850545325952
2013 23.94033476927401
2014 23.9421665808458
2015 23.94398093853647
2016 23.94578362874461
2017 23.94758617746472
2018 23.94938315481276
2019 23.95118522352572
2020 23.95294073831123
2021 23.95469399098168
2022 23.9564253065663
2023 23.9581281613752
2024 23.95987351287118
2025 23.96161532882264
2026 23.96330470404424
2027 23.96499797480459
2028 23.96671247985234
2029 23.96839634292259
2030 23.97006315385674
2031 23.97174442964619
2032 23.97341313976528
2033 23.97504073440418
2034 23.97665089578342
2035 23.97829431421494
2036 23.9799326393656
2037 23.98157959168621
2038 23.9832081422542
2039 23.98485400885194
2040 23.98644177104953
2041 23.9880014633851
2042 23.98956963249356
2043 23.99113198828044
2044 23.99274498873659
2045 23.99432205957168
2046 23.99590364706917
2047 23.99744365251597
2048 23.9990392684725
2049 24.00057191916832
2050 24.00210609277648
2051 24.00364238160191
2052 24.00519842209093
2053 24.00671841530628
2054 24.00820513962652
2055 24.00972145186352
2056 24.01128727877669
2057 24.01283399627623
2058 24.01432904686225
2059 24.0158396189296
2060 24.01736559535306
2061 24.0188550641497
2062 24.02037350831606
2063 24.02183051723393
2064 24.02332204186811
2065 24.0248426354036
2066 24.02633062647084
2067 24.02779929978387
2068 24.02931543968635
2069 24.03080956283861
2070 24.03228484368109
2071 24.03374475325313
2072 24.03521801019289
2073 24.03664964936774
2074 24.03820394206968
2075 24.03969291624142
2076 24.04117053294661
2077 24.04263473957685
2078 24.04410755509938
2079 24.04554057000383
2080 24.04701827274396
2081 24.04845506273072
2082 24.04992075542976
2083 24.05142273520732
2084 24.0528986602116
2085 24.05437538082201
2086 24.05588701872065
2087 24.05735924963048
2088 24.05882799329285
2089 24.06027898908551
2090 24.06173566295818
2091 24.06316833871861
2092 24.06465418394015
2093 24.06614406456092
2094 24.06764857783969
2095 24.06914912102033
2096 24.07062989614287
2097 24.07210067558884
2098 24.07357218488835
2099 24.07504010004137
2100 24.07654079916949
2101 24.07801682441762
2102 24.07952390860553
2103 24.08099076637403
2104 24.08251476590464
2105 24.08398804881019
2106 24.08548269989829
2107 24.08701244993819
2108 24.08852532310373
2109 24.09000360643151
2110 24.09151919619391
2111 24.0930081844525
2112 24.09454009546424
2113 24.09608860221539
2114 24.09761666003538
2115 24.09911660381574
2116 24.10066429896759
2117 24.10217328057601
2118 24.10373173536681
2119 24.10526780159127
2120 24.10681571892977
2121 24.10833807947974
2122 24.10988047841988
2123 24.11144915897206
2124 24.11305783207674
2125 24.11461264860225
2126 24.11615146371726
2127 24.11771256908729
2128 24.1192818769935
2129 24.12085639529763
2130 24.12244077826265
2131 24.12403703662635
2132 24.12566997281817
2133 24.12727047397658
2134 24.12881117173633
2135 24.13042904223902
2136 24.13199069631398
2137 24.13362059657099
2138 24.13523151022146
2139 24.13688194349992
2140 24.13848179015271
2141 24.14008723022905
2142 24.14169786763453
2143 24.14333725408771
2144 24.14497682747161
2145 24.14661344070802
2146 24.14825662546208
2147 24.1498971674922
2148 24.15153675280877
2149 24.15323557959955
2150 24.15488606122288
2151 24.15652040822593
2152 24.15814198412793
2153 24.15973594617631
2154 24.16135075009723
2155 24.16305317230447
2156 24.16472177615118
2157 24.16644240424853
2158 24.16812996874832
2159 24.16980134527928
2160 24.17141542870889
2161 24.17304575877358
2162 24.17465467174573
2163 24.17632874219286
2164 24.17805938401511
2165 24.1797580032805
2166 24.18139924767339
2167 24.18308284411142
2168 24.18471042600444
2169 24.18637361314485
2170 24.18806754056696
2171 24.18972768123319
2172 24.19139984447393
2173 24.19305624238342
2174 24.19468178401027
2175 24.19635491596223
2176 24.19804309536134
2177 24.19971330055173
2178 24.20140047763752
2179 24.20306363392831
2180 24.20471580743557
2181 24.20633301696093
2182 24.20797042587725
2183 24.20963376538976
2184 24.21131882301338
2185 24.21297719614567
2186 24.21460464400388
2187 24.21620931954471
2188 24.21787606259103
2189 24.21951274139631
2190 24.22114597688185
2191 24.22274664220261
2192 24.22438686062811
2193 24.22603036517037
2194 24.22760570596614
2195 24.22924325171693
2196 24.23083966017234
2197 24.23248080626512
2198 24.23409202537717
2199 24.23568045308617
2200 24.2372785833677
2201 24.23885448717723
2202 24.24043719608799
2203 24.24204483533154
2204 24.24363873435655
2205 24.2452306468731
2206 24.24682771949896
2207 24.24840073168506
2208 24.24996443404379
2209 24.25154045960501
2210 24.25309549333586
2211 24.25466047600122
2212 24.25624549376623
2213 24.2577682545745
2214 24.25931172973668
2215 24.2608822563306
2216 24.26246193903888
2217 24.26401745492496
2218 24.26557876318172
2219 24.26714644589508
2220 24.26867708859097
2221 24.27020133781502
2222 24.2716955205659
2223 24.27322709655083
2224 24.27475364198972
2225 24.27626828403007
2226 24.27781860228854
2227 24.2793636223693
2228 24.28089739815322
2229 24.28240141716459
2230 24.28388009991795
2231 24.28528737793742
2232 24.28684340719304
2233 24.28840514600538
2234 24.2899026186004
2235 24.29137956837337
2236 24.29287962391997
2237 24.29435231356349
2238 24.29586128231248
2239 24.29732447757666
2240 24.29878678867586
2241 24.30021929667678
2242 24.301669513001
2243 24.30315405948007
2244 24.30462270079754
2245 24.30610245430184
2246 24.3075751085129
2247 24.30902655490626
2248 24.3104463472661
2249 24.31186348480767
2250 24.31330287107548
2251 24.31476968493017
2252 24.31621610222752
2253 24.3176627346122
2254 24.31908485147286
2255 24.32051472847317
2256 24.32192405373456
2257 24.32335708256193
2258 24.32478438788111
2259 24.3262355637623
2260 24.32761722908932
2261 24.32907169290474
2262 24.33042357359761
2263 24.33182807298241
2264 24.33324687616105
2265 24.3346843585189
2266 24.33613140294931
2267 24.33753991684015
2268 24.33898976893583
2269 24.34044483934958
2270 24.34180411670138
2271 24.34319666591104
2272 24.34457278104237
2273 24.34605745952894
2274 24.34743908267455
2275 24.34886973556614
2276 24.35030040450316
2277 24.35171409737815
2278 24.35315587158885
2279 24.35455550642541
2280 24.35598524471589
2281 24.35737467192789
2282 24.35881594357886
2283 24.36025522112778
2284 24.36169882390882
2285 24.36311163879634
2286 24.36453540917956
2287 24.36593702303268
2288 24.36735441134993
2289 24.36878055700155
2290 24.37026758023926
2291 24.3716810788123
2292 24.37314975867162
2293 24.37455781143916
2294 24.37599456559828
2295 24.37741376913481
2296 24.37888654931278
2297 24.38033679737633
2298 24.38177574508067
2299 24.38319759416033
2300 24.38460239489097
2301 24.38604778091308
2302 24.38750155679721
2303 24.38896715602719
2304 24.39043360175528
2305 24.39192356360392
2306 24.3934057761182
2307 24.39487915089351
2308 24.39633477872318
2309 24.39777305062525
2310 24.3992499157307
2311 24.40069314983736
2312 24.40215140483878
2313 24.4036104047572
2314 24.40509100843065
2315 24.40655263201375
2316 24.40802536461997
2317 24.40953935387504
2318 24.41108256928098
2319 24.41257950994823
2320 24.41405822781904
2321 24.41551736388017
2322 24.41695794175609
2323 24.41837809171172
2324 24.41988626386361
2325 24.42131818647272
2326 24.42283876522784
2327 24.42437274504731
2328 24.42585459584198
2329 24.42736730270481
2330 24.42881868156371
2331 24.43028938755252
2332 24.43172746815033
2333 24.43316309389087
2334 24.43468664464644
2335 24.43612542078822
2336 24.43758255224513
2337 24.43904125766552
2338 24.44050339180898
2339 24.44198742021609
2340 24.443441959128
2341 24.44484780490066
2342 24.4462476556876
2343 24.44764229019351
2344 24.44906052250156
2345 24.4505093668641
2346 24.45194496249579
2347 24.45330974245861
2348 24.45470946936605
2349 24.45607249610213
2350 24.45742934464718
2351 24.45880414604881
2352 24.4602004555633
2353 24.46152334878286
2354 24.46286335078464
2355 24.46415923947429
2356 24.46547130864994
2357 24.46677517328102
2358 24.46805603877712
2359 24.46936115373178
2360 24.47060653707042
2361 24.47188219824029
2362 24.4731397123385
2363 24.47433958474157
2364 24.47552793177925
2365 24.47673406800975
2366 24.47796248879689
2367 24.47915613769503
2368 24.48029267574303
2369 24.48142598928196
2370 24.4825569084966
2371 24.48372299784497
2372 24.48485775641633
2373 24.48595037467421
2374 24.48700816787042
2375 24.48806572372002
2376 24.48912474632514
2377 24.49013248379065
2378 24.49118795288853
2379 24.49223326727592
2380 24.49321238202085
2381 24.49421110777679
2382 24.49518217812696
2383 24.49613284939931
2384 24.49705987677574
2385 24.4979783467149
2386 24.49893049931724
2387 24.49979099484266
2388 24.50066740229421
2389 24.50157065549016
2390 24.50242305558905
2391 24.50329864847582
2392 24.50415173201227
2393 24.50492393512338
2394 24.50572597009958
2395 24.50650696258623
2396 24.50726515048669
2397 24.50805080187028
2398 24.50884455515056
2399 24.50956842414754
2400 24.51028780562296
2401 24.51100842170014
2402 24.51171378183025
2403 24.51242932220608
2404 24.51309292879159
2405 24.51374745166715
2406 24.51434228669113
2407 24.51495459553248
2408 24.51562695493931
2409 24.51624936704436
2410 24.51686397224275
2411 24.5174869612337
2412 24.51810026332295
2413 24.51863393034434
2414 24.51913773055782
2415 24.51961437413414
2416 24.52011304651027
2417 24.52063101952193
2418 24.52117255676979
2419 24.52168867642757
2420 24.52216093385842
2421 24.52257832242208
2422 24.52303756964723
2423 24.52344262309059
2424 24.52382840100386
2425 24.52422376380196
2426 24.52462048870145
2427 24.52500153397363
2428 24.52536481976388
2429 24.52571457778766
2430 24.52603046096994
2431 24.5263291969543
2432 24.52660868473113
2433 24.52690030483744
2434 24.52715952822019
2435 24.52740404693064
2436 24.52767341364503
2437 24.52787864099153
2438 24.52808178269457
2439 24.52825952121993
2440 24.52846925849491
2441 24.52865338932653
2442 24.52879569829823
2443 24.52893545084528
2444 24.52904329861685
2445 24.52913799660905
2446 24.52921866202378
2447 24.52931671356457
2448 24.52939397548558
2449 24.52945270335505
2450 24.52949357165877
2451 24.52953499806976
2452 24.52953033113702
2453 24.52951120672583
2454 24.52946978912884
2455 24.52941389624777
2456 24.52941194779661
2457 24.52940396843307
2458 24.5293473956247
2459 24.52927321705319
2460 24.52917087375084
2461 24.52906571275197
2462 24.52891431797114
2463 24.52877191947639
2464 24.52862593161158
2465 24.52848431935085
2466 24.52833248820408
2467 24.52817076648143
2468 24.52802996646499
2469 24.52784939995486
2470 24.52766595651995
2471 24.52746130874144
2472 24.52721021095938
2473 24.52697981048175
2474 24.52673445076523
2475 24.52648955663836
2476 24.52624621028521
2477 24.52600979171735
2478 24.52576789815402
2479 24.52549036667347
2480 24.52519681312094
2481 24.5248941225257
2482 24.52458604078329
2483 24.52429816200311
2484 24.52404112668427
2485 24.52376225592024
2486 24.52344993551165
2487 24.52311457391147
2488 24.52277498556765
2489 24.52245750070193
2490 24.52212200612889
2491 24.52176730777181
2492 24.52143800061916
2493 24.52110103858061
2494 24.52077004797031
2495 24.52045901344337
2496 24.52012587132913
2497 24.51973690397289
2498 24.51937483478721
2499 24.51901023670121
2500 24.51867182366339
2501 24.51831278735773
2502 24.51796429757142
2503 24.51758676003951
2504 24.51722659083529
2505 24.5168897160102
2506 24.5165362999104
2507 24.51614495034476
2508 24.51577977592629
2509 24.51545376762271
2510 24.51508157193833
2511 24.51471374459834
2512 24.51433750208593
2513 24.51400701280131
2514 24.51364158367813
2515 24.51329431621317
2516 24.51293576577008
2517 24.51255745108646
2518 24.51220101947672
2519 24.51185729244477
2520 24.5115083607032
2521 24.51115066723886
2522 24.51080608421639
2523 24.51048605494148
2524 24.5101310100575
2525 24.50977982631252
2526 24.50944736280648
2527 24.50909398203301
2528 24.50875232812222
2529 24.50843686307343
2530 24.50809911186631
2531 24.50781940678809
2532 24.50748644814832
2533 24.50713824753911
2534 24.50681005874467
2535 24.50646838416904
2536 24.50613701051882
2537 24.5058490143747
2538 24.50556529001538
2539 24.50526331937574
2540 24.50495074127571
2541 24.50461700024908
2542 24.50429383462298
2543 24.50398745571982
2544 24.5037188906433
2545 24.50341682800228
2546 24.50314606695103
2547 24.502863147667
2548 24.50256209973212
2549 24.50228078927748
2550 24.50198575214617
2551 24.50171458883063
2552 24.50142994715062
2553 24.50113087310282
2554 24.50085274489851
2555 24.50058648982122
2556 24.50033126724291
2557 24.50007411006266
2558 24.49979717089255
2559 24.49950800479516
2560 24.49922802816332
2561 24.49896884635976
2562 24.49871868006612
2563 24.49847621234197
2564 24.49821968693747
2565 24.49796393038784
2566 24.49770046144404
2567 24.49741911974113
2568 24.49715228608286
2569 24.49688073561056
2570 24.49661345339517
2571 24.49636350467165
2572 24.49611709266429
2573 24.49587032963986
2574 24.49562182205263
2575 24.49535222956328
2576 24.49507944917941
2577 24.49480596881865
2578 24.49454115766632
2579 24.49427764275918
2580 24.49399830841894
2581 24.49372892575438
2582 24.49345948645425
2583 24.49318218080865
2584 24.49290247306039
2585 24.49261124543871
2586 24.49233684962615
2587 24.492067853002
2588 24.49180035301833
2589 24.49148138547783
2590 24.49116128863406
2591 24.49084927263948
2592 24.49056572701029
2593 24.49029981561748
2594 24.48998551672204
2595 24.48964492516444
2596 24.48929740435253
2597 24.48897074626305
2598 24.48865164335544
2599 24.48833835096072
2600 24.4880094325795
2601 24.48766062161441
2602 24.48730586935686
2603 24.48693575957782
2604 24.48656245802233
2605 24.48620819799876
2606 24.48585148731948
2607 24.48547742549935
2608 24.48507053030567
2609 24.48466020400866
2610 24.48424478184303
2611 24.48383009700595
2612 24.48341639731935
2613 24.48300058060784
2614 24.48258033878971
2615 24.4821565475504
2616 24.48171109312516
2617 24.48123201798314
2618 24.48073730879142
2619 24.48027825562412
2620 24.47981025510058
2621 24.47932669945015
2622 24.4788432312899
2623 24.47836437416894
2624 24.47785524850469
2625 24.47731262649607
2626 24.47677803492731
2627 24.4762190530558
2628 24.47565413485138
2629 24.47510428234109
2630 24.47456132120534
2631 24.47401730131711
2632 24.47345111014151
2633 24.47287145937569
2634 24.47226292865962
2635 24.47162829632055
2636 24.47099169357558
2637 24.47034215963061
2638 24.46969633783898
2639 24.46905549979554
2640 24.46841682999368
2641 24.46776076807817
2642 24.46711412837096
2643 24.46642378702884
2644 24.46572886497068
2645 24.46503590820789
2646 24.46431312967036
2647 24.46356633522854
2648 24.46284183387839
2649 24.46210125095778
2650 24.4613589971885
2651 24.46059833996996
2652 24.45983016897541
2653 24.45905923863848
2654 24.4582794092952
2655 24.45748760739711
2656 24.45668907476087
2657 24.45586865921192
2658 24.45504826903139
2659 24.45420922322346
2660 24.45336758420133
2661 24.45251662934092
2662 24.45165424919379
2663 24.45078587089483
2664 24.44990886460832
2665 24.44903285395332
2666 24.44813453975071
2667 24.44723095116867
2668 24.4463350148904
2669 24.4454120327328
2670 24.44448573900645
2671 24.4435507633515
2672 24.44259981225592
2673 24.44164907458767
2674 24.44069194858498
2675 24.43973720884069
2676 24.43877666757158
2677 24.43778846423272
2678 24.43678300237755
2679 24.43577666757827
2680 24.43476899228449
2681 24.43375751285348
2682 24.43275014381224
2683 24.43173162757147
2684 24.43069693402583
2685 24.42965608024964
2686 24.42860761638601
2687 24.42755238020237
2688 24.42649288755622
2689 24.42543157548405
2690 24.42436132134944
2691 24.42328482632172
2692 24.42219574352311
2693 24.42110405599256
2694 24.42001539362714
2695 24.41891089164839
2696 24.41779252217831
2697 24.41668127309905
2698 24.41556299445455
2699 24.41443465907314
2700 24.4133063268582
2701 24.41216933298767
2702 24.4110308981362
2703 24.40988686080655
2704 24.40875616626472
2705 24.40760143794008
2706 24.40644311255139
2707 24.40526434061908
2708 24.40409025346257
2709 24.40290962556537
2710 24.40174596364777
2711 24.40058032081217
2712 24.39939548981325
2713 24.39820358180034
2714 24.39701460861971
2715 24.39581520039005
2716 24.39462449178346
2717 24.39342331466129
2718 24.39222483111245
2719 24.39100891860635
2720 24.38980512811881
2721 24.38859724395301
2722 24.3873723222986
2723 24.3861498791426
2724 24.38494362308531
2725 24.38371942951431
2726 24.38249235244326
2727 24.38125748902906
2728 24.38003455662777
2729 24.37880840600598
2730 24.37758116190442
2731 24.37635074067075
2732 24.37511718437028
2733 24.3738722008291
2734 24.37262398942841
2735 24.37138696412669
2736 24.37014884405915
2737 24.36890826597046
2738 24.36767664634758
2739 24.36643786504322
2740 24.36519442763728
2741 24.36393992227121
2742 24.36269369867604
2743 24.36145579784558
2744 24.36021125956464
2745 24.35895729732755
2746 24.35769871851534
2747 24.35644834214805
2748 24.35520041168779
2749 24.35395302940574
2750 24.35271120263622
2751 24.35148105495247
2752 24.35022870165452
2753 24.34896517192198
2754 24.34770845344466
2755 24.34645810822207
2756 24.34521366262271
2757 24.34396894318427
2758 24.34271850213023
2759 24.34147953554656
2760 24.34023547822661
2761 24.33899374895987
2762 24.33774995658675
2763 24.33650822360201
2764 24.33526127592068
2765 24.3339977989742
2766 24.33274467247508
2767 24.33150883258347
2768 24.33026495100242
2769 24.32902775836991
2770 24.32778805334464
2771 24.32655389519732
2772 24.32531332973333
2773 24.3240725248431
2774 24.32282827843014
2775 24.32158876735415
2776 24.32034098352769
2777 24.31910645084259
2778 24.31787336837045
2779 24.31663527986046
2780 24.31539503491212
2781 24.31415824447526
2782 24.31291946392187
2783 24.3116969478346
2784 24.31046397523871
2785 24.30922779573452
2786 24.30800283185242
2787 24.30676825074343
2788 24.3055428693896
2789 24.30431024928686
2790 24.30306854740008
2791 24.30183517101515
2792 24.30060793342094
2793 24.29938342184695
2794 24.29815585839634
2795 24.29693756908242
2796 24.2956957177461
2797 24.29445568709442
2798 24.29322367567806
2799 24.29200221763822
2800 24.29078024608561
2801 24.28955553547761
2802 24.28832545325205
2803 24.28709136859485
2804 24.28585514036701
2805 24.28462320167916
2806 24.28340105680855
2807 24.28217393947672
2808 24.28094829579125
2809 24.2797084983585
2810 24.27846966650577
2811 24.27723869217802
2812 24.27601206813446
2813 24.27478596811906
2814 24.27355405644802
2815 24.27231654672706
2816 24.27108239791544
2817 24.26984790112003
2818 24.2686084551374
2819 24.26736562783334
2820 24.2661342511126
2821 24.2649001859393
2822 24.26365260862324
2823 24.26241260122907
2824 24.26116899066993
2825 24.25992243175304
2826 24.25868336209213
2827 24.25744166746871
2828 24.25618499122378
2829 24.25493367291411
2830 24.25368414285481
2831 24.25243974347484
2832 24.25119119409215
2833 24.24993177799045
2834 24.24865594815544
2835 24.24738888552434
2836 24.24613748205504
2837 24.2448806341075
2838 24.24361610604028
2839 24.24235368981591
2840 24.24108962473571
2841 24.23981902009892
2842 24.23853974956972
2843 24.2372576358178
2844 24.23597789881525
2845 24.23469248612692
2846 24.23342631905591
2847 24.23214721468496
2848 24.23085973570546
2849 24.22955089265421
2850 24.22825187453427
2851 24.22696824469228
2852 24.22567905360127
2853 24.22437254131734
2854 24.2230704166286
2855 24.22177760665013
2856 24.22047043380154
2857 24.21914858082394
2858 24.21783305957742
2859 24.21651726883767
2860 24.2152014388368
2861 24.2138773527408
2862 24.21255676218064
2863 24.21123204093172
2864 24.20989703192474
2865 24.20856406593562
2866 24.20721298230548
2867 24.20588461392656
2868 24.20454309430494
2869 24.20318980318649
2870 24.20184544529993
2871 24.20049366138588
2872 24.19913453966597
2873 24.19778363176179
2874 24.19642955342359
2875 24.19504554889509
2876 24.19368345067569
2877 24.1922910069771
2878 24.19092318676341
2879 24.18954804620342
2880 24.18818314928587
2881 24.18680065150305
2882 24.18540681452537
2883 24.18400628866952
2884 24.18261603691469
2885 24.18120772942104
2886 24.17981236990068
2887 24.17840539481439
2888 24.17700215536526
2889 24.17558972667491
2890 24.17416681357228
2891 24.17274865545843
2892 24.17133537151563
2893 24.16991537382892
2894 24.16848711607642
2895 24.16705523523714
2896 24.16561866039609
2897 24.16417331283758
2898 24.16273046622303
2899 24.16129461354701
2900 24.15984637101962
2901 24.15840968740472
2902 24.15696013989475
2903 24.15549883205754
2904 24.15403305940228
2905 24.15255510388359
2906 24.15109762930092
2907 24.14964924609771
2908 24.14817861796782
2909 24.14669690481005
2910 24.14521444982824
2911 24.14375357322744
2912 24.14228305431813
2913 24.140796078024
2914 24.13930633277371
2915 24.13780573172757
2916 24.13631768217885
2917 24.13482505612727
2918 24.13334740648676
2919 24.13185101800892
2920 24.13035218051101
2921 24.12884053095302
2922 24.12732899933565
2923 24.12582965008002
2924 24.12433633122021
2925 24.12284147820849
2926 24.12132720659129
2927 24.11979441318517
2928 24.11826050057736
2929 24.11676592931857
2930 24.11526333238303
2931 24.11376843776416
2932 24.11224765884555
2933 24.11070753122285
2934 24.10919054807436
2935 24.10765334735868
2936 24.10612994712429
2937 24.10461970681548
2938 24.10310444847699
2939 24.10157371289846
2940 24.1000337072213
2941 24.09850591300707
2942 24.09697119316871
2943 24.09545440977925
2944 24.09394632441047
2945 24.09241915323673
2946 24.09089418113711
2947 24.08935789881172
2948 24.08781827060146
2949 24.08628124848303
2950 24.08475956456575
2951 24.08324912829331
2952 24.08171928376792
2953 24.08019279193459
2954 24.07865770318996
2955 24.07713019185029
2956 24.07560810659032
2957 24.07410158708777
2958 24.07256655489149
2959 24.07103402192165
2960 24.06951261489113
2961 24.06802045319145
2962 24.06650757072072
2963 24.06498619597213
2964 24.06346612302409
2965 24.06192902538789
2966 24.06042642772995
2967 24.0589129353709
2968 24.0574149176908
2969 24.05591331009735
2970 24.0544376471626
2971 24.05292062150409
2972 24.05142785720341
2973 24.04993627585789
2974 24.04841571121984
2975 24.04693886485736
2976 24.04546405677878
2977 24.04397239089572
2978 24.04247922429348
2979 24.04097802331822
2980 24.03952873508973
2981 24.03803789551242
2982 24.03656158855369
2983 24.0351202622299
2984 24.03366877708021
2985 24.03220811969846
2986 24.0307422057671
2987 24.02927785631749
2988 24.027842918156
2989 24.02642543652474
2990 24.02497552881377
2991 24.02353828098966
2992 24.02208644409977
2993 24.02064899112453
2994 24.01923962929447
2995 24.01781642074123
2996 24.01640450982783
2997 24.01498598195571
2998 24.01359686488999
2999 24.01220288300881
3000 24.01080687608432
3001 24.00939445499041
3002 24.00799560530182
3003 24.00661632020699
3004 24.00525958341123
3005 24.00388105973873
3006 24.0025071118884
3007 24.00114672053778
3008 23.99979855246387
3009 23.99845765228253
3010 23.99710797093725
3011 23.9957420659285
3012 23.99438211392091
3013 23.99306931563624
3014 23.99175363477205
3015 23.99043569654373
3016 23.98913288074106
3017 23.9878163391459
3018 23.98651233220371
3019 23.98522039299992
3020 23.98393031438374
3021 23.9826300473223
3022 23.98134949898499
3023 23.98008086597485
3024 23.97881068998428
3025 23.97753899325491
3026 23.97629785419723
3027 23.97505723573104
3028 23.97380921981818
3029 23.97256138969818
3030 23.97133126752437
3031 23.97010786491253
3032 23.96887363339236
3033 23.96765382532286
3034 23.96643502832192
3035 23.96524271557613
3036 23.96404068008075
3037 23.96284873857137
3038 23.96168771126732
3039 23.96051468505249
3040 23.95934439458423
3041 23.95816423839386
3042 23.95699320650512
3043 23.95582164905378
3044 23.95468066699174
3045 23.95356607384271
3046 23.95243919660697
3047 23.95129378910256
3048 23.95017341273877
3049 23.94906411768489
3050 23.94793615854352
3051 23.94682218372279
3052 23.94573362353827
3053 23.94463690617379
3054 23.94355740032952
3055 23.94249269473104
3056 23.94140918229517
3057 23.94032421048038
3058 23.93925393849968
3059 23.93820119487305
3060 23.93715055817746
3061 23.93613795623445
3062 23.93509211924841
3063 23.9340661251797
3064 23.93303018885301
3065 23.93199035539119
3066 23.93098241877831
3067 23.92996410627217
3068 23.92895920102735
3069 23.92798755843872
3070 23.92699768829106
3071 23.92600560864791
3072 23.92502875248104
3073 23.92406304667177
3074 23.92307908748933
3075 23.92211901267987
3076 23.92117515493416
3077 23.92022069169809
3078 23.91926679322301
3079 23.91831919780143
3080 23.91738656563134
3081 23.91646900959658
3082 23.91555564860296
3083 23.91463881351192
3084 23.91370061817917
3085 23.91280055607895
3086 23.91190874005532
3087 23.91101680854777
3088 23.91013607627933
3089 23.90924952123928
3090 23.90835698523101
3091 23.90746131630588
3092 23.90659239340681
3093 23.90573640865725
3094 23.90490552230748
3095 23.90404054762858
3096 23.9031829373751
3097 23.90234363000008
3098 23.90152794693849
3099 23.90068359108018
3100 23.89983602956463
3101 23.89901393864345
3102 23.89820215153592
3103 23.89738802096311
3104 23.8965655054341
3105 23.895769638477
3106 23.89498470165931
3107 23.89417063177627
3108 23.89338652465284
3109 23.89258695596157
3110 23.89181185315385
3111 23.89104665272975
3112 23.8902841855278
3113 23.88950756129823
3114 23.88873966143769
3115 23.88796794932503
3116 23.88720962267374
3117 23.88646192692931
3118 23.88572084809487
3119 23.88499318221141
3120 23.88425798338756
3121 23.88352653724346
3122 23.88278855882649
3123 23.88205159198257
3124 23.8813294758725
3125 23.88061230327753
3126 23.87990418810335
3127 23.87919519828162
3128 23.87848880409523
3129 23.87778585386917
3130 23.87708546548808
3131 23.87638628314179
3132 23.87569212775009
3133 23.87500523290985
3134 23.87432774495731
3135 23.87365161123232
3136 23.8729790442496
3137 23.87229508430099
3138 23.87162197402984
3139 23.87095540820824
3140 23.87029276969965
3141 23.86963261888066
3142 23.868980470196
3143 23.86832139524626
3144 23.86767045032545
3145 23.86702622158228
3146 23.86638440633275
3147 23.86573903398239
3148 23.86510005271534
3149 23.86446279612939
3150 23.86383140303567
3151 23.86320071121344
3152 23.86257432409518
3153 23.86195000420874
3154 23.86132738391241
3155 23.86070708411396
3156 23.86008312820028
3157 23.85946835571175
3158 23.85886515237898
3159 23.85826086816743
3160 23.85765406081741
3161 23.85704632275989
3162 23.85643612922641
3163 23.85584233964808
3164 23.85525085986084
3165 23.85465050773193
3166 23.85405650007289
3167 23.85345600391827
3168 23.85286975705281
3169 23.85229208330521
3170 23.85170094357399
3171 23.85111341615105
3172 23.85053825199434
3173 23.84996209859102
3174 23.84938284744862
3175 23.84880463890844
3176 23.84822329626099
3177 23.84764923549487
3178 23.84708394017513
3179 23.84651790756259
3180 23.84594964771793
3181 23.84538546537211
3182 23.84482622210429
3183 23.84425810977345
3184 23.84369179199155
3185 23.84312817738765
3186 23.8425718823392
3187 23.84201169267594
3188 23.84145504659025
3189 23.84089821002567
3190 23.84035474539127
3191 23.83980878964823
3192 23.83925306075513
3193 23.83869948607103
3194 23.83815040931165
3195 23.8376001601482
3196 23.83705410348165
3197 23.83650583595653
3198 23.83596263208366
3199 23.83542368136973
3200 23.8348869877549
3201 23.834340763061
3202 23.83381179815897
3203 23.83326388510584
3204 23.83272213185814
3205 23.83217637967998
3206 23.83163939897391
3207 23.83110735982314
3208 23.8305793077162
3209 23.83004468615834
3210 23.82950614073468
3211 23.82897500463011
3212 23.82844519563338
3213 23.82791065907
3214 23.8273807445735
3215 23.82685524159688
3216 23.82633015235302
3217 23.82579968234615
3218 23.82527441353062
3219 23.82474753236462
3220 23.82422644476386
3221 23.82369935347399
3222 23.82317048444884
3223 23.8226427982614
3224 23.82212180806455
3225 23.82160826971931
3226 23.82108604819284
3227 23.8205678052026
3228 23.82004567236915
3229 23.81952402734458
3230 23.81900988318863
3231 23.81849652734399
3232 23.81798150977919
3233 23.81746021159926
3234 23.81694306579088
3235 23.81643108798457
3236 23.81591909101972
3237 23.81541048666142
3238 23.81490333008416
3239 23.81439380997401
3240 23.81388290474775
3241 23.81337224376174
3242 23.81286433965085
3243 23.81236003071836
3244 23.81185711919314
3245 23.81135863346878
3246 23.81085284806671
3247 23.8103519965308
3248 23.8098477292093
3249 23.80934608378684
3250 23.80884637402142
3251 23.80835115836118
3252 23.80786044885409
3253 23.80737124646082
3254 23.80687486893353
3255 23.80638324219999
3256 23.80589145896879
3257 23.8053979042421
3258 23.80490918631495
3259 23.8044261652024
3260 23.80394852951255
3261 23.80347161571709
3262 23.80298125700694
3263 23.80249638919287
3264 23.80201706369295
3265 23.80154031154117
3266 23.80106638602133
3267 23.80059652232431
3268 23.80012244358662
3269 23.7996552501378
3270 23.79918167668165
3271 23.79871475992143
3272 23.79825760079716
3273 23.79779674734568
3274 23.79733518407342
3275 23.79687584723488
3276 23.79642015852372
3277 23.79596689192464
3278 23.79551319305189
3279 23.79506440245723
3280 23.79461735991964
3281 23.7941704353667
3282 23.79372468208945
3283 23.79328411381499
3284 23.79284764873351
3285 23.79241526343568
3286 23.79198403707824
3287 23.79155253349742
3288 23.79112159860806
3289 23.79069830204618
3290 23.79027364017099
3291 23.78985058705869
3292 23.78943190886876
3293 23.78901901067122
3294 23.78860672170703
3295 23.78819549059036
3296 23.78779279612672
3297 23.78738761149965
3298 23.78698629384334
3299 23.78658425775835
3300 23.78618738510531
3301 23.78579774380757
3302 23.78540871459299
3303 23.78502862829894
3304 23.78464463472528
3305 23.78426280439748
3306 23.78388520007756
3307 23.78351348067536
3308 23.78313801160797
3309 23.7827755790213
3310 23.78241066535014
3311 23.7820494639932
3312 23.78169212544882
3313 23.78133907303048
3314 23.78098795796501
3315 23.78064207290308
3316 23.78029758794098
3317 23.77995796493253
3318 23.77961884054695
3319 23.7792838898125
3320 23.77896066273252
3321 23.77863755384698
3322 23.77831159132064
3323 23.77798839057127
3324 23.77767391931717
3325 23.77736536654718
3326 23.77705741756517
3327 23.77675077183392
3328 23.77644624427304
3329 23.77614840308418
3330 23.77585749609477
3331 23.77556891137541
3332 23.77528296004294
3333 23.77499983671833
3334 23.77471981172498
3335 23.7744450180992
3336 23.77417516348372
3337 23.77391011130172
3338 23.77364679994101
3339 23.77338621595529
3340 23.77312681556669
3341 23.77287404699478
3342 23.77262774174615
3343 23.7723837914983
3344 23.77214310349877
3345 23.77190738222833
3346 23.77167465511326
3347 23.77144425428933
3348 23.77121882999707
3349 23.77099813927856
3350 23.77078024979853
3351 23.77056670709564
3352 23.7703561579124
3353 23.77014839148799
3354 23.76994531147241
3355 23.76974957068976
3356 23.76955653606682
3357 23.76936497337564
3358 23.76917799584903
3359 23.76899287216109
3360 23.76881143864135
3361 23.76863714413757
3362 23.76846904356767
3363 23.76830336603444
3364 23.76814220137399
3365 23.76798095219231
3366 23.76782286808618
3367 23.76766689340127
3368 23.76751660081689
3369 23.76737298776598
3370 23.76723440279415
3371 23.76709959306194
3372 23.76696668269357
3373 23.76683861640667
3374 23.76671236787941
3375 23.76658966848969
3376 23.76647078270086
3377 23.76635638980407
3378 23.76624458352466
3379 23.76613741604186
3380 23.76603383295155
3381 23.76593453892666
3382 23.76584118521929
3383 23.76574942880431
3384 23.76565936303171
3385 23.76557410710006
3386 23.76549267122072
3387 23.76541506363833
3388 23.76534209768943
3389 23.76527199773509
3390 23.76520628126359
3391 23.76514427122946
3392 23.76508371655187
3393 23.76502815882094
3394 23.76497446853786
3395 23.76492700624538
3396 23.76488232787454
3397 23.76484198151515
3398 23.76480598646005
3399 23.76477176185816
3400 23.76474370529242
3401 23.76471746103235
3402 23.76469331722392
3403 23.76467107710262
3404 23.76465505399802
3405 23.76464104765127
3406 23.76463154777151
3407 23.7646269171547
3408 23.76462660736212
3409 23.76462686230341
3410 23.76463131528678
3411 23.76463986286718
3412 23.76465270858136
3413 23.76466805272586
3414 23.76468572708453
3415 23.76470729726443
3416 23.76473317159984
3417 23.76476331022802
3418 23.76479613024563
3419 23.76483191391178
3420 23.76486978880854
3421 23.76491344588035
3422 23.7649607224926
3423 23.76501058952149
3424 23.76506440562491
3425 23.76511995875235
3426 23.76518044106408
3427 23.76524491576805
3428 23.76531146912616
3429 23.76538075884238
3430 23.76545441103255
3431 23.76553137901164
3432 23.76561252925273
3433 23.76569806125336
3434 23.76578697293733
3435 23.76587791425278
3436 23.76597210623655
3437 23.76607035816462
3438 23.76617125972715
3439 23.76627532823677
3440 23.76638359359115
3441 23.76649566177636
3442 23.76661118296267
3443 23.7667300084496
3444 23.76685223209668
3445 23.76698004062941
3446 23.76710876614982
3447 23.76724180005824
3448 23.76737827736433
3449 23.76751638246925
3450 23.76765793812351
3451 23.76780364110216
3452 23.7679546883868
3453 23.76810815644455
3454 23.76826455579883
3455 23.7684248332733
3456 23.7685894997087
3457 23.76875595756581
3458 23.76892776624584
3459 23.76910295482964
3460 23.76928270618833
3461 23.7694650859276
3462 23.76965094531484
3463 23.76983837198837
3464 23.77003021262252
3465 23.77022690225612
3466 23.77042523545065
3467 23.77062880552657
3468 23.77083606820477
3469 23.77104774020171
3470 23.77126217269842
3471 23.77148110769991
3472 23.7717039340159
3473 23.77192788474904
3474 23.7721544229418
3475 23.77238411026346
3476 23.77259969247499
3477 23.77285590944059
3478 23.77311491666236
3479 23.77336560389657
3480 23.77361133559684
3481 23.77386107004228
3482 23.77411662875226
3483 23.7743793556926
3484 23.7746440648954
3485 23.77491395992851
3486 23.77518459402396
3487 23.77546225590019
3488 23.77574468115141
3489 23.77603230206904
3490 23.77632039088336
3491 23.77661215536466
3492 23.77690732918635
3493 23.777204729959
3494 23.77750697251137
3495 23.77781309390153
3496 23.7781250373423
3497 23.77844183581821
3498 23.77875891301927
3499 23.77908023569558
3500 23.77940667755577
3501 23.77973598323117
3502 23.78007011538721
3503 23.78040903045046
3504 23.78075015079941
3505 23.78109462465633
3506 23.78144195803054
3507 23.78179395267517
3508 23.78215006585259
3509 23.78250949413385
3510 23.78287360794715
3511 23.78324436570081
3512 23.78361570739796
3513 23.78399062123931
3514 23.78437043195986
3515 23.78475182366106
3516 23.78513639849451
3517 23.785528108989
3518 23.7859207059876
3519 23.78631744649346
3520 23.78672069632071
3521 23.78712586347201
3522 23.78753361553907
3523 23.78794608492224
3524 23.78836316603622
3525 23.78878285628001
3526 23.78920696059242
3527 23.78963441657288
3528 23.79006502096015
3529 23.79050210912903
3530 23.79094087857714
3531 23.79138027929627
3532 23.79182451276325
3533 23.79227539650668
3534 23.79273064261401
3535 23.79318648927281
3536 23.79364369958725
3537 23.79410767215577
3538 23.7945772360609
3539 23.7950481302433
3540 23.79552154867726
3541 23.79599950460165
3542 23.79648261975674
3543 23.79696784396949
3544 23.79745648466666
3545 23.79794620930199
3546 23.79844066959974
3547 23.79893868640074
3548 23.79944008787386
3549 23.79994618732211
3550 23.80045480188862
3551 23.80096837790023
3552 23.80148268254207
3553 23.80200210319368
3554 23.80252278260275
3555 23.80304733129685
3556 23.803573772534
3557 23.80410446083386
3558 23.80464007999853
3559 23.80517901956363
3560 23.80572205863994
3561 23.80626599410397
3562 23.80681433216219
3563 23.8073597822422
3564 23.80791186415074
3565 23.80846706282925
3566 23.80902744444397
3567 23.80959332323234
3568 23.81015673083155
3569 23.81072244733471
3570 23.81129075198506
3571 23.81186432803101
3572 23.81244121553504
3573 23.81301994081259
3574 23.81360100894345
3575 23.81418664930095
3576 23.81477537554525
3577 23.8153673690255
3578 23.81595827827005
3579 23.81654794142533
3580 23.81714444799047
3581 23.81774506533135
3582 23.81835050635216
3583 23.8189544248803
3584 23.81955822811215
3585 23.82016714605966
3586 23.82077941749013
3587 23.82139596146555
3588 23.82201298973233
3589 23.82263111001173
3590 23.8232500362375
3591 23.82387147372395
3592 23.82449645285861
3593 23.82512490217495
3594 23.82575592053005
3595 23.82638739116503
3596 23.8270184512954
3597 23.8276552265785
3598 23.82829371743562
3599 23.82893453722875
3600 23.82957456638261
3601 23.83021551509144
3602 23.83085772687292
3603 23.83150363328962
3604 23.83215024785277
3605 23.83279972174759
3606 23.83345420014492
3607 23.83410892139052
3608 23.83476399371648
3609 23.83541936403438
3610 23.83607566065499
3611 23.83673551281296
3612 23.83739414360177
3613 23.83805468692232
3614 23.83871828574841
3615 23.83938487463828
3616 23.84005009113775
3617 23.84071816634085
3618 23.84138940490911
3619 23.84205930341407
3620 23.8427303185343
3621 23.84340117990013
3622 23.84407143577041
3623 23.84474362120412
3624 23.84541997697429
3625 23.84609693505883
3626 23.84677617827488
3627 23.84745443570561
3628 23.8481353938139
3629 23.84881653413198
3630 23.84949613246334
3631 23.85017514149126
3632 23.85085617818282
3633 23.85154083713174
3634 23.85222710840554
3635 23.85291055185618
3636 23.85359196580067
3637 23.85427953916219
3638 23.85496592218819
3639 23.85565293779414
3640 23.85634187819639
3641 23.85702957320241
3642 23.85772135507491
3643 23.85841078304205
3644 23.85909752819997
3645 23.85978535909936
3646 23.86047355588535
3647 23.8611631655541
3648 23.861856466979
3649 23.86255016457331
3650 23.86324248682513
3651 23.86393135030486
3652 23.86462242062567
3653 23.86531503375151
3654 23.86600501801964
3655 23.86670013587816
3656 23.86739384423296
3657 23.86808647367607
3658 23.8687780131587
3659 23.86946570241167
3660 23.87015873561511
3661 23.87085179330154
3662 23.87154397081804
3663 23.87223838187652
3664 23.87293238332365
3665 23.87362678621109
3666 23.8743184613002
3667 23.87500707023985
3668 23.87569678772618
3669 23.87639002086897
3670 23.87707791674889
3671 23.87777012876211
3672 23.87846467210663
3673 23.87915701810359
3674 23.87984815213834
3675 23.88053489267021
3676 23.88122400904073
3677 23.88191569769996
3678 23.8826070566565
3679 23.88329440354678
3680 23.883983006513
3681 23.88467229865449
3682 23.88535801434264
3683 23.88604328644371
3684 23.88672476627064
3685 23.88741748415661
3686 23.88810690376205
3687 23.88879052572426
3688 23.88947540818213
3689 23.89016053478346
3690 23.8908465101947
3691 23.8915288036215
3692 23.89221099221124
3693 23.89289030681777
3694 23.89357605503215
3695 23.8942564525178
3696 23.89493743023252
3697 23.89561856231817
3698 23.89630090988173
3699 23.89697803157672
3700 23.89765622786193
3701 23.89834149006681
3702 23.89901834576569
3703 23.89968861276442
3704 23.90036775118925
3705 23.90104499121132
3706 23.90171768789427
3707 23.90239274271247
3708 23.90306951408346
3709 23.90374168924589
3710 23.90441314387742
3711 23.90508405077014
3712 23.90575634451902
3713 23.90643040175855
3714 23.90710229700476
3715 23.90777141928165
3716 23.90843900386592
3717 23.90910998538395
3718 23.90977812296349
3719 23.91044454102789
3720 23.91111028699711
3721 23.91177813096368
3722 23.91244412531145
3723 23.91310777007633
3724 23.91377159483313
3725 23.91443078666531
3726 23.91509729720237
3727 23.91576034627824
3728 23.91642510690234
3729 23.91708482604752
3730 23.91774798202934
3731 23.91840906662461
3732 23.91906339766673
3733 23.91972648283908
3734 23.92038369752227
3735 23.9210404070287
3736 23.92169872256844
3737 23.92235520332966
3738 23.92297788973782
3739 23.92365672937141
3740 23.92434193086878
3741 23.92500207875289
3742 23.92564552908947
3743 23.92628584952374
3744 23.9269333435154
3745 23.92758828820074
3746 23.92824352055302
3747 23.92889608728649
3748 23.92954768797015
3749 23.93019669506872
3750 23.93084703815677
3751 23.93149810894169
3752 23.9321476000517
3753 23.93279580747192
3754 23.93344389600621
3755 23.93409351024508
3756 23.93473993550141
3757 23.93538799309416
3758 23.93603615202885
3759 23.93668290620672
3760 23.9373289015507
3761 23.93797612761802
3762 23.9386215410136
3763 23.93927031531632
3764 23.93991658018038
3765 23.94055978480372
3766 23.94120157032141
3767 23.94184525763956
3768 23.94248958405024
3769 23.94313467267528
3770 23.94377998628404
3771 23.94442314069516
3772 23.94506597409292
3773 23.94570774067916
3774 23.94635178926988
3775 23.94699672433796
3776 23.94764034339896
3777 23.94828399108531
3778 23.94892651927992
3779 23.94956727051267
3780 23.95020965481507
3781 23.95085242237543
3782 23.95149477249982
3783 23.95213840907809
3784 23.9527799354244
3785 23.95342000891672
3786 23.95406255012395
3787 23.95470478125724
3788 23.95535011352844
3789 23.95599365672182
3790 23.9566347074596
3791 23.95727320136609
3792 23.95791496327191
3793 23.95855911068795
3794 23.95920397560111
3795 23.95984775372007
3796 23.96049106221335
3797 23.96113354874905
3798 23.96177606746008
3799 23.96241757601458
3800 23.96305941197196
3801 23.96370335748088
3802 23.96434638358745
3803 23.9649915468319
3804 23.96563693807013
3805 23.96628111933019
3806 23.96692362383116
3807 23.9675666320086
3808 23.96821325302342
3809 23.96885552314766
3810 23.96950326488301
3811 23.97015101755036
3812 23.97079595514384
3813 23.97143874596047
3814 23.97208640900679
3815 23.97273274848424
3816 23.97338031109004
3817 23.97402587223361
3818 23.97467156823601
3819 23.97531965636887
3820 23.97596757492131
3821 23.97661485582326
3822 23.97726325267244
3823 23.97791125502694
3824 23.97856188346528
3825 23.97921098968905
3826 23.97985952806129
3827 23.98050903218302
3828 23.9811569270155
3829 23.98180636886294
3830 23.98245873122005
3831 23.9831109635921
3832 23.98376061271821
3833 23.98441280299907
3834 23.9850637537284
3835 23.98571540896168
3836 23.98637006887637
3837 23.98701920457365
3838 23.98767210109171
3839 23.98832488229919
3840 23.98897869565661
3841 23.98963164695599
3842 23.99028465830277
3843 23.99094027622209
3844 23.99159266995358
3845 23.99224607167288
3846 23.99290258658569
3847 23.99355933753127
3848 23.99421289904221
3849 23.99486654239463
3850 23.9955233008317
3851 23.99617927773347
3852 23.99683369592098
3853 23.99749049956781
3854 23.99814725554518
3855 23.99880371784841
3856 23.99946104137907
3857 24.00011850553588
3858 24.00077431456141
3859 24.00142950072861
3860 24.00208697105255
3861 24.0027460762679
3862 24.00340348299156
3863 24.00406127960563
3864 24.00471720722465
3865 24.00537509069554
3866 24.00603196225888
3867 24.00668896459911
3868 24.00734544885968
3869 24.00800273218113
3870 24.00866080665484
3871 24.00932175567818
3872 24.00997932059641
3873 24.01063416120317
3874 24.01128988523118
3875 24.01194678843939
3876 24.01260424695563
3877 24.01326052220146
3878 24.01391799459344
3879 24.01457606804732
3880 24.01523072018417
3881 24.01588721765532
3882 24.01654365787369
3883 24.01719932489494
3884 24.01785501141944
3885 24.01851273742684
3886 24.01916652896357
3887 24.01981883502535
3888 24.02047183763819
3889 24.02112428605106
3890 24.02177894918002
3891 24.02243304012802
3892 24.02308673226426
3893 24.02373856270248
3894 24.02439036954121
3895 24.02503922239383
3896 24.02568882672315
3897 24.0263397426789
3898 24.02699045863735
3899 24.02764051642431
3900 24.02828968490175
3901 24.02893924381993
3902 24.02958661036255
3903 24.03023206627609
3904 24.03087682210957
3905 24.03152308062938
3906 24.03216789864075
3907 24.03281225723706
3908 24.03344725598548
3909 24.03410264657612
3910 24.03474499174633
3911 24.0353789182166
3912 24.03602545920473
3913 24.03666729261125
3914 24.0373013086642
3915 24.03793772430233
3916 24.0385747560068
3917 24.0392103485631
3918 24.03984783193475
3919 24.04048450731732
3920 24.04111760993089
3921 24.04174817156808
3922 24.0423796755709
3923 24.04301063286068
3924 24.04363999493202
3925 24.04426907081721
3926 24.04489512628622
3927 24.04552116750962
3928 24.04614676415311
3929 24.0467733545752
3930 24.04739801187185
3931 24.0480190260282
3932 24.04863851829595
3933 24.04925751527785
3934 24.04987654736651
3935 24.05049521852128
3936 24.05111331296906
3937 24.05172653113388
3938 24.0523398937131
3939 24.05295245445796
3940 24.05356415308958
3941 24.05417529463
3942 24.05478198052821
3943 24.0553906033177
3944 24.05599776287128
3945 24.05660392351577
3946 24.05720796431992
3947 24.05781045409947
3948 24.05841170747384
3949 24.05900896375814
3950 24.05960812388765
3951 24.060205581451
3952 24.06080161649463
3953 24.06139525056048
3954 24.06198504871872
3955 24.06257630706508
3956 24.06316860537162
3957 24.06375917412193
3958 24.06434668143158
3959 24.06493209034315
3960 24.06551575685271
3961 24.06609759637815
3962 24.06667816853748
3963 24.06725872749627
3964 24.06783852783458
3965 24.06841571367226
3966 24.06898799959313
3967 24.06956217120172
3968 24.07013581985038
3969 24.07070960765773
3970 24.07127900001077
3971 24.07184563884293
3972 24.07241199189184
3973 24.07297569320556
3974 24.0735391495173
3975 24.07410118065765
3976 24.07466148525834
3977 24.07521980067044
3978 24.07577543357987
3979 24.07633087022837
3980 24.07688524079678
3981 24.07743754155594
3982 24.07798928167749
3983 24.07853896003398
3984 24.07908681980237
3985 24.07963410652302
3986 24.08017763520488
3987 24.08072082812802
3988 24.08126405136158
3989 24.08180432091324
3990 24.08233928256029
3991 24.08287641468045
3992 24.0834122637434
3993 24.08394500042639
3994 24.08447798281905
3995 24.08500950849078
3996 24.08554023409698
3997 24.08606727695804
3998 24.08659121758878
3999 24.08711372203792
4000 24.08763656051461
